<?xml version="1.0" encoding="utf-8"?><testsuites name="pytest tests"><testsuite name="pytest" errors="10" failures="23" skipped="2" tests="111" time="10.049" timestamp="2026-01-20T01:24:47.170682+07:00" hostname="LEVIATHAN"><testcase classname="tests.test_dataset.TestDatasetLoading" name="test_dataset_directory_structure" time="0.006"><error message="failed on setup with &quot;file D:\school\fontdiffusion\tests\test_dataset.py, line 10&#10;      @pytest.mark.dataset&#10;      def test_dataset_directory_structure(self, dataset_dir):&#10;E       fixture 'dataset_dir' not found&#10;&gt;       available fixtures: anyio_backend, anyio_backend_name, anyio_backend_options, assert_gradients_exist, assert_no_inf, assert_no_nan, assert_shape, cache, capfd, capfdbinary, caplog, capsys, capsysbinary, capteesys, cov, device, doctest_namespace, dummy_checkpoint_dir, dummy_data_dir, dummy_style_features, dummy_unet_config, extra, extras, free_tcp_port, free_tcp_port_factory, free_udp_port, free_udp_port_factory, hydra_restore_singletons, hydra_sweep_runner, hydra_task_runner, include_metadata_in_junit_xml, loss_fn, metadata, monkeypatch, no_cover, optimizer_factory, pytestconfig, record_property, record_testsuite_property, record_xml_attribute, recwarn, sample_content_image, sample_noisy_latents, sample_style_image, sample_target_image, sample_timestep, scheduler_factory, seed_everything, simple_encoder, simple_unet, subtests, temp_dir, test_config, testrun_uid, tmp_path, tmp_path_factory, tmpdir, tmpdir_factory, use_small_model, worker_id&#10;&gt;       use 'pytest --fixtures [testpath]' for help on them.&#10;&#10;D:\school\fontdiffusion\tests\test_dataset.py:10&quot;">file D:\school\fontdiffusion\tests\test_dataset.py, line 10
      @pytest.mark.dataset
      def test_dataset_directory_structure(self, dataset_dir):
E       fixture 'dataset_dir' not found
&gt;       available fixtures: anyio_backend, anyio_backend_name, anyio_backend_options, assert_gradients_exist, assert_no_inf, assert_no_nan, assert_shape, cache, capfd, capfdbinary, caplog, capsys, capsysbinary, capteesys, cov, device, doctest_namespace, dummy_checkpoint_dir, dummy_data_dir, dummy_style_features, dummy_unet_config, extra, extras, free_tcp_port, free_tcp_port_factory, free_udp_port, free_udp_port_factory, hydra_restore_singletons, hydra_sweep_runner, hydra_task_runner, include_metadata_in_junit_xml, loss_fn, metadata, monkeypatch, no_cover, optimizer_factory, pytestconfig, record_property, record_testsuite_property, record_xml_attribute, recwarn, sample_content_image, sample_noisy_latents, sample_style_image, sample_target_image, sample_timestep, scheduler_factory, seed_everything, simple_encoder, simple_unet, subtests, temp_dir, test_config, testrun_uid, tmp_path, tmp_path_factory, tmpdir, tmpdir_factory, use_small_model, worker_id
&gt;       use 'pytest --fixtures [testpath]' for help on them.

D:\school\fontdiffusion\tests\test_dataset.py:10</error></testcase><testcase classname="tests.test_dataset.TestDatasetLoading" name="test_image_loading" time="0.002"><error message="failed on setup with &quot;file D:\school\fontdiffusion\tests\test_dataset.py, line 21&#10;      @pytest.mark.dataset&#10;      def test_image_loading(self, dataset_dir):&#10;E       fixture 'dataset_dir' not found&#10;&gt;       available fixtures: anyio_backend, anyio_backend_name, anyio_backend_options, assert_gradients_exist, assert_no_inf, assert_no_nan, assert_shape, cache, capfd, capfdbinary, caplog, capsys, capsysbinary, capteesys, cov, device, doctest_namespace, dummy_checkpoint_dir, dummy_data_dir, dummy_style_features, dummy_unet_config, extra, extras, free_tcp_port, free_tcp_port_factory, free_udp_port, free_udp_port_factory, hydra_restore_singletons, hydra_sweep_runner, hydra_task_runner, include_metadata_in_junit_xml, loss_fn, metadata, monkeypatch, no_cover, optimizer_factory, pytestconfig, record_property, record_testsuite_property, record_xml_attribute, recwarn, sample_content_image, sample_noisy_latents, sample_style_image, sample_target_image, sample_timestep, scheduler_factory, seed_everything, simple_encoder, simple_unet, subtests, temp_dir, test_config, testrun_uid, tmp_path, tmp_path_factory, tmpdir, tmpdir_factory, use_small_model, worker_id&#10;&gt;       use 'pytest --fixtures [testpath]' for help on them.&#10;&#10;D:\school\fontdiffusion\tests\test_dataset.py:21&quot;">file D:\school\fontdiffusion\tests\test_dataset.py, line 21
      @pytest.mark.dataset
      def test_image_loading(self, dataset_dir):
E       fixture 'dataset_dir' not found
&gt;       available fixtures: anyio_backend, anyio_backend_name, anyio_backend_options, assert_gradients_exist, assert_no_inf, assert_no_nan, assert_shape, cache, capfd, capfdbinary, caplog, capsys, capsysbinary, capteesys, cov, device, doctest_namespace, dummy_checkpoint_dir, dummy_data_dir, dummy_style_features, dummy_unet_config, extra, extras, free_tcp_port, free_tcp_port_factory, free_udp_port, free_udp_port_factory, hydra_restore_singletons, hydra_sweep_runner, hydra_task_runner, include_metadata_in_junit_xml, loss_fn, metadata, monkeypatch, no_cover, optimizer_factory, pytestconfig, record_property, record_testsuite_property, record_xml_attribute, recwarn, sample_content_image, sample_noisy_latents, sample_style_image, sample_target_image, sample_timestep, scheduler_factory, seed_everything, simple_encoder, simple_unet, subtests, temp_dir, test_config, testrun_uid, tmp_path, tmp_path_factory, tmpdir, tmpdir_factory, use_small_model, worker_id
&gt;       use 'pytest --fixtures [testpath]' for help on them.

D:\school\fontdiffusion\tests\test_dataset.py:21</error></testcase><testcase classname="tests.test_dataset.TestDatasetLoading" name="test_fontdataset_initialization" time="0.001"><error message="failed on setup with &quot;file D:\school\fontdiffusion\tests\test_dataset.py, line 29&#10;      @pytest.mark.dataset&#10;      @pytest.mark.slow&#10;      def test_fontdataset_initialization(self, dataset_dir):&#10;E       fixture 'dataset_dir' not found&#10;&gt;       available fixtures: anyio_backend, anyio_backend_name, anyio_backend_options, assert_gradients_exist, assert_no_inf, assert_no_nan, assert_shape, cache, capfd, capfdbinary, caplog, capsys, capsysbinary, capteesys, cov, device, doctest_namespace, dummy_checkpoint_dir, dummy_data_dir, dummy_style_features, dummy_unet_config, extra, extras, free_tcp_port, free_tcp_port_factory, free_udp_port, free_udp_port_factory, hydra_restore_singletons, hydra_sweep_runner, hydra_task_runner, include_metadata_in_junit_xml, loss_fn, metadata, monkeypatch, no_cover, optimizer_factory, pytestconfig, record_property, record_testsuite_property, record_xml_attribute, recwarn, sample_content_image, sample_noisy_latents, sample_style_image, sample_target_image, sample_timestep, scheduler_factory, seed_everything, simple_encoder, simple_unet, subtests, temp_dir, test_config, testrun_uid, tmp_path, tmp_path_factory, tmpdir, tmpdir_factory, use_small_model, worker_id&#10;&gt;       use 'pytest --fixtures [testpath]' for help on them.&#10;&#10;D:\school\fontdiffusion\tests\test_dataset.py:29&quot;">file D:\school\fontdiffusion\tests\test_dataset.py, line 29
      @pytest.mark.dataset
      @pytest.mark.slow
      def test_fontdataset_initialization(self, dataset_dir):
E       fixture 'dataset_dir' not found
&gt;       available fixtures: anyio_backend, anyio_backend_name, anyio_backend_options, assert_gradients_exist, assert_no_inf, assert_no_nan, assert_shape, cache, capfd, capfdbinary, caplog, capsys, capsysbinary, capteesys, cov, device, doctest_namespace, dummy_checkpoint_dir, dummy_data_dir, dummy_style_features, dummy_unet_config, extra, extras, free_tcp_port, free_tcp_port_factory, free_udp_port, free_udp_port_factory, hydra_restore_singletons, hydra_sweep_runner, hydra_task_runner, include_metadata_in_junit_xml, loss_fn, metadata, monkeypatch, no_cover, optimizer_factory, pytestconfig, record_property, record_testsuite_property, record_xml_attribute, recwarn, sample_content_image, sample_noisy_latents, sample_style_image, sample_target_image, sample_timestep, scheduler_factory, seed_everything, simple_encoder, simple_unet, subtests, temp_dir, test_config, testrun_uid, tmp_path, tmp_path_factory, tmpdir, tmpdir_factory, use_small_model, worker_id
&gt;       use 'pytest --fixtures [testpath]' for help on them.

D:\school\fontdiffusion\tests\test_dataset.py:29</error></testcase><testcase classname="tests.test_dataset.TestDatasetLoading" name="test_fontdataset_getitem" time="0.001"><error message="failed on setup with &quot;file D:\school\fontdiffusion\tests\test_dataset.py, line 46&#10;      @pytest.mark.dataset&#10;      @pytest.mark.slow&#10;      def test_fontdataset_getitem(self, dataset_dir):&#10;E       fixture 'dataset_dir' not found&#10;&gt;       available fixtures: anyio_backend, anyio_backend_name, anyio_backend_options, assert_gradients_exist, assert_no_inf, assert_no_nan, assert_shape, cache, capfd, capfdbinary, caplog, capsys, capsysbinary, capteesys, cov, device, doctest_namespace, dummy_checkpoint_dir, dummy_data_dir, dummy_style_features, dummy_unet_config, extra, extras, free_tcp_port, free_tcp_port_factory, free_udp_port, free_udp_port_factory, hydra_restore_singletons, hydra_sweep_runner, hydra_task_runner, include_metadata_in_junit_xml, loss_fn, metadata, monkeypatch, no_cover, optimizer_factory, pytestconfig, record_property, record_testsuite_property, record_xml_attribute, recwarn, sample_content_image, sample_noisy_latents, sample_style_image, sample_target_image, sample_timestep, scheduler_factory, seed_everything, simple_encoder, simple_unet, subtests, temp_dir, test_config, testrun_uid, tmp_path, tmp_path_factory, tmpdir, tmpdir_factory, use_small_model, worker_id&#10;&gt;       use 'pytest --fixtures [testpath]' for help on them.&#10;&#10;D:\school\fontdiffusion\tests\test_dataset.py:46&quot;">file D:\school\fontdiffusion\tests\test_dataset.py, line 46
      @pytest.mark.dataset
      @pytest.mark.slow
      def test_fontdataset_getitem(self, dataset_dir):
E       fixture 'dataset_dir' not found
&gt;       available fixtures: anyio_backend, anyio_backend_name, anyio_backend_options, assert_gradients_exist, assert_no_inf, assert_no_nan, assert_shape, cache, capfd, capfdbinary, caplog, capsys, capsysbinary, capteesys, cov, device, doctest_namespace, dummy_checkpoint_dir, dummy_data_dir, dummy_style_features, dummy_unet_config, extra, extras, free_tcp_port, free_tcp_port_factory, free_udp_port, free_udp_port_factory, hydra_restore_singletons, hydra_sweep_runner, hydra_task_runner, include_metadata_in_junit_xml, loss_fn, metadata, monkeypatch, no_cover, optimizer_factory, pytestconfig, record_property, record_testsuite_property, record_xml_attribute, recwarn, sample_content_image, sample_noisy_latents, sample_style_image, sample_target_image, sample_timestep, scheduler_factory, seed_everything, simple_encoder, simple_unet, subtests, temp_dir, test_config, testrun_uid, tmp_path, tmp_path_factory, tmpdir, tmpdir_factory, use_small_model, worker_id
&gt;       use 'pytest --fixtures [testpath]' for help on them.

D:\school\fontdiffusion\tests\test_dataset.py:46</error></testcase><testcase classname="tests.test_dataset.TestDatasetValidation" name="test_image_format_validation" time="0.002"><error message="failed on setup with &quot;file D:\school\fontdiffusion\tests\test_dataset.py, line 72&#10;      @pytest.mark.dataset&#10;      def test_image_format_validation(self, dataset_dir):&#10;E       fixture 'dataset_dir' not found&#10;&gt;       available fixtures: anyio_backend, anyio_backend_name, anyio_backend_options, assert_gradients_exist, assert_no_inf, assert_no_nan, assert_shape, cache, capfd, capfdbinary, caplog, capsys, capsysbinary, capteesys, cov, device, doctest_namespace, dummy_checkpoint_dir, dummy_data_dir, dummy_style_features, dummy_unet_config, extra, extras, free_tcp_port, free_tcp_port_factory, free_udp_port, free_udp_port_factory, hydra_restore_singletons, hydra_sweep_runner, hydra_task_runner, include_metadata_in_junit_xml, loss_fn, metadata, monkeypatch, no_cover, optimizer_factory, pytestconfig, record_property, record_testsuite_property, record_xml_attribute, recwarn, sample_content_image, sample_noisy_latents, sample_style_image, sample_target_image, sample_timestep, scheduler_factory, seed_everything, simple_encoder, simple_unet, subtests, temp_dir, test_config, testrun_uid, tmp_path, tmp_path_factory, tmpdir, tmpdir_factory, use_small_model, worker_id&#10;&gt;       use 'pytest --fixtures [testpath]' for help on them.&#10;&#10;D:\school\fontdiffusion\tests\test_dataset.py:72&quot;">file D:\school\fontdiffusion\tests\test_dataset.py, line 72
      @pytest.mark.dataset
      def test_image_format_validation(self, dataset_dir):
E       fixture 'dataset_dir' not found
&gt;       available fixtures: anyio_backend, anyio_backend_name, anyio_backend_options, assert_gradients_exist, assert_no_inf, assert_no_nan, assert_shape, cache, capfd, capfdbinary, caplog, capsys, capsysbinary, capteesys, cov, device, doctest_namespace, dummy_checkpoint_dir, dummy_data_dir, dummy_style_features, dummy_unet_config, extra, extras, free_tcp_port, free_tcp_port_factory, free_udp_port, free_udp_port_factory, hydra_restore_singletons, hydra_sweep_runner, hydra_task_runner, include_metadata_in_junit_xml, loss_fn, metadata, monkeypatch, no_cover, optimizer_factory, pytestconfig, record_property, record_testsuite_property, record_xml_attribute, recwarn, sample_content_image, sample_noisy_latents, sample_style_image, sample_target_image, sample_timestep, scheduler_factory, seed_everything, simple_encoder, simple_unet, subtests, temp_dir, test_config, testrun_uid, tmp_path, tmp_path_factory, tmpdir, tmpdir_factory, use_small_model, worker_id
&gt;       use 'pytest --fixtures [testpath]' for help on them.

D:\school\fontdiffusion\tests\test_dataset.py:72</error></testcase><testcase classname="tests.test_dataset.TestDatasetValidation" name="test_missing_image_handling" time="0.002"><error message="failed on setup with &quot;file D:\school\fontdiffusion\tests\test_dataset.py, line 82&#10;      @pytest.mark.dataset&#10;      def test_missing_image_handling(self, dataset_dir):&#10;E       fixture 'dataset_dir' not found&#10;&gt;       available fixtures: anyio_backend, anyio_backend_name, anyio_backend_options, assert_gradients_exist, assert_no_inf, assert_no_nan, assert_shape, cache, capfd, capfdbinary, caplog, capsys, capsysbinary, capteesys, cov, device, doctest_namespace, dummy_checkpoint_dir, dummy_data_dir, dummy_style_features, dummy_unet_config, extra, extras, free_tcp_port, free_tcp_port_factory, free_udp_port, free_udp_port_factory, hydra_restore_singletons, hydra_sweep_runner, hydra_task_runner, include_metadata_in_junit_xml, loss_fn, metadata, monkeypatch, no_cover, optimizer_factory, pytestconfig, record_property, record_testsuite_property, record_xml_attribute, recwarn, sample_content_image, sample_noisy_latents, sample_style_image, sample_target_image, sample_timestep, scheduler_factory, seed_everything, simple_encoder, simple_unet, subtests, temp_dir, test_config, testrun_uid, tmp_path, tmp_path_factory, tmpdir, tmpdir_factory, use_small_model, worker_id&#10;&gt;       use 'pytest --fixtures [testpath]' for help on them.&#10;&#10;D:\school\fontdiffusion\tests\test_dataset.py:82&quot;">file D:\school\fontdiffusion\tests\test_dataset.py, line 82
      @pytest.mark.dataset
      def test_missing_image_handling(self, dataset_dir):
E       fixture 'dataset_dir' not found
&gt;       available fixtures: anyio_backend, anyio_backend_name, anyio_backend_options, assert_gradients_exist, assert_no_inf, assert_no_nan, assert_shape, cache, capfd, capfdbinary, caplog, capsys, capsysbinary, capteesys, cov, device, doctest_namespace, dummy_checkpoint_dir, dummy_data_dir, dummy_style_features, dummy_unet_config, extra, extras, free_tcp_port, free_tcp_port_factory, free_udp_port, free_udp_port_factory, hydra_restore_singletons, hydra_sweep_runner, hydra_task_runner, include_metadata_in_junit_xml, loss_fn, metadata, monkeypatch, no_cover, optimizer_factory, pytestconfig, record_property, record_testsuite_property, record_xml_attribute, recwarn, sample_content_image, sample_noisy_latents, sample_style_image, sample_target_image, sample_timestep, scheduler_factory, seed_everything, simple_encoder, simple_unet, subtests, temp_dir, test_config, testrun_uid, tmp_path, tmp_path_factory, tmpdir, tmpdir_factory, use_small_model, worker_id
&gt;       use 'pytest --fixtures [testpath]' for help on them.

D:\school\fontdiffusion\tests\test_dataset.py:82</error></testcase><testcase classname="tests.test_fst_integration.TestFSTModuleIntegration" name="test_fst_forward_backward_flow" time="0.125"><failure message="RuntimeError: Given normalized_shape=[128], expected input with shape [*, 128], but got input of size[2, 128, 640]">tests\test_fst_integration.py:61: in test_fst_forward_backward_flow
    output = fst(source_features, target_features)
             ^^^^^^^^^^^^^^^^^^^^^^^^^^^^^^^^^^^^^
.venv\Lib\site-packages\torch\nn\modules\module.py:1775: in _wrapped_call_impl
    return self._call_impl(*args, **kwargs)
           ^^^^^^^^^^^^^^^^^^^^^^^^^^^^^^^^
.venv\Lib\site-packages\torch\nn\modules\module.py:1786: in _call_impl
    return forward_call(*args, **kwargs)
           ^^^^^^^^^^^^^^^^^^^^^^^^^^^^^
src\modules\fst.py:135: in forward
    L_concat = block(L_concat)
               ^^^^^^^^^^^^^^^
.venv\Lib\site-packages\torch\nn\modules\module.py:1775: in _wrapped_call_impl
    return self._call_impl(*args, **kwargs)
           ^^^^^^^^^^^^^^^^^^^^^^^^^^^^^^^^
.venv\Lib\site-packages\torch\nn\modules\module.py:1786: in _call_impl
    return forward_call(*args, **kwargs)
           ^^^^^^^^^^^^^^^^^^^^^^^^^^^^^
src\modules\fst.py:185: in forward
    x = x + self.attn(self.norm1(x))
                      ^^^^^^^^^^^^^
.venv\Lib\site-packages\torch\nn\modules\module.py:1775: in _wrapped_call_impl
    return self._call_impl(*args, **kwargs)
           ^^^^^^^^^^^^^^^^^^^^^^^^^^^^^^^^
.venv\Lib\site-packages\torch\nn\modules\module.py:1786: in _call_impl
    return forward_call(*args, **kwargs)
           ^^^^^^^^^^^^^^^^^^^^^^^^^^^^^
.venv\Lib\site-packages\torch\nn\modules\normalization.py:229: in forward
    return F.layer_norm(
.venv\Lib\site-packages\torch\nn\functional.py:2901: in layer_norm
    return torch.layer_norm(
E   RuntimeError: Given normalized_shape=[128], expected input with shape [*, 128], but got input of size[2, 128, 640]</failure></testcase><testcase classname="tests.test_fst_integration.TestFSTModuleIntegration" name="test_fst_variable_configs[64-64]" time="0.068"><failure message="RuntimeError: Given normalized_shape=[64], expected input with shape [*, 64], but got input of size[2, 64, 320]">tests\test_fst_integration.py:106: in test_fst_variable_configs
    output = fst(source_features, target_features)
             ^^^^^^^^^^^^^^^^^^^^^^^^^^^^^^^^^^^^^
.venv\Lib\site-packages\torch\nn\modules\module.py:1775: in _wrapped_call_impl
    return self._call_impl(*args, **kwargs)
           ^^^^^^^^^^^^^^^^^^^^^^^^^^^^^^^^
.venv\Lib\site-packages\torch\nn\modules\module.py:1786: in _call_impl
    return forward_call(*args, **kwargs)
           ^^^^^^^^^^^^^^^^^^^^^^^^^^^^^
src\modules\fst.py:135: in forward
    L_concat = block(L_concat)
               ^^^^^^^^^^^^^^^
.venv\Lib\site-packages\torch\nn\modules\module.py:1775: in _wrapped_call_impl
    return self._call_impl(*args, **kwargs)
           ^^^^^^^^^^^^^^^^^^^^^^^^^^^^^^^^
.venv\Lib\site-packages\torch\nn\modules\module.py:1786: in _call_impl
    return forward_call(*args, **kwargs)
           ^^^^^^^^^^^^^^^^^^^^^^^^^^^^^
src\modules\fst.py:185: in forward
    x = x + self.attn(self.norm1(x))
                      ^^^^^^^^^^^^^
.venv\Lib\site-packages\torch\nn\modules\module.py:1775: in _wrapped_call_impl
    return self._call_impl(*args, **kwargs)
           ^^^^^^^^^^^^^^^^^^^^^^^^^^^^^^^^
.venv\Lib\site-packages\torch\nn\modules\module.py:1786: in _call_impl
    return forward_call(*args, **kwargs)
           ^^^^^^^^^^^^^^^^^^^^^^^^^^^^^
.venv\Lib\site-packages\torch\nn\modules\normalization.py:229: in forward
    return F.layer_norm(
.venv\Lib\site-packages\torch\nn\functional.py:2901: in layer_norm
    return torch.layer_norm(
E   RuntimeError: Given normalized_shape=[64], expected input with shape [*, 64], but got input of size[2, 64, 320]</failure></testcase><testcase classname="tests.test_fst_integration.TestFSTModuleIntegration" name="test_fst_variable_configs[128-128]" time="0.095"><failure message="RuntimeError: Given normalized_shape=[128], expected input with shape [*, 128], but got input of size[2, 128, 640]">tests\test_fst_integration.py:106: in test_fst_variable_configs
    output = fst(source_features, target_features)
             ^^^^^^^^^^^^^^^^^^^^^^^^^^^^^^^^^^^^^
.venv\Lib\site-packages\torch\nn\modules\module.py:1775: in _wrapped_call_impl
    return self._call_impl(*args, **kwargs)
           ^^^^^^^^^^^^^^^^^^^^^^^^^^^^^^^^
.venv\Lib\site-packages\torch\nn\modules\module.py:1786: in _call_impl
    return forward_call(*args, **kwargs)
           ^^^^^^^^^^^^^^^^^^^^^^^^^^^^^
src\modules\fst.py:135: in forward
    L_concat = block(L_concat)
               ^^^^^^^^^^^^^^^
.venv\Lib\site-packages\torch\nn\modules\module.py:1775: in _wrapped_call_impl
    return self._call_impl(*args, **kwargs)
           ^^^^^^^^^^^^^^^^^^^^^^^^^^^^^^^^
.venv\Lib\site-packages\torch\nn\modules\module.py:1786: in _call_impl
    return forward_call(*args, **kwargs)
           ^^^^^^^^^^^^^^^^^^^^^^^^^^^^^
src\modules\fst.py:185: in forward
    x = x + self.attn(self.norm1(x))
                      ^^^^^^^^^^^^^
.venv\Lib\site-packages\torch\nn\modules\module.py:1775: in _wrapped_call_impl
    return self._call_impl(*args, **kwargs)
           ^^^^^^^^^^^^^^^^^^^^^^^^^^^^^^^^
.venv\Lib\site-packages\torch\nn\modules\module.py:1786: in _call_impl
    return forward_call(*args, **kwargs)
           ^^^^^^^^^^^^^^^^^^^^^^^^^^^^^
.venv\Lib\site-packages\torch\nn\modules\normalization.py:229: in forward
    return F.layer_norm(
.venv\Lib\site-packages\torch\nn\functional.py:2901: in layer_norm
    return torch.layer_norm(
E   RuntimeError: Given normalized_shape=[128], expected input with shape [*, 128], but got input of size[2, 128, 640]</failure></testcase><testcase classname="tests.test_fst_integration.TestFSTModuleIntegration" name="test_fst_variable_configs[256-128]" time="0.134"><failure message="RuntimeError: Given normalized_shape=[128], expected input with shape [*, 128], but got input of size[2, 256, 640]">tests\test_fst_integration.py:106: in test_fst_variable_configs
    output = fst(source_features, target_features)
             ^^^^^^^^^^^^^^^^^^^^^^^^^^^^^^^^^^^^^
.venv\Lib\site-packages\torch\nn\modules\module.py:1775: in _wrapped_call_impl
    return self._call_impl(*args, **kwargs)
           ^^^^^^^^^^^^^^^^^^^^^^^^^^^^^^^^
.venv\Lib\site-packages\torch\nn\modules\module.py:1786: in _call_impl
    return forward_call(*args, **kwargs)
           ^^^^^^^^^^^^^^^^^^^^^^^^^^^^^
src\modules\fst.py:135: in forward
    L_concat = block(L_concat)
               ^^^^^^^^^^^^^^^
.venv\Lib\site-packages\torch\nn\modules\module.py:1775: in _wrapped_call_impl
    return self._call_impl(*args, **kwargs)
           ^^^^^^^^^^^^^^^^^^^^^^^^^^^^^^^^
.venv\Lib\site-packages\torch\nn\modules\module.py:1786: in _call_impl
    return forward_call(*args, **kwargs)
           ^^^^^^^^^^^^^^^^^^^^^^^^^^^^^
src\modules\fst.py:185: in forward
    x = x + self.attn(self.norm1(x))
                      ^^^^^^^^^^^^^
.venv\Lib\site-packages\torch\nn\modules\module.py:1775: in _wrapped_call_impl
    return self._call_impl(*args, **kwargs)
           ^^^^^^^^^^^^^^^^^^^^^^^^^^^^^^^^
.venv\Lib\site-packages\torch\nn\modules\module.py:1786: in _call_impl
    return forward_call(*args, **kwargs)
           ^^^^^^^^^^^^^^^^^^^^^^^^^^^^^
.venv\Lib\site-packages\torch\nn\modules\normalization.py:229: in forward
    return F.layer_norm(
.venv\Lib\site-packages\torch\nn\functional.py:2901: in layer_norm
    return torch.layer_norm(
E   RuntimeError: Given normalized_shape=[128], expected input with shape [*, 128], but got input of size[2, 256, 640]</failure></testcase><testcase classname="tests.test_fst_integration.TestMSSEIntegration" name="test_msse_output_consistency" time="0.162" /><testcase classname="tests.test_fst_integration.TestMSSEIntegration" name="test_msse_training_mode_variance" time="0.045" /><testcase classname="tests.test_fst_integration.TestFSTWithMSSEPipeline" name="test_msse_to_fst_pipeline" time="0.163"><failure message="RuntimeError: The size of tensor a (128) must match the size of tensor b (64) at non-singleton dimension 1">tests\test_fst_integration.py:188: in test_msse_to_fst_pipeline
    fst_output = fst(source_features, target_features)
                 ^^^^^^^^^^^^^^^^^^^^^^^^^^^^^^^^^^^^^
.venv\Lib\site-packages\torch\nn\modules\module.py:1775: in _wrapped_call_impl
    return self._call_impl(*args, **kwargs)
           ^^^^^^^^^^^^^^^^^^^^^^^^^^^^^^^^
.venv\Lib\site-packages\torch\nn\modules\module.py:1786: in _call_impl
    return forward_call(*args, **kwargs)
           ^^^^^^^^^^^^^^^^^^^^^^^^^^^^^
src\modules\fst.py:108: in forward
    f_src = f_src + pe
            ^^^^^^^^^^
E   RuntimeError: The size of tensor a (128) must match the size of tensor b (64) at non-singleton dimension 1</failure></testcase><testcase classname="tests.test_fst_integration.TestFSTGradientFlow" name="test_fst_learnable_queries_gradients" time="0.080"><failure message="RuntimeError: Given normalized_shape=[128], expected input with shape [*, 128], but got input of size[2, 128, 640]">tests\test_fst_integration.py:222: in test_fst_learnable_queries_gradients
    output = fst(source_features, target_features)
             ^^^^^^^^^^^^^^^^^^^^^^^^^^^^^^^^^^^^^
.venv\Lib\site-packages\torch\nn\modules\module.py:1775: in _wrapped_call_impl
    return self._call_impl(*args, **kwargs)
           ^^^^^^^^^^^^^^^^^^^^^^^^^^^^^^^^
.venv\Lib\site-packages\torch\nn\modules\module.py:1786: in _call_impl
    return forward_call(*args, **kwargs)
           ^^^^^^^^^^^^^^^^^^^^^^^^^^^^^
src\modules\fst.py:135: in forward
    L_concat = block(L_concat)
               ^^^^^^^^^^^^^^^
.venv\Lib\site-packages\torch\nn\modules\module.py:1775: in _wrapped_call_impl
    return self._call_impl(*args, **kwargs)
           ^^^^^^^^^^^^^^^^^^^^^^^^^^^^^^^^
.venv\Lib\site-packages\torch\nn\modules\module.py:1786: in _call_impl
    return forward_call(*args, **kwargs)
           ^^^^^^^^^^^^^^^^^^^^^^^^^^^^^
src\modules\fst.py:185: in forward
    x = x + self.attn(self.norm1(x))
                      ^^^^^^^^^^^^^
.venv\Lib\site-packages\torch\nn\modules\module.py:1775: in _wrapped_call_impl
    return self._call_impl(*args, **kwargs)
           ^^^^^^^^^^^^^^^^^^^^^^^^^^^^^^^^
.venv\Lib\site-packages\torch\nn\modules\module.py:1786: in _call_impl
    return forward_call(*args, **kwargs)
           ^^^^^^^^^^^^^^^^^^^^^^^^^^^^^
.venv\Lib\site-packages\torch\nn\modules\normalization.py:229: in forward
    return F.layer_norm(
.venv\Lib\site-packages\torch\nn\functional.py:2901: in layer_norm
    return torch.layer_norm(
E   RuntimeError: Given normalized_shape=[128], expected input with shape [*, 128], but got input of size[2, 128, 640]</failure></testcase><testcase classname="tests.test_fst_integration.TestFSTGradientFlow" name="test_fst_positional_encoding_gradients" time="0.098"><failure message="RuntimeError: Given normalized_shape=[128], expected input with shape [*, 128], but got input of size[2, 128, 640]">tests\test_fst_integration.py:250: in test_fst_positional_encoding_gradients
    output = fst(source_features, target_features)
             ^^^^^^^^^^^^^^^^^^^^^^^^^^^^^^^^^^^^^
.venv\Lib\site-packages\torch\nn\modules\module.py:1775: in _wrapped_call_impl
    return self._call_impl(*args, **kwargs)
           ^^^^^^^^^^^^^^^^^^^^^^^^^^^^^^^^
.venv\Lib\site-packages\torch\nn\modules\module.py:1786: in _call_impl
    return forward_call(*args, **kwargs)
           ^^^^^^^^^^^^^^^^^^^^^^^^^^^^^
src\modules\fst.py:135: in forward
    L_concat = block(L_concat)
               ^^^^^^^^^^^^^^^
.venv\Lib\site-packages\torch\nn\modules\module.py:1775: in _wrapped_call_impl
    return self._call_impl(*args, **kwargs)
           ^^^^^^^^^^^^^^^^^^^^^^^^^^^^^^^^
.venv\Lib\site-packages\torch\nn\modules\module.py:1786: in _call_impl
    return forward_call(*args, **kwargs)
           ^^^^^^^^^^^^^^^^^^^^^^^^^^^^^
src\modules\fst.py:185: in forward
    x = x + self.attn(self.norm1(x))
                      ^^^^^^^^^^^^^
.venv\Lib\site-packages\torch\nn\modules\module.py:1775: in _wrapped_call_impl
    return self._call_impl(*args, **kwargs)
           ^^^^^^^^^^^^^^^^^^^^^^^^^^^^^^^^
.venv\Lib\site-packages\torch\nn\modules\module.py:1786: in _call_impl
    return forward_call(*args, **kwargs)
           ^^^^^^^^^^^^^^^^^^^^^^^^^^^^^
.venv\Lib\site-packages\torch\nn\modules\normalization.py:229: in forward
    return F.layer_norm(
.venv\Lib\site-packages\torch\nn\functional.py:2901: in layer_norm
    return torch.layer_norm(
E   RuntimeError: Given normalized_shape=[128], expected input with shape [*, 128], but got input of size[2, 128, 640]</failure></testcase><testcase classname="tests.test_fst_integration.TestFSTGradientFlow" name="test_fst_projection_layers_gradients" time="0.077"><failure message="RuntimeError: Given normalized_shape=[128], expected input with shape [*, 128], but got input of size[2, 128, 640]">tests\test_fst_integration.py:278: in test_fst_projection_layers_gradients
    output = fst(source_features, target_features)
             ^^^^^^^^^^^^^^^^^^^^^^^^^^^^^^^^^^^^^
.venv\Lib\site-packages\torch\nn\modules\module.py:1775: in _wrapped_call_impl
    return self._call_impl(*args, **kwargs)
           ^^^^^^^^^^^^^^^^^^^^^^^^^^^^^^^^
.venv\Lib\site-packages\torch\nn\modules\module.py:1786: in _call_impl
    return forward_call(*args, **kwargs)
           ^^^^^^^^^^^^^^^^^^^^^^^^^^^^^
src\modules\fst.py:135: in forward
    L_concat = block(L_concat)
               ^^^^^^^^^^^^^^^
.venv\Lib\site-packages\torch\nn\modules\module.py:1775: in _wrapped_call_impl
    return self._call_impl(*args, **kwargs)
           ^^^^^^^^^^^^^^^^^^^^^^^^^^^^^^^^
.venv\Lib\site-packages\torch\nn\modules\module.py:1786: in _call_impl
    return forward_call(*args, **kwargs)
           ^^^^^^^^^^^^^^^^^^^^^^^^^^^^^
src\modules\fst.py:185: in forward
    x = x + self.attn(self.norm1(x))
                      ^^^^^^^^^^^^^
.venv\Lib\site-packages\torch\nn\modules\module.py:1775: in _wrapped_call_impl
    return self._call_impl(*args, **kwargs)
           ^^^^^^^^^^^^^^^^^^^^^^^^^^^^^^^^
.venv\Lib\site-packages\torch\nn\modules\module.py:1786: in _call_impl
    return forward_call(*args, **kwargs)
           ^^^^^^^^^^^^^^^^^^^^^^^^^^^^^
.venv\Lib\site-packages\torch\nn\modules\normalization.py:229: in forward
    return F.layer_norm(
.venv\Lib\site-packages\torch\nn\functional.py:2901: in layer_norm
    return torch.layer_norm(
E   RuntimeError: Given normalized_shape=[128], expected input with shape [*, 128], but got input of size[2, 128, 640]</failure></testcase><testcase classname="tests.test_fst_integration.TestFSTOverfitting" name="test_fst_batch_overfitting" time="0.082"><failure message="RuntimeError: Given normalized_shape=[128], expected input with shape [*, 128], but got input of size[2, 128, 640]">tests\test_fst_integration.py:323: in test_fst_batch_overfitting
    output = fst(source_features, target_features)
             ^^^^^^^^^^^^^^^^^^^^^^^^^^^^^^^^^^^^^
.venv\Lib\site-packages\torch\nn\modules\module.py:1775: in _wrapped_call_impl
    return self._call_impl(*args, **kwargs)
           ^^^^^^^^^^^^^^^^^^^^^^^^^^^^^^^^
.venv\Lib\site-packages\torch\nn\modules\module.py:1786: in _call_impl
    return forward_call(*args, **kwargs)
           ^^^^^^^^^^^^^^^^^^^^^^^^^^^^^
src\modules\fst.py:135: in forward
    L_concat = block(L_concat)
               ^^^^^^^^^^^^^^^
.venv\Lib\site-packages\torch\nn\modules\module.py:1775: in _wrapped_call_impl
    return self._call_impl(*args, **kwargs)
           ^^^^^^^^^^^^^^^^^^^^^^^^^^^^^^^^
.venv\Lib\site-packages\torch\nn\modules\module.py:1786: in _call_impl
    return forward_call(*args, **kwargs)
           ^^^^^^^^^^^^^^^^^^^^^^^^^^^^^
src\modules\fst.py:185: in forward
    x = x + self.attn(self.norm1(x))
                      ^^^^^^^^^^^^^
.venv\Lib\site-packages\torch\nn\modules\module.py:1775: in _wrapped_call_impl
    return self._call_impl(*args, **kwargs)
           ^^^^^^^^^^^^^^^^^^^^^^^^^^^^^^^^
.venv\Lib\site-packages\torch\nn\modules\module.py:1786: in _call_impl
    return forward_call(*args, **kwargs)
           ^^^^^^^^^^^^^^^^^^^^^^^^^^^^^
.venv\Lib\site-packages\torch\nn\modules\normalization.py:229: in forward
    return F.layer_norm(
.venv\Lib\site-packages\torch\nn\functional.py:2901: in layer_norm
    return torch.layer_norm(
E   RuntimeError: Given normalized_shape=[128], expected input with shape [*, 128], but got input of size[2, 128, 640]</failure></testcase><testcase classname="tests.test_fst_integration.TestMSSEOverfitting" name="test_msse_can_memorize" time="0.017"><failure message="RuntimeError: The size of tensor a (24) must match the size of tensor b (48) at non-singleton dimension 3">tests\test_fst_integration.py:375: in test_msse_can_memorize
    loss += loss_fn(feat, target)
            ^^^^^^^^^^^^^^^^^^^^^
.venv\Lib\site-packages\torch\nn\modules\module.py:1775: in _wrapped_call_impl
    return self._call_impl(*args, **kwargs)
           ^^^^^^^^^^^^^^^^^^^^^^^^^^^^^^^^
.venv\Lib\site-packages\torch\nn\modules\module.py:1786: in _call_impl
    return forward_call(*args, **kwargs)
           ^^^^^^^^^^^^^^^^^^^^^^^^^^^^^
.venv\Lib\site-packages\torch\nn\modules\loss.py:634: in forward
    return F.mse_loss(input, target, reduction=self.reduction)
           ^^^^^^^^^^^^^^^^^^^^^^^^^^^^^^^^^^^^^^^^^^^^^^^^^^^
.venv\Lib\site-packages\torch\nn\functional.py:3864: in mse_loss
    expanded_input, expanded_target = torch.broadcast_tensors(input, target)
                                      ^^^^^^^^^^^^^^^^^^^^^^^^^^^^^^^^^^^^^^
.venv\Lib\site-packages\torch\functional.py:77: in broadcast_tensors
    return _VF.broadcast_tensors(tensors)  # type: ignore[attr-defined]
           ^^^^^^^^^^^^^^^^^^^^^^^^^^^^^^
E   RuntimeError: The size of tensor a (24) must match the size of tensor b (48) at non-singleton dimension 3</failure></testcase><testcase classname="tests.test_inference.TestInferencePipeline" name="test_noise_scheduler_initialization" time="0.003" /><testcase classname="tests.test_inference.TestInferencePipeline" name="test_latent_encoding" time="0.002" /><testcase classname="tests.test_inference.TestInferencePipeline" name="test_denoising_loop" time="0.002" /><testcase classname="tests.test_inference.TestInferencePipeline" name="test_image_post_processing" time="0.002" /><testcase classname="tests.test_inference.TestInferencePipeline" name="test_batch_inference" time="0.001" /><testcase classname="tests.test_model.TestFontDiffuserWithFST" name="test_model_initialization" time="0.143"><failure message="AttributeError: Mock object has no attribute 'config'">tests\test_model.py:22: in test_model_initialization
    model = FontDiffuserWithFST(
src\model.py:59: in __init__
    self.diffusion_unet.config, "cross_attention_dim", 1280
    ^^^^^^^^^^^^^^^^^^^^^^^^^^
C:\Users\Dung Pham\AppData\Roaming\uv\python\cpython-3.12.0-windows-x86_64-none\Lib\unittest\mock.py:658: in __getattr__
    raise AttributeError("Mock object has no attribute %r" % name)
E   AttributeError: Mock object has no attribute 'config'</failure></testcase><testcase classname="tests.test_model.TestFontDiffuserWithFST" name="test_forward_pass_shapes" time="0.002"><error message="failed on setup with &quot;file D:\school\fontdiffusion\tests\test_model.py, line 37&#10;      @pytest.mark.unit&#10;      def test_forward_pass_shapes(&#10;E       fixture 'sample_latents' not found&#10;&gt;       available fixtures: anyio_backend, anyio_backend_name, anyio_backend_options, assert_gradients_exist, assert_no_inf, assert_no_nan, assert_shape, cache, capfd, capfdbinary, caplog, capsys, capsysbinary, capteesys, cov, device, doctest_namespace, dummy_checkpoint_dir, dummy_data_dir, dummy_style_features, dummy_unet_config, extra, extras, free_tcp_port, free_tcp_port_factory, free_udp_port, free_udp_port_factory, hydra_restore_singletons, hydra_sweep_runner, hydra_task_runner, include_metadata_in_junit_xml, loss_fn, metadata, monkeypatch, no_cover, optimizer_factory, pytestconfig, record_property, record_testsuite_property, record_xml_attribute, recwarn, sample_content_image, sample_noisy_latents, sample_style_image, sample_target_image, sample_timestep, scheduler_factory, seed_everything, simple_encoder, simple_unet, subtests, temp_dir, test_config, testrun_uid, tmp_path, tmp_path_factory, tmpdir, tmpdir_factory, use_small_model, worker_id&#10;&gt;       use 'pytest --fixtures [testpath]' for help on them.&#10;&#10;D:\school\fontdiffusion\tests\test_model.py:37&quot;">file D:\school\fontdiffusion\tests\test_model.py, line 37
      @pytest.mark.unit
      def test_forward_pass_shapes(
E       fixture 'sample_latents' not found
&gt;       available fixtures: anyio_backend, anyio_backend_name, anyio_backend_options, assert_gradients_exist, assert_no_inf, assert_no_nan, assert_shape, cache, capfd, capfdbinary, caplog, capsys, capsysbinary, capteesys, cov, device, doctest_namespace, dummy_checkpoint_dir, dummy_data_dir, dummy_style_features, dummy_unet_config, extra, extras, free_tcp_port, free_tcp_port_factory, free_udp_port, free_udp_port_factory, hydra_restore_singletons, hydra_sweep_runner, hydra_task_runner, include_metadata_in_junit_xml, loss_fn, metadata, monkeypatch, no_cover, optimizer_factory, pytestconfig, record_property, record_testsuite_property, record_xml_attribute, recwarn, sample_content_image, sample_noisy_latents, sample_style_image, sample_target_image, sample_timestep, scheduler_factory, seed_everything, simple_encoder, simple_unet, subtests, temp_dir, test_config, testrun_uid, tmp_path, tmp_path_factory, tmpdir, tmpdir_factory, use_small_model, worker_id
&gt;       use 'pytest --fixtures [testpath]' for help on them.

D:\school\fontdiffusion\tests\test_model.py:37</error></testcase><testcase classname="tests.test_model.TestFontDiffuserWithFST" name="test_get_loss_dict" time="0.002"><error message="failed on setup with &quot;file D:\school\fontdiffusion\tests\test_model.py, line 85&#10;      @pytest.mark.unit&#10;      def test_get_loss_dict(self, sample_latents):&#10;E       fixture 'sample_latents' not found&#10;&gt;       available fixtures: anyio_backend, anyio_backend_name, anyio_backend_options, assert_gradients_exist, assert_no_inf, assert_no_nan, assert_shape, cache, capfd, capfdbinary, caplog, capsys, capsysbinary, capteesys, cov, device, doctest_namespace, dummy_checkpoint_dir, dummy_data_dir, dummy_style_features, dummy_unet_config, extra, extras, free_tcp_port, free_tcp_port_factory, free_udp_port, free_udp_port_factory, hydra_restore_singletons, hydra_sweep_runner, hydra_task_runner, include_metadata_in_junit_xml, loss_fn, metadata, monkeypatch, no_cover, optimizer_factory, pytestconfig, record_property, record_testsuite_property, record_xml_attribute, recwarn, sample_content_image, sample_noisy_latents, sample_style_image, sample_target_image, sample_timestep, scheduler_factory, seed_everything, simple_encoder, simple_unet, subtests, temp_dir, test_config, testrun_uid, tmp_path, tmp_path_factory, tmpdir, tmpdir_factory, use_small_model, worker_id&#10;&gt;       use 'pytest --fixtures [testpath]' for help on them.&#10;&#10;D:\school\fontdiffusion\tests\test_model.py:85&quot;">file D:\school\fontdiffusion\tests\test_model.py, line 85
      @pytest.mark.unit
      def test_get_loss_dict(self, sample_latents):
E       fixture 'sample_latents' not found
&gt;       available fixtures: anyio_backend, anyio_backend_name, anyio_backend_options, assert_gradients_exist, assert_no_inf, assert_no_nan, assert_shape, cache, capfd, capfdbinary, caplog, capsys, capsysbinary, capteesys, cov, device, doctest_namespace, dummy_checkpoint_dir, dummy_data_dir, dummy_style_features, dummy_unet_config, extra, extras, free_tcp_port, free_tcp_port_factory, free_udp_port, free_udp_port_factory, hydra_restore_singletons, hydra_sweep_runner, hydra_task_runner, include_metadata_in_junit_xml, loss_fn, metadata, monkeypatch, no_cover, optimizer_factory, pytestconfig, record_property, record_testsuite_property, record_xml_attribute, recwarn, sample_content_image, sample_noisy_latents, sample_style_image, sample_target_image, sample_timestep, scheduler_factory, seed_everything, simple_encoder, simple_unet, subtests, temp_dir, test_config, testrun_uid, tmp_path, tmp_path_factory, tmpdir, tmpdir_factory, use_small_model, worker_id
&gt;       use 'pytest --fixtures [testpath]' for help on them.

D:\school\fontdiffusion\tests\test_model.py:85</error></testcase><testcase classname="tests.test_model.TestFontDiffuserModel" name="test_fontdiffuser_model_forward" time="0.004" /><testcase classname="tests.test_modules.TestContentEncoder" name="test_content_encoder_mock" time="0.001"><skipped type="pytest.skip" message="ContentEncoder import or initialization failed">D:\school\fontdiffusion\tests\test_modules.py:21: ContentEncoder import or initialization failed</skipped></testcase><testcase classname="tests.test_modules.TestContentEncoder" name="test_content_encoder_forward" time="0.002" /><testcase classname="tests.test_modules.TestStyleEncoder" name="test_style_encoder_mock" time="0.002"><skipped type="pytest.skip" message="StyleEncoder import or initialization failed">D:\school\fontdiffusion\tests\test_modules.py:55: StyleEncoder import or initialization failed</skipped></testcase><testcase classname="tests.test_modules.TestStyleEncoder" name="test_style_encoder_forward" time="0.003" /><testcase classname="tests.test_modules.TestUNet" name="test_unet_mock_forward" time="0.002" /><testcase classname="tests.test_tier1_shapes.TestMultiScaleStyleEncoderShapes" name="test_msse_output_shapes[1-5]" time="0.169" /><testcase classname="tests.test_tier1_shapes.TestMultiScaleStyleEncoderShapes" name="test_msse_output_shapes[2-5]" time="0.145" /><testcase classname="tests.test_tier1_shapes.TestMultiScaleStyleEncoderShapes" name="test_msse_output_shapes[4-5]" time="0.135" /><testcase classname="tests.test_tier1_shapes.TestMultiScaleStyleEncoderShapes" name="test_msse_output_shapes[8-3]" time="0.027" /><testcase classname="tests.test_tier1_shapes.TestMultiScaleStyleEncoderShapes" name="test_msse_variable_input_channels[1]" time="0.014" /><testcase classname="tests.test_tier1_shapes.TestMultiScaleStyleEncoderShapes" name="test_msse_variable_input_channels[3]" time="0.017" /><testcase classname="tests.test_tier1_shapes.TestFSTModuleShapes" name="test_fst_output_shape[1-128]" time="0.044"><failure message="RuntimeError: Given normalized_shape=[128], expected input with shape [*, 128], but got input of size[1, 128, 640]">tests\test_tier1_shapes.py:121: in test_fst_output_shape
    output = fst(source_features, target_features)
             ^^^^^^^^^^^^^^^^^^^^^^^^^^^^^^^^^^^^^
.venv\Lib\site-packages\torch\nn\modules\module.py:1775: in _wrapped_call_impl
    return self._call_impl(*args, **kwargs)
           ^^^^^^^^^^^^^^^^^^^^^^^^^^^^^^^^
.venv\Lib\site-packages\torch\nn\modules\module.py:1786: in _call_impl
    return forward_call(*args, **kwargs)
           ^^^^^^^^^^^^^^^^^^^^^^^^^^^^^
src\modules\fst.py:135: in forward
    L_concat = block(L_concat)
               ^^^^^^^^^^^^^^^
.venv\Lib\site-packages\torch\nn\modules\module.py:1775: in _wrapped_call_impl
    return self._call_impl(*args, **kwargs)
           ^^^^^^^^^^^^^^^^^^^^^^^^^^^^^^^^
.venv\Lib\site-packages\torch\nn\modules\module.py:1786: in _call_impl
    return forward_call(*args, **kwargs)
           ^^^^^^^^^^^^^^^^^^^^^^^^^^^^^
src\modules\fst.py:185: in forward
    x = x + self.attn(self.norm1(x))
                      ^^^^^^^^^^^^^
.venv\Lib\site-packages\torch\nn\modules\module.py:1775: in _wrapped_call_impl
    return self._call_impl(*args, **kwargs)
           ^^^^^^^^^^^^^^^^^^^^^^^^^^^^^^^^
.venv\Lib\site-packages\torch\nn\modules\module.py:1786: in _call_impl
    return forward_call(*args, **kwargs)
           ^^^^^^^^^^^^^^^^^^^^^^^^^^^^^
.venv\Lib\site-packages\torch\nn\modules\normalization.py:229: in forward
    return F.layer_norm(
.venv\Lib\site-packages\torch\nn\functional.py:2901: in layer_norm
    return torch.layer_norm(
E   RuntimeError: Given normalized_shape=[128], expected input with shape [*, 128], but got input of size[1, 128, 640]</failure></testcase><testcase classname="tests.test_tier1_shapes.TestFSTModuleShapes" name="test_fst_output_shape[2-256]" time="0.103"><failure message="RuntimeError: Given normalized_shape=[128], expected input with shape [*, 128], but got input of size[2, 256, 640]">tests\test_tier1_shapes.py:121: in test_fst_output_shape
    output = fst(source_features, target_features)
             ^^^^^^^^^^^^^^^^^^^^^^^^^^^^^^^^^^^^^
.venv\Lib\site-packages\torch\nn\modules\module.py:1775: in _wrapped_call_impl
    return self._call_impl(*args, **kwargs)
           ^^^^^^^^^^^^^^^^^^^^^^^^^^^^^^^^
.venv\Lib\site-packages\torch\nn\modules\module.py:1786: in _call_impl
    return forward_call(*args, **kwargs)
           ^^^^^^^^^^^^^^^^^^^^^^^^^^^^^
src\modules\fst.py:135: in forward
    L_concat = block(L_concat)
               ^^^^^^^^^^^^^^^
.venv\Lib\site-packages\torch\nn\modules\module.py:1775: in _wrapped_call_impl
    return self._call_impl(*args, **kwargs)
           ^^^^^^^^^^^^^^^^^^^^^^^^^^^^^^^^
.venv\Lib\site-packages\torch\nn\modules\module.py:1786: in _call_impl
    return forward_call(*args, **kwargs)
           ^^^^^^^^^^^^^^^^^^^^^^^^^^^^^
src\modules\fst.py:185: in forward
    x = x + self.attn(self.norm1(x))
                      ^^^^^^^^^^^^^
.venv\Lib\site-packages\torch\nn\modules\module.py:1775: in _wrapped_call_impl
    return self._call_impl(*args, **kwargs)
           ^^^^^^^^^^^^^^^^^^^^^^^^^^^^^^^^
.venv\Lib\site-packages\torch\nn\modules\module.py:1786: in _call_impl
    return forward_call(*args, **kwargs)
           ^^^^^^^^^^^^^^^^^^^^^^^^^^^^^
.venv\Lib\site-packages\torch\nn\modules\normalization.py:229: in forward
    return F.layer_norm(
.venv\Lib\site-packages\torch\nn\functional.py:2901: in layer_norm
    return torch.layer_norm(
E   RuntimeError: Given normalized_shape=[128], expected input with shape [*, 128], but got input of size[2, 256, 640]</failure></testcase><testcase classname="tests.test_tier1_shapes.TestFSTModuleShapes" name="test_fst_output_shape[4-256]" time="0.201"><failure message="RuntimeError: Given normalized_shape=[128], expected input with shape [*, 128], but got input of size[4, 256, 640]">tests\test_tier1_shapes.py:121: in test_fst_output_shape
    output = fst(source_features, target_features)
             ^^^^^^^^^^^^^^^^^^^^^^^^^^^^^^^^^^^^^
.venv\Lib\site-packages\torch\nn\modules\module.py:1775: in _wrapped_call_impl
    return self._call_impl(*args, **kwargs)
           ^^^^^^^^^^^^^^^^^^^^^^^^^^^^^^^^
.venv\Lib\site-packages\torch\nn\modules\module.py:1786: in _call_impl
    return forward_call(*args, **kwargs)
           ^^^^^^^^^^^^^^^^^^^^^^^^^^^^^
src\modules\fst.py:135: in forward
    L_concat = block(L_concat)
               ^^^^^^^^^^^^^^^
.venv\Lib\site-packages\torch\nn\modules\module.py:1775: in _wrapped_call_impl
    return self._call_impl(*args, **kwargs)
           ^^^^^^^^^^^^^^^^^^^^^^^^^^^^^^^^
.venv\Lib\site-packages\torch\nn\modules\module.py:1786: in _call_impl
    return forward_call(*args, **kwargs)
           ^^^^^^^^^^^^^^^^^^^^^^^^^^^^^
src\modules\fst.py:185: in forward
    x = x + self.attn(self.norm1(x))
                      ^^^^^^^^^^^^^
.venv\Lib\site-packages\torch\nn\modules\module.py:1775: in _wrapped_call_impl
    return self._call_impl(*args, **kwargs)
           ^^^^^^^^^^^^^^^^^^^^^^^^^^^^^^^^
.venv\Lib\site-packages\torch\nn\modules\module.py:1786: in _call_impl
    return forward_call(*args, **kwargs)
           ^^^^^^^^^^^^^^^^^^^^^^^^^^^^^
.venv\Lib\site-packages\torch\nn\modules\normalization.py:229: in forward
    return F.layer_norm(
.venv\Lib\site-packages\torch\nn\functional.py:2901: in layer_norm
    return torch.layer_norm(
E   RuntimeError: Given normalized_shape=[128], expected input with shape [*, 128], but got input of size[4, 256, 640]</failure></testcase><testcase classname="tests.test_tier1_shapes.TestFSTModuleShapes" name="test_fst_gradient_flow" time="0.016"><failure message="TypeError: randn() received an invalid combination of arguments - got (channels=int, batch_size=int, height=int, width=int, device=torch.device, requires_grad=bool, ), but expected one of:&#10; * (tuple of ints size, *, torch.Generator generator, tuple of names names, torch.dtype dtype = None, torch.layout layout = None, torch.device device = None, bool pin_memory = False, bool requires_grad = False)&#10; * (tuple of ints size, *, torch.Generator generator, Tensor out = None, torch.dtype dtype = None, torch.layout layout = None, torch.device device = None, bool pin_memory = False, bool requires_grad = False)&#10; * (tuple of ints size, *, Tensor out = None, torch.dtype dtype = None, torch.layout layout = None, torch.device device = None, bool pin_memory = False, bool requires_grad = False)&#10; * (tuple of ints size, *, tuple of names names, torch.dtype dtype = None, torch.layout layout = None, torch.device device = None, bool pin_memory = False, bool requires_grad = False)">tests\test_tier1_shapes.py:150: in test_fst_gradient_flow
    src_feat = torch.randn(
E   TypeError: randn() received an invalid combination of arguments - got (channels=int, batch_size=int, height=int, width=int, device=torch.device, requires_grad=bool, ), but expected one of:
E    * (tuple of ints size, *, torch.Generator generator, tuple of names names, torch.dtype dtype = None, torch.layout layout = None, torch.device device = None, bool pin_memory = False, bool requires_grad = False)
E    * (tuple of ints size, *, torch.Generator generator, Tensor out = None, torch.dtype dtype = None, torch.layout layout = None, torch.device device = None, bool pin_memory = False, bool requires_grad = False)
E    * (tuple of ints size, *, Tensor out = None, torch.dtype dtype = None, torch.layout layout = None, torch.device device = None, bool pin_memory = False, bool requires_grad = False)
E    * (tuple of ints size, *, tuple of names names, torch.dtype dtype = None, torch.layout layout = None, torch.device device = None, bool pin_memory = False, bool requires_grad = False)</failure></testcase><testcase classname="tests.test_tier1_shapes.TestResidualBlockShapes" name="test_residual_block_shapes[64-128-True]" time="0.015" /><testcase classname="tests.test_tier1_shapes.TestResidualBlockShapes" name="test_residual_block_shapes[128-128-False]" time="0.041" /><testcase classname="tests.test_tier1_shapes.TestResidualBlockShapes" name="test_residual_block_shapes[256-512-True]" time="0.101" /><testcase classname="tests.test_tier1_shapes.TestVGG16PerceptualLossShapes" name="test_vgg16_forward_pass" time="0.589" /><testcase classname="tests.test_tier1_shapes.TestVGG16PerceptualLossShapes" name="test_content_perceptual_loss_shapes" time="0.522" /><testcase classname="tests.test_tier1_shapes.TestTensorNaNDetection" name="test_no_nan_with_normal_initialization" time="0.013" /><testcase classname="tests.test_tier1_shapes.TestTensorNaNDetection" name="test_nan_with_extreme_values" time="0.002" /><testcase classname="tests.test_tier1_shapes.TestGradientExplosion" name="test_gradient_magnitude_after_backward" time="0.003" /><testcase classname="tests.test_tier1_shapes.TestBatchSizeVariability" name="test_encoder_variable_batch_size[1]" time="0.002"><failure message="ModuleNotFoundError: No module named 'conftest'">tests\test_tier1_shapes.py:313: in test_encoder_variable_batch_size
    from conftest import SimpleEncoder
E   ModuleNotFoundError: No module named 'conftest'</failure></testcase><testcase classname="tests.test_tier1_shapes.TestBatchSizeVariability" name="test_encoder_variable_batch_size[2]" time="0.002"><failure message="ModuleNotFoundError: No module named 'conftest'">tests\test_tier1_shapes.py:313: in test_encoder_variable_batch_size
    from conftest import SimpleEncoder
E   ModuleNotFoundError: No module named 'conftest'</failure></testcase><testcase classname="tests.test_tier1_shapes.TestBatchSizeVariability" name="test_encoder_variable_batch_size[4]" time="0.003"><failure message="ModuleNotFoundError: No module named 'conftest'">tests\test_tier1_shapes.py:313: in test_encoder_variable_batch_size
    from conftest import SimpleEncoder
E   ModuleNotFoundError: No module named 'conftest'</failure></testcase><testcase classname="tests.test_tier1_shapes.TestBatchSizeVariability" name="test_encoder_variable_batch_size[8]" time="0.003"><failure message="ModuleNotFoundError: No module named 'conftest'">tests\test_tier1_shapes.py:313: in test_encoder_variable_batch_size
    from conftest import SimpleEncoder
E   ModuleNotFoundError: No module named 'conftest'</failure></testcase><testcase classname="tests.test_tier2_overfit.TestOverfitSingleBatch" name="test_simple_generator_overfits_batch" time="0.188" /><testcase classname="tests.test_tier2_overfit.TestOverfitSingleBatch" name="test_encoder_overfits_batch" time="0.025" /><testcase classname="tests.test_tier2_overfit.TestOverfitSingleBatch" name="test_batch_norm_training_mode" time="0.035" /><testcase classname="tests.test_tier2_overfit.TestLossDecreaseTrajectory" name="test_loss_monotonic_decrease" time="0.148" /><testcase classname="tests.test_tier2_overfit.TestLossDecreaseTrajectory" name="test_learning_rate_impact" time="0.053" /><testcase classname="tests.test_tier2_overfit.TestMultipleBackwardPasses" name="test_gradient_accumulation" time="0.003" /><testcase classname="tests.test_tier2_overfit.TestMultipleBackwardPasses" name="test_gradient_reset" time="0.003" /><testcase classname="tests.test_tier2_overfit.TestOptimizerStepping" name="test_adam_parameter_updates" time="0.003" /><testcase classname="tests.test_tier2_overfit.TestOptimizerStepping" name="test_gradient_accumulation_with_steps[1]" time="0.003" /><testcase classname="tests.test_tier2_overfit.TestOptimizerStepping" name="test_gradient_accumulation_with_steps[2]" time="0.005" /><testcase classname="tests.test_tier2_overfit.TestOptimizerStepping" name="test_gradient_accumulation_with_steps[4]" time="0.006" /><testcase classname="tests.test_tier2_overfit.TestCheckpointingSaving" name="test_state_dict_save_load" time="0.027" /><testcase classname="tests.test_tier3_data_integrity.TestDatasetShuffling" name="test_dataloader_shuffle_true_reorders" time="0.009" /><testcase classname="tests.test_tier3_data_integrity.TestDatasetShuffling" name="test_shuffle_consistency_with_seed" time="0.006" /><testcase classname="tests.test_tier3_data_integrity.TestAugmentationRanges" name="test_augmentation_brightness_in_range" time="0.006" /><testcase classname="tests.test_tier3_data_integrity.TestAugmentationRanges" name="test_augmentation_preserves_shape" time="0.004" /><testcase classname="tests.test_tier3_data_integrity.TestAugmentationRanges" name="test_augmentation_consistency[1]" time="0.003" /><testcase classname="tests.test_tier3_data_integrity.TestAugmentationRanges" name="test_augmentation_consistency[5]" time="0.004" /><testcase classname="tests.test_tier3_data_integrity.TestAugmentationRanges" name="test_augmentation_consistency[10]" time="0.005" /><testcase classname="tests.test_tier3_data_integrity.TestLabelLeakage" name="test_content_not_in_style_input" time="0.004" /><testcase classname="tests.test_tier3_data_integrity.TestLabelLeakage" name="test_target_not_in_inputs" time="0.007" /><testcase classname="tests.test_tier3_data_integrity.TestLabelLeakage" name="test_batch_indices_no_repetition" time="0.008" /><testcase classname="tests.test_tier3_data_integrity.TestCollateFunction" name="test_collate_stacks_tensors" time="0.002" /><testcase classname="tests.test_tier3_data_integrity.TestCollateFunction" name="test_collate_preserves_dtype" time="0.002" /><testcase classname="tests.test_tier3_data_integrity.TestDataLoaderDeterminism" name="test_dataloader_same_seed_same_order" time="0.009" /><testcase classname="tests.test_tier3_data_integrity.TestDataLoaderDeterminism" name="test_dataloader_different_seed_different_order" time="0.008" /><testcase classname="tests.test_tier3_data_integrity.TestValidRangeValues" name="test_image_pixel_ranges" time="0.006" /><testcase classname="tests.test_tier3_data_integrity.TestBatchesAgainstLabelLeakage" name="test_full_pipeline_no_leakage" time="0.010"><failure message="RuntimeError: stack expects each tensor to be equal size, but got [18432] at entry 0 and [9216] at entry 1">tests\test_tier3_data_integrity.py:373: in test_full_pipeline_no_leakage
    corr = torch.corrcoef(torch.stack([combined_flat[i], target_flat[i]]))[
                          ^^^^^^^^^^^^^^^^^^^^^^^^^^^^^^^^^^^^^^^^^^^^^^^
E   RuntimeError: stack expects each tensor to be equal size, but got [18432] at entry 0 and [9216] at entry 1</failure></testcase><testcase classname="tests.test_tier4_gradients.TestGradientFlowSimple" name="test_sequential_model_gradients" time="0.003" /><testcase classname="tests.test_tier4_gradients.TestGradientFlowSimple" name="test_conv_model_gradients" time="0.005" /><testcase classname="tests.test_tier4_gradients.TestGradientFlowComplex" name="test_residual_connection_gradients" time="0.014" /><testcase classname="tests.test_tier4_gradients.TestGradientFlowComplex" name="test_cross_attention_gradients" time="0.002"><failure message="ImportError: cannot import name 'MultiHeadAttention' from 'src.modules.attention' (D:\school\fontdiffusion\src\modules\attention.py)">tests\test_tier4_gradients.py:138: in test_cross_attention_gradients
    from src.modules.attention import MultiHeadAttention
E   ImportError: cannot import name 'MultiHeadAttention' from 'src.modules.attention' (D:\school\fontdiffusion\src\modules\attention.py)</failure></testcase><testcase classname="tests.test_tier4_gradients.TestGradientMagnitudes" name="test_gradient_magnitude_not_exploding" time="0.004" /><testcase classname="tests.test_tier4_gradients.TestGradientMagnitudes" name="test_gradient_magnitude_not_vanishing" time="0.003" /><testcase classname="tests.test_tier4_gradients.TestGradientAccumulation" name="test_gradient_accumulates_without_zero_grad" time="0.002" /><testcase classname="tests.test_tier4_gradients.TestGradientAccumulation" name="test_zero_grad_clears_gradients" time="0.002"><failure message="AttributeError: 'bool' object has no attribute 'all'">tests\test_tier4_gradients.py:293: in test_zero_grad_clears_gradients
    assert (model.weight.grad == 0).all()
           ^^^^^^^^^^^^^^^^^^^^^^^^^^^^
E   AttributeError: 'bool' object has no attribute 'all'</failure></testcase><testcase classname="tests.test_tier4_gradients.TestDeadLayers" name="test_detect_unrequired_grad_layers" time="0.003" /><testcase classname="tests.test_tier4_gradients.TestDeadLayers" name="test_batch_norm_training_vs_eval_gradients" time="0.002" /><testcase classname="tests.test_tier4_gradients.TestDeadLayers" name="test_conv_batch_norm_gradients" time="0.003" /><testcase classname="tests.test_tier4_gradients.TestRecurrentGradients" name="test_transformer_like_gradients" time="0.004" /><testcase classname="tests.test_tier4_gradients.TestGradientStability" name="test_gradient_consistency_across_steps" time="0.003" /><testcase classname="tests.test_tier4_gradients.TestGradientByParameterType" name="test_weight_bias_gradients" time="0.001" /><testcase classname="tests.test_tier4_gradients.TestGradientByParameterType" name="test_norm_layer_gradients" time="0.002" /><testcase classname="tests.test_training.TestTrainingSetup" name="test_training_config_parsing" time="0.005" /><testcase classname="tests.test_training.TestTrainingSetup" name="test_optimizer_creation" time="0.002" /><testcase classname="tests.test_training.TestTrainingSetup" name="test_scheduler_creation" time="0.002" /><testcase classname="tests.test_training.TestTrainingSetup" name="test_loss_computation" time="0.003"><failure message="assert False&#10; +  where False = tensor(1.9313).requires_grad">tests\test_training.py:49: in test_loss_computation
    assert loss.requires_grad
E   assert False
E    +  where False = tensor(1.9313).requires_grad</failure></testcase><testcase classname="tests.test_training.TestTrainingSetup" name="test_gradient_accumulation" time="0.003" /><testcase classname="tests.test_training.TestTrainingLoop" name="test_single_training_step" time="0.001"><error message="failed on setup with &quot;file D:\school\fontdiffusion\tests\test_training.py, line 75&#10;      @pytest.mark.unit&#10;      def test_single_training_step(self, sample_latents, sample_timestep):&#10;E       fixture 'sample_latents' not found&#10;&gt;       available fixtures: anyio_backend, anyio_backend_name, anyio_backend_options, assert_gradients_exist, assert_no_inf, assert_no_nan, assert_shape, cache, capfd, capfdbinary, caplog, capsys, capsysbinary, capteesys, cov, device, doctest_namespace, dummy_checkpoint_dir, dummy_data_dir, dummy_style_features, dummy_unet_config, extra, extras, free_tcp_port, free_tcp_port_factory, free_udp_port, free_udp_port_factory, hydra_restore_singletons, hydra_sweep_runner, hydra_task_runner, include_metadata_in_junit_xml, loss_fn, metadata, monkeypatch, no_cover, optimizer_factory, pytestconfig, record_property, record_testsuite_property, record_xml_attribute, recwarn, sample_content_image, sample_noisy_latents, sample_style_image, sample_target_image, sample_timestep, scheduler_factory, seed_everything, simple_encoder, simple_unet, subtests, temp_dir, test_config, testrun_uid, tmp_path, tmp_path_factory, tmpdir, tmpdir_factory, use_small_model, worker_id&#10;&gt;       use 'pytest --fixtures [testpath]' for help on them.&#10;&#10;D:\school\fontdiffusion\tests\test_training.py:75&quot;">file D:\school\fontdiffusion\tests\test_training.py, line 75
      @pytest.mark.unit
      def test_single_training_step(self, sample_latents, sample_timestep):
E       fixture 'sample_latents' not found
&gt;       available fixtures: anyio_backend, anyio_backend_name, anyio_backend_options, assert_gradients_exist, assert_no_inf, assert_no_nan, assert_shape, cache, capfd, capfdbinary, caplog, capsys, capsysbinary, capteesys, cov, device, doctest_namespace, dummy_checkpoint_dir, dummy_data_dir, dummy_style_features, dummy_unet_config, extra, extras, free_tcp_port, free_tcp_port_factory, free_udp_port, free_udp_port_factory, hydra_restore_singletons, hydra_sweep_runner, hydra_task_runner, include_metadata_in_junit_xml, loss_fn, metadata, monkeypatch, no_cover, optimizer_factory, pytestconfig, record_property, record_testsuite_property, record_xml_attribute, recwarn, sample_content_image, sample_noisy_latents, sample_style_image, sample_target_image, sample_timestep, scheduler_factory, seed_everything, simple_encoder, simple_unet, subtests, temp_dir, test_config, testrun_uid, tmp_path, tmp_path_factory, tmpdir, tmpdir_factory, use_small_model, worker_id
&gt;       use 'pytest --fixtures [testpath]' for help on them.

D:\school\fontdiffusion\tests\test_training.py:75</error></testcase><testcase classname="tests.test_training.TestTrainingLoop" name="test_timestep_scheduling" time="0.002" /><testcase classname="tests.test_training.TestTrainingLoop" name="test_multi_step_training" time="0.004" /><testcase classname="tests.test_utils.TestTensorOperations" name="test_tensor_reshaping" time="0.002" /><testcase classname="tests.test_utils.TestTensorOperations" name="test_tensor_concatenation" time="0.002" /><testcase classname="tests.test_utils.TestTensorOperations" name="test_tensor_device_movement" time="0.001" /><testcase classname="tests.test_utils.TestTensorOperations" name="test_gradient_operations" time="0.002" /><testcase classname="tests.test_utils.TestPathOperations" name="test_path_exists" time="0.006" /><testcase classname="tests.test_utils.TestPathOperations" name="test_glob_pattern" time="0.002"><error message="failed on setup with &quot;file D:\school\fontdiffusion\tests\test_utils.py, line 60&#10;      @pytest.mark.unit&#10;      def test_glob_pattern(self, dataset_dir):&#10;E       fixture 'dataset_dir' not found&#10;&gt;       available fixtures: anyio_backend, anyio_backend_name, anyio_backend_options, assert_gradients_exist, assert_no_inf, assert_no_nan, assert_shape, cache, capfd, capfdbinary, caplog, capsys, capsysbinary, capteesys, cov, device, doctest_namespace, dummy_checkpoint_dir, dummy_data_dir, dummy_style_features, dummy_unet_config, extra, extras, free_tcp_port, free_tcp_port_factory, free_udp_port, free_udp_port_factory, hydra_restore_singletons, hydra_sweep_runner, hydra_task_runner, include_metadata_in_junit_xml, loss_fn, metadata, monkeypatch, no_cover, optimizer_factory, pytestconfig, record_property, record_testsuite_property, record_xml_attribute, recwarn, sample_content_image, sample_noisy_latents, sample_style_image, sample_target_image, sample_timestep, scheduler_factory, seed_everything, simple_encoder, simple_unet, subtests, temp_dir, test_config, testrun_uid, tmp_path, tmp_path_factory, tmpdir, tmpdir_factory, use_small_model, worker_id&#10;&gt;       use 'pytest --fixtures [testpath]' for help on them.&#10;&#10;D:\school\fontdiffusion\tests\test_utils.py:60&quot;">file D:\school\fontdiffusion\tests\test_utils.py, line 60
      @pytest.mark.unit
      def test_glob_pattern(self, dataset_dir):
E       fixture 'dataset_dir' not found
&gt;       available fixtures: anyio_backend, anyio_backend_name, anyio_backend_options, assert_gradients_exist, assert_no_inf, assert_no_nan, assert_shape, cache, capfd, capfdbinary, caplog, capsys, capsysbinary, capteesys, cov, device, doctest_namespace, dummy_checkpoint_dir, dummy_data_dir, dummy_style_features, dummy_unet_config, extra, extras, free_tcp_port, free_tcp_port_factory, free_udp_port, free_udp_port_factory, hydra_restore_singletons, hydra_sweep_runner, hydra_task_runner, include_metadata_in_junit_xml, loss_fn, metadata, monkeypatch, no_cover, optimizer_factory, pytestconfig, record_property, record_testsuite_property, record_xml_attribute, recwarn, sample_content_image, sample_noisy_latents, sample_style_image, sample_target_image, sample_timestep, scheduler_factory, seed_everything, simple_encoder, simple_unet, subtests, temp_dir, test_config, testrun_uid, tmp_path, tmp_path_factory, tmpdir, tmpdir_factory, use_small_model, worker_id
&gt;       use 'pytest --fixtures [testpath]' for help on them.

D:\school\fontdiffusion\tests\test_utils.py:60</error></testcase></testsuite></testsuites>