<?xml version="1.0" encoding="utf-8"?><testsuites name="pytest tests"><testsuite name="pytest" errors="10" failures="37" skipped="2" tests="126" time="22.662" timestamp="2026-01-20T14:55:58.327432+07:00" hostname="LEVIATHAN"><testcase classname="tests.test_dataset.TestDatasetLoading" name="test_dataset_directory_structure" time="0.116"><error message="failed on setup with &quot;file D:\school\fontdiffusion\tests\test_dataset.py, line 10&#10;      @pytest.mark.dataset&#10;      def test_dataset_directory_structure(self, dataset_dir):&#10;E       fixture 'dataset_dir' not found&#10;&gt;       available fixtures: anyio_backend, anyio_backend_name, anyio_backend_options, assert_gradients_exist, assert_no_inf, assert_no_nan, assert_shape, cache, capfd, capfdbinary, caplog, capsys, capsysbinary, capteesys, cov, device, doctest_namespace, dummy_checkpoint_dir, dummy_data_dir, dummy_style_features, dummy_unet_config, extra, extras, free_tcp_port, free_tcp_port_factory, free_udp_port, free_udp_port_factory, hydra_restore_singletons, hydra_sweep_runner, hydra_task_runner, include_metadata_in_junit_xml, loss_fn, metadata, monkeypatch, no_cover, optimizer_factory, pytestconfig, record_property, record_testsuite_property, record_xml_attribute, recwarn, sample_content_image, sample_noisy_latents, sample_style_image, sample_target_image, sample_timestep, scheduler_factory, seed_everything, simple_encoder, simple_unet, subtests, temp_dir, test_config, testrun_uid, tmp_path, tmp_path_factory, tmpdir, tmpdir_factory, use_small_model, worker_id&#10;&gt;       use 'pytest --fixtures [testpath]' for help on them.&#10;&#10;D:\school\fontdiffusion\tests\test_dataset.py:10&quot;">file D:\school\fontdiffusion\tests\test_dataset.py, line 10
      @pytest.mark.dataset
      def test_dataset_directory_structure(self, dataset_dir):
E       fixture 'dataset_dir' not found
&gt;       available fixtures: anyio_backend, anyio_backend_name, anyio_backend_options, assert_gradients_exist, assert_no_inf, assert_no_nan, assert_shape, cache, capfd, capfdbinary, caplog, capsys, capsysbinary, capteesys, cov, device, doctest_namespace, dummy_checkpoint_dir, dummy_data_dir, dummy_style_features, dummy_unet_config, extra, extras, free_tcp_port, free_tcp_port_factory, free_udp_port, free_udp_port_factory, hydra_restore_singletons, hydra_sweep_runner, hydra_task_runner, include_metadata_in_junit_xml, loss_fn, metadata, monkeypatch, no_cover, optimizer_factory, pytestconfig, record_property, record_testsuite_property, record_xml_attribute, recwarn, sample_content_image, sample_noisy_latents, sample_style_image, sample_target_image, sample_timestep, scheduler_factory, seed_everything, simple_encoder, simple_unet, subtests, temp_dir, test_config, testrun_uid, tmp_path, tmp_path_factory, tmpdir, tmpdir_factory, use_small_model, worker_id
&gt;       use 'pytest --fixtures [testpath]' for help on them.

D:\school\fontdiffusion\tests\test_dataset.py:10</error></testcase><testcase classname="tests.test_dataset.TestDatasetLoading" name="test_image_loading" time="0.003"><error message="failed on setup with &quot;file D:\school\fontdiffusion\tests\test_dataset.py, line 21&#10;      @pytest.mark.dataset&#10;      def test_image_loading(self, dataset_dir):&#10;E       fixture 'dataset_dir' not found&#10;&gt;       available fixtures: anyio_backend, anyio_backend_name, anyio_backend_options, assert_gradients_exist, assert_no_inf, assert_no_nan, assert_shape, cache, capfd, capfdbinary, caplog, capsys, capsysbinary, capteesys, cov, device, doctest_namespace, dummy_checkpoint_dir, dummy_data_dir, dummy_style_features, dummy_unet_config, extra, extras, free_tcp_port, free_tcp_port_factory, free_udp_port, free_udp_port_factory, hydra_restore_singletons, hydra_sweep_runner, hydra_task_runner, include_metadata_in_junit_xml, loss_fn, metadata, monkeypatch, no_cover, optimizer_factory, pytestconfig, record_property, record_testsuite_property, record_xml_attribute, recwarn, sample_content_image, sample_noisy_latents, sample_style_image, sample_target_image, sample_timestep, scheduler_factory, seed_everything, simple_encoder, simple_unet, subtests, temp_dir, test_config, testrun_uid, tmp_path, tmp_path_factory, tmpdir, tmpdir_factory, use_small_model, worker_id&#10;&gt;       use 'pytest --fixtures [testpath]' for help on them.&#10;&#10;D:\school\fontdiffusion\tests\test_dataset.py:21&quot;">file D:\school\fontdiffusion\tests\test_dataset.py, line 21
      @pytest.mark.dataset
      def test_image_loading(self, dataset_dir):
E       fixture 'dataset_dir' not found
&gt;       available fixtures: anyio_backend, anyio_backend_name, anyio_backend_options, assert_gradients_exist, assert_no_inf, assert_no_nan, assert_shape, cache, capfd, capfdbinary, caplog, capsys, capsysbinary, capteesys, cov, device, doctest_namespace, dummy_checkpoint_dir, dummy_data_dir, dummy_style_features, dummy_unet_config, extra, extras, free_tcp_port, free_tcp_port_factory, free_udp_port, free_udp_port_factory, hydra_restore_singletons, hydra_sweep_runner, hydra_task_runner, include_metadata_in_junit_xml, loss_fn, metadata, monkeypatch, no_cover, optimizer_factory, pytestconfig, record_property, record_testsuite_property, record_xml_attribute, recwarn, sample_content_image, sample_noisy_latents, sample_style_image, sample_target_image, sample_timestep, scheduler_factory, seed_everything, simple_encoder, simple_unet, subtests, temp_dir, test_config, testrun_uid, tmp_path, tmp_path_factory, tmpdir, tmpdir_factory, use_small_model, worker_id
&gt;       use 'pytest --fixtures [testpath]' for help on them.

D:\school\fontdiffusion\tests\test_dataset.py:21</error></testcase><testcase classname="tests.test_dataset.TestDatasetLoading" name="test_fontdataset_initialization" time="0.002"><error message="failed on setup with &quot;file D:\school\fontdiffusion\tests\test_dataset.py, line 29&#10;      @pytest.mark.dataset&#10;      @pytest.mark.slow&#10;      def test_fontdataset_initialization(self, dataset_dir):&#10;E       fixture 'dataset_dir' not found&#10;&gt;       available fixtures: anyio_backend, anyio_backend_name, anyio_backend_options, assert_gradients_exist, assert_no_inf, assert_no_nan, assert_shape, cache, capfd, capfdbinary, caplog, capsys, capsysbinary, capteesys, cov, device, doctest_namespace, dummy_checkpoint_dir, dummy_data_dir, dummy_style_features, dummy_unet_config, extra, extras, free_tcp_port, free_tcp_port_factory, free_udp_port, free_udp_port_factory, hydra_restore_singletons, hydra_sweep_runner, hydra_task_runner, include_metadata_in_junit_xml, loss_fn, metadata, monkeypatch, no_cover, optimizer_factory, pytestconfig, record_property, record_testsuite_property, record_xml_attribute, recwarn, sample_content_image, sample_noisy_latents, sample_style_image, sample_target_image, sample_timestep, scheduler_factory, seed_everything, simple_encoder, simple_unet, subtests, temp_dir, test_config, testrun_uid, tmp_path, tmp_path_factory, tmpdir, tmpdir_factory, use_small_model, worker_id&#10;&gt;       use 'pytest --fixtures [testpath]' for help on them.&#10;&#10;D:\school\fontdiffusion\tests\test_dataset.py:29&quot;">file D:\school\fontdiffusion\tests\test_dataset.py, line 29
      @pytest.mark.dataset
      @pytest.mark.slow
      def test_fontdataset_initialization(self, dataset_dir):
E       fixture 'dataset_dir' not found
&gt;       available fixtures: anyio_backend, anyio_backend_name, anyio_backend_options, assert_gradients_exist, assert_no_inf, assert_no_nan, assert_shape, cache, capfd, capfdbinary, caplog, capsys, capsysbinary, capteesys, cov, device, doctest_namespace, dummy_checkpoint_dir, dummy_data_dir, dummy_style_features, dummy_unet_config, extra, extras, free_tcp_port, free_tcp_port_factory, free_udp_port, free_udp_port_factory, hydra_restore_singletons, hydra_sweep_runner, hydra_task_runner, include_metadata_in_junit_xml, loss_fn, metadata, monkeypatch, no_cover, optimizer_factory, pytestconfig, record_property, record_testsuite_property, record_xml_attribute, recwarn, sample_content_image, sample_noisy_latents, sample_style_image, sample_target_image, sample_timestep, scheduler_factory, seed_everything, simple_encoder, simple_unet, subtests, temp_dir, test_config, testrun_uid, tmp_path, tmp_path_factory, tmpdir, tmpdir_factory, use_small_model, worker_id
&gt;       use 'pytest --fixtures [testpath]' for help on them.

D:\school\fontdiffusion\tests\test_dataset.py:29</error></testcase><testcase classname="tests.test_dataset.TestDatasetLoading" name="test_fontdataset_getitem" time="0.002"><error message="failed on setup with &quot;file D:\school\fontdiffusion\tests\test_dataset.py, line 46&#10;      @pytest.mark.dataset&#10;      @pytest.mark.slow&#10;      def test_fontdataset_getitem(self, dataset_dir):&#10;E       fixture 'dataset_dir' not found&#10;&gt;       available fixtures: anyio_backend, anyio_backend_name, anyio_backend_options, assert_gradients_exist, assert_no_inf, assert_no_nan, assert_shape, cache, capfd, capfdbinary, caplog, capsys, capsysbinary, capteesys, cov, device, doctest_namespace, dummy_checkpoint_dir, dummy_data_dir, dummy_style_features, dummy_unet_config, extra, extras, free_tcp_port, free_tcp_port_factory, free_udp_port, free_udp_port_factory, hydra_restore_singletons, hydra_sweep_runner, hydra_task_runner, include_metadata_in_junit_xml, loss_fn, metadata, monkeypatch, no_cover, optimizer_factory, pytestconfig, record_property, record_testsuite_property, record_xml_attribute, recwarn, sample_content_image, sample_noisy_latents, sample_style_image, sample_target_image, sample_timestep, scheduler_factory, seed_everything, simple_encoder, simple_unet, subtests, temp_dir, test_config, testrun_uid, tmp_path, tmp_path_factory, tmpdir, tmpdir_factory, use_small_model, worker_id&#10;&gt;       use 'pytest --fixtures [testpath]' for help on them.&#10;&#10;D:\school\fontdiffusion\tests\test_dataset.py:46&quot;">file D:\school\fontdiffusion\tests\test_dataset.py, line 46
      @pytest.mark.dataset
      @pytest.mark.slow
      def test_fontdataset_getitem(self, dataset_dir):
E       fixture 'dataset_dir' not found
&gt;       available fixtures: anyio_backend, anyio_backend_name, anyio_backend_options, assert_gradients_exist, assert_no_inf, assert_no_nan, assert_shape, cache, capfd, capfdbinary, caplog, capsys, capsysbinary, capteesys, cov, device, doctest_namespace, dummy_checkpoint_dir, dummy_data_dir, dummy_style_features, dummy_unet_config, extra, extras, free_tcp_port, free_tcp_port_factory, free_udp_port, free_udp_port_factory, hydra_restore_singletons, hydra_sweep_runner, hydra_task_runner, include_metadata_in_junit_xml, loss_fn, metadata, monkeypatch, no_cover, optimizer_factory, pytestconfig, record_property, record_testsuite_property, record_xml_attribute, recwarn, sample_content_image, sample_noisy_latents, sample_style_image, sample_target_image, sample_timestep, scheduler_factory, seed_everything, simple_encoder, simple_unet, subtests, temp_dir, test_config, testrun_uid, tmp_path, tmp_path_factory, tmpdir, tmpdir_factory, use_small_model, worker_id
&gt;       use 'pytest --fixtures [testpath]' for help on them.

D:\school\fontdiffusion\tests\test_dataset.py:46</error></testcase><testcase classname="tests.test_dataset.TestDatasetValidation" name="test_image_format_validation" time="0.002"><error message="failed on setup with &quot;file D:\school\fontdiffusion\tests\test_dataset.py, line 72&#10;      @pytest.mark.dataset&#10;      def test_image_format_validation(self, dataset_dir):&#10;E       fixture 'dataset_dir' not found&#10;&gt;       available fixtures: anyio_backend, anyio_backend_name, anyio_backend_options, assert_gradients_exist, assert_no_inf, assert_no_nan, assert_shape, cache, capfd, capfdbinary, caplog, capsys, capsysbinary, capteesys, cov, device, doctest_namespace, dummy_checkpoint_dir, dummy_data_dir, dummy_style_features, dummy_unet_config, extra, extras, free_tcp_port, free_tcp_port_factory, free_udp_port, free_udp_port_factory, hydra_restore_singletons, hydra_sweep_runner, hydra_task_runner, include_metadata_in_junit_xml, loss_fn, metadata, monkeypatch, no_cover, optimizer_factory, pytestconfig, record_property, record_testsuite_property, record_xml_attribute, recwarn, sample_content_image, sample_noisy_latents, sample_style_image, sample_target_image, sample_timestep, scheduler_factory, seed_everything, simple_encoder, simple_unet, subtests, temp_dir, test_config, testrun_uid, tmp_path, tmp_path_factory, tmpdir, tmpdir_factory, use_small_model, worker_id&#10;&gt;       use 'pytest --fixtures [testpath]' for help on them.&#10;&#10;D:\school\fontdiffusion\tests\test_dataset.py:72&quot;">file D:\school\fontdiffusion\tests\test_dataset.py, line 72
      @pytest.mark.dataset
      def test_image_format_validation(self, dataset_dir):
E       fixture 'dataset_dir' not found
&gt;       available fixtures: anyio_backend, anyio_backend_name, anyio_backend_options, assert_gradients_exist, assert_no_inf, assert_no_nan, assert_shape, cache, capfd, capfdbinary, caplog, capsys, capsysbinary, capteesys, cov, device, doctest_namespace, dummy_checkpoint_dir, dummy_data_dir, dummy_style_features, dummy_unet_config, extra, extras, free_tcp_port, free_tcp_port_factory, free_udp_port, free_udp_port_factory, hydra_restore_singletons, hydra_sweep_runner, hydra_task_runner, include_metadata_in_junit_xml, loss_fn, metadata, monkeypatch, no_cover, optimizer_factory, pytestconfig, record_property, record_testsuite_property, record_xml_attribute, recwarn, sample_content_image, sample_noisy_latents, sample_style_image, sample_target_image, sample_timestep, scheduler_factory, seed_everything, simple_encoder, simple_unet, subtests, temp_dir, test_config, testrun_uid, tmp_path, tmp_path_factory, tmpdir, tmpdir_factory, use_small_model, worker_id
&gt;       use 'pytest --fixtures [testpath]' for help on them.

D:\school\fontdiffusion\tests\test_dataset.py:72</error></testcase><testcase classname="tests.test_dataset.TestDatasetValidation" name="test_missing_image_handling" time="0.002"><error message="failed on setup with &quot;file D:\school\fontdiffusion\tests\test_dataset.py, line 82&#10;      @pytest.mark.dataset&#10;      def test_missing_image_handling(self, dataset_dir):&#10;E       fixture 'dataset_dir' not found&#10;&gt;       available fixtures: anyio_backend, anyio_backend_name, anyio_backend_options, assert_gradients_exist, assert_no_inf, assert_no_nan, assert_shape, cache, capfd, capfdbinary, caplog, capsys, capsysbinary, capteesys, cov, device, doctest_namespace, dummy_checkpoint_dir, dummy_data_dir, dummy_style_features, dummy_unet_config, extra, extras, free_tcp_port, free_tcp_port_factory, free_udp_port, free_udp_port_factory, hydra_restore_singletons, hydra_sweep_runner, hydra_task_runner, include_metadata_in_junit_xml, loss_fn, metadata, monkeypatch, no_cover, optimizer_factory, pytestconfig, record_property, record_testsuite_property, record_xml_attribute, recwarn, sample_content_image, sample_noisy_latents, sample_style_image, sample_target_image, sample_timestep, scheduler_factory, seed_everything, simple_encoder, simple_unet, subtests, temp_dir, test_config, testrun_uid, tmp_path, tmp_path_factory, tmpdir, tmpdir_factory, use_small_model, worker_id&#10;&gt;       use 'pytest --fixtures [testpath]' for help on them.&#10;&#10;D:\school\fontdiffusion\tests\test_dataset.py:82&quot;">file D:\school\fontdiffusion\tests\test_dataset.py, line 82
      @pytest.mark.dataset
      def test_missing_image_handling(self, dataset_dir):
E       fixture 'dataset_dir' not found
&gt;       available fixtures: anyio_backend, anyio_backend_name, anyio_backend_options, assert_gradients_exist, assert_no_inf, assert_no_nan, assert_shape, cache, capfd, capfdbinary, caplog, capsys, capsysbinary, capteesys, cov, device, doctest_namespace, dummy_checkpoint_dir, dummy_data_dir, dummy_style_features, dummy_unet_config, extra, extras, free_tcp_port, free_tcp_port_factory, free_udp_port, free_udp_port_factory, hydra_restore_singletons, hydra_sweep_runner, hydra_task_runner, include_metadata_in_junit_xml, loss_fn, metadata, monkeypatch, no_cover, optimizer_factory, pytestconfig, record_property, record_testsuite_property, record_xml_attribute, recwarn, sample_content_image, sample_noisy_latents, sample_style_image, sample_target_image, sample_timestep, scheduler_factory, seed_everything, simple_encoder, simple_unet, subtests, temp_dir, test_config, testrun_uid, tmp_path, tmp_path_factory, tmpdir, tmpdir_factory, use_small_model, worker_id
&gt;       use 'pytest --fixtures [testpath]' for help on them.

D:\school\fontdiffusion\tests\test_dataset.py:82</error></testcase><testcase classname="tests.test_fst_integration.TestFontDiffuserWithFST" name="test_initialization" time="0.151"><failure message="AssertionError: Total tokens 512 must be a perfect square for reshaping">tests\test_fst_integration.py:130: in test_initialization
    model = FontDiffuserWithFST(
src\models\fst_model.py:74: in __init__
    self.fst_module = FontStyleTransformationModule(
src\modules\fst.py:93: in __init__
    assert sqrt_tokens * sqrt_tokens == self.total_tokens, \
E   AssertionError: Total tokens 512 must be a perfect square for reshaping</failure></testcase><testcase classname="tests.test_fst_integration.TestFSTModule" name="test_forward_pass[64-64-1]" time="0.018"><failure message="AssertionError: Total tokens 320 must be a perfect square for reshaping">tests\test_fst_integration.py:170: in test_forward_pass
    fst = FontStyleTransformationModule(
src\modules\fst.py:93: in __init__
    assert sqrt_tokens * sqrt_tokens == self.total_tokens, \
E   AssertionError: Total tokens 320 must be a perfect square for reshaping</failure></testcase><testcase classname="tests.test_fst_integration.TestFSTModule" name="test_forward_pass[128-128-2]" time="0.026"><failure message="AssertionError: Total tokens 384 must be a perfect square for reshaping">tests\test_fst_integration.py:170: in test_forward_pass
    fst = FontStyleTransformationModule(
src\modules\fst.py:93: in __init__
    assert sqrt_tokens * sqrt_tokens == self.total_tokens, \
E   AssertionError: Total tokens 384 must be a perfect square for reshaping</failure></testcase><testcase classname="tests.test_fst_integration.TestFSTModule" name="test_forward_pass[256-128-4]" time="0.031"><failure message="AssertionError: Total tokens 512 must be a perfect square for reshaping">tests\test_fst_integration.py:170: in test_forward_pass
    fst = FontStyleTransformationModule(
src\modules\fst.py:93: in __init__
    assert sqrt_tokens * sqrt_tokens == self.total_tokens, \
E   AssertionError: Total tokens 512 must be a perfect square for reshaping</failure></testcase><testcase classname="tests.test_fst_integration.TestFSTModule" name="test_forward_backward_flow" time="0.038"><failure message="AssertionError: Total tokens 384 must be a perfect square for reshaping">tests\test_fst_integration.py:208: in test_forward_backward_flow
    fst = FontStyleTransformationModule(
src\modules\fst.py:93: in __init__
    assert sqrt_tokens * sqrt_tokens == self.total_tokens, \
E   AssertionError: Total tokens 384 must be a perfect square for reshaping</failure></testcase><testcase classname="tests.test_fst_integration.TestFSTModule" name="test_fst_with_incorrect_feature_length" time="0.025"><failure message="AssertionError: Total tokens 384 must be a perfect square for reshaping">tests\test_fst_integration.py:245: in test_fst_with_incorrect_feature_length
    fst = FontStyleTransformationModule(
src\modules\fst.py:93: in __init__
    assert sqrt_tokens * sqrt_tokens == self.total_tokens, \
E   AssertionError: Total tokens 384 must be a perfect square for reshaping</failure></testcase><testcase classname="tests.test_fst_integration.TestFSTModule" name="test_fst_with_varying_batch_sizes" time="0.015"><failure message="AssertionError: Total tokens 320 must be a perfect square for reshaping">tests\test_fst_integration.py:268: in test_fst_with_varying_batch_sizes
    fst = FontStyleTransformationModule(
src\modules\fst.py:93: in __init__
    assert sqrt_tokens * sqrt_tokens == self.total_tokens, \
E   AssertionError: Total tokens 320 must be a perfect square for reshaping</failure></testcase><testcase classname="tests.test_fst_integration.TestMultiScaleStyleEncoder" name="test_msse_initialization[32-1]" time="0.013"><failure message="AttributeError: 'MultiScaleStyleEncoder' object has no attribute 'in_channels'. Did you mean: 'base_channels'?">tests\test_fst_integration.py:304: in test_msse_initialization
    assert msse.in_channels == input_channels
           ^^^^^^^^^^^^^^^^
.venv\Lib\site-packages\torch\nn\modules\module.py:1964: in __getattr__
    raise AttributeError(
E   AttributeError: 'MultiScaleStyleEncoder' object has no attribute 'in_channels'. Did you mean: 'base_channels'?</failure></testcase><testcase classname="tests.test_fst_integration.TestMultiScaleStyleEncoder" name="test_msse_initialization[32-3]" time="0.014"><failure message="AttributeError: 'MultiScaleStyleEncoder' object has no attribute 'in_channels'. Did you mean: 'base_channels'?">tests\test_fst_integration.py:304: in test_msse_initialization
    assert msse.in_channels == input_channels
           ^^^^^^^^^^^^^^^^
.venv\Lib\site-packages\torch\nn\modules\module.py:1964: in __getattr__
    raise AttributeError(
E   AttributeError: 'MultiScaleStyleEncoder' object has no attribute 'in_channels'. Did you mean: 'base_channels'?</failure></testcase><testcase classname="tests.test_fst_integration.TestMultiScaleStyleEncoder" name="test_msse_initialization[64-1]" time="0.034"><failure message="AttributeError: 'MultiScaleStyleEncoder' object has no attribute 'in_channels'. Did you mean: 'base_channels'?">tests\test_fst_integration.py:304: in test_msse_initialization
    assert msse.in_channels == input_channels
           ^^^^^^^^^^^^^^^^
.venv\Lib\site-packages\torch\nn\modules\module.py:1964: in __getattr__
    raise AttributeError(
E   AttributeError: 'MultiScaleStyleEncoder' object has no attribute 'in_channels'. Did you mean: 'base_channels'?</failure></testcase><testcase classname="tests.test_fst_integration.TestMultiScaleStyleEncoder" name="test_msse_initialization[64-3]" time="0.040"><failure message="AttributeError: 'MultiScaleStyleEncoder' object has no attribute 'in_channels'. Did you mean: 'base_channels'?">tests\test_fst_integration.py:304: in test_msse_initialization
    assert msse.in_channels == input_channels
           ^^^^^^^^^^^^^^^^
.venv\Lib\site-packages\torch\nn\modules\module.py:1964: in __getattr__
    raise AttributeError(
E   AttributeError: 'MultiScaleStyleEncoder' object has no attribute 'in_channels'. Did you mean: 'base_channels'?</failure></testcase><testcase classname="tests.test_fst_integration.TestMultiScaleStyleEncoder" name="test_msse_output_consistency_eval" time="0.443" /><testcase classname="tests.test_fst_integration.TestMultiScaleStyleEncoder" name="test_msse_training_mode" time="0.298"><failure message="AssertionError: MSSE training mode scale 0: torch.Size([2, 64, 128, 128]) != (2, 64, 256, 256)&#10;assert torch.Size([2, 64, 128, 128]) == (2, 64, 256, 256)&#10;  &#10;  At index 2 diff: #x1B[0m#x1B[94m128#x1B[39;49;00m#x1B[90m#x1B[39;49;00m != #x1B[0m#x1B[94m256#x1B[39;49;00m#x1B[90m#x1B[39;49;00m&#10;  &#10;  Full diff:&#10;  #x1B[0m#x1B[92m+ torch.Size([2, 64, 128, 128])#x1B[39;49;00m#x1B[90m#x1B[39;49;00m&#10;  #x1B[91m- (#x1B[39;49;00m#x1B[90m#x1B[39;49;00m&#10;  #x1B[91m-     2,#x1B[39;49;00m#x1B[90m#x1B[39;49;00m&#10;  #x1B[91m-     64,#x1B[39;49;00m#x1B[90m#x1B[39;49;00m&#10;  #x1B[91m-     256,#x1B[39;49;00m#x1B[90m#x1B[39;49;00m&#10;  #x1B[91m-     256,#x1B[39;49;00m#x1B[90m#x1B[39;49;00m&#10;  #x1B[91m- )#x1B[39;49;00m#x1B[90m#x1B[39;49;00m">tests\test_fst_integration.py:355: in test_msse_training_mode
    assert_features_match_channels(
tests\test_fst_integration.py:117: in assert_features_match_channels
    assert feat.shape == expected_shape, \
E   AssertionError: MSSE training mode scale 0: torch.Size([2, 64, 128, 128]) != (2, 64, 256, 256)
E   assert torch.Size([2, 64, 128, 128]) == (2, 64, 256, 256)
E     
E     At index 2 diff: #x1B[0m#x1B[94m128#x1B[39;49;00m#x1B[90m#x1B[39;49;00m != #x1B[0m#x1B[94m256#x1B[39;49;00m#x1B[90m#x1B[39;49;00m
E     
E     Full diff:
E     #x1B[0m#x1B[92m+ torch.Size([2, 64, 128, 128])#x1B[39;49;00m#x1B[90m#x1B[39;49;00m
E     #x1B[91m- (#x1B[39;49;00m#x1B[90m#x1B[39;49;00m
E     #x1B[91m-     2,#x1B[39;49;00m#x1B[90m#x1B[39;49;00m
E     #x1B[91m-     64,#x1B[39;49;00m#x1B[90m#x1B[39;49;00m
E     #x1B[91m-     256,#x1B[39;49;00m#x1B[90m#x1B[39;49;00m
E     #x1B[91m-     256,#x1B[39;49;00m#x1B[90m#x1B[39;49;00m
E     #x1B[91m- )#x1B[39;49;00m#x1B[90m#x1B[39;49;00m</failure></testcase><testcase classname="tests.test_fst_integration.TestMultiScaleStyleEncoder" name="test_msse_gradient_flow" time="0.666" /><testcase classname="tests.test_fst_integration.TestFSTWithMSSEPipeline" name="test_complete_pipeline" time="0.163"><failure message="AssertionError: Total tokens 384 must be a perfect square for reshaping">tests\test_fst_integration.py:402: in test_complete_pipeline
    fst = FontStyleTransformationModule(
src\modules\fst.py:93: in __init__
    assert sqrt_tokens * sqrt_tokens == self.total_tokens, \
E   AssertionError: Total tokens 384 must be a perfect square for reshaping</failure></testcase><testcase classname="tests.test_fst_integration.TestFSTWithMSSEPipeline" name="test_pipeline_with_gradients" time="0.154"><failure message="AssertionError: Total tokens 384 must be a perfect square for reshaping">tests\test_fst_integration.py:458: in test_pipeline_with_gradients
    fst = FontStyleTransformationModule(
src\modules\fst.py:93: in __init__
    assert sqrt_tokens * sqrt_tokens == self.total_tokens, \
E   AssertionError: Total tokens 384 must be a perfect square for reshaping</failure></testcase><testcase classname="tests.test_fst_integration.TestFSTGradientFlow" name="test_learnable_queries_gradients" time="0.029"><failure message="AssertionError: Total tokens 384 must be a perfect square for reshaping">tests\test_fst_integration.py:494: in test_learnable_queries_gradients
    fst = FontStyleTransformationModule(
src\modules\fst.py:93: in __init__
    assert sqrt_tokens * sqrt_tokens == self.total_tokens, \
E   AssertionError: Total tokens 384 must be a perfect square for reshaping</failure></testcase><testcase classname="tests.test_fst_integration.TestFSTGradientFlow" name="test_positional_encoding_gradients" time="0.026"><failure message="AssertionError: Total tokens 384 must be a perfect square for reshaping">tests\test_fst_integration.py:515: in test_positional_encoding_gradients
    fst = FontStyleTransformationModule(
src\modules\fst.py:93: in __init__
    assert sqrt_tokens * sqrt_tokens == self.total_tokens, \
E   AssertionError: Total tokens 384 must be a perfect square for reshaping</failure></testcase><testcase classname="tests.test_fst_integration.TestFSTGradientFlow" name="test_projection_layers_gradients" time="0.025"><failure message="AssertionError: Total tokens 384 must be a perfect square for reshaping">tests\test_fst_integration.py:536: in test_projection_layers_gradients
    fst = FontStyleTransformationModule(
src\modules\fst.py:93: in __init__
    assert sqrt_tokens * sqrt_tokens == self.total_tokens, \
E   AssertionError: Total tokens 384 must be a perfect square for reshaping</failure></testcase><testcase classname="tests.test_fst_integration.TestOverfitting" name="test_fst_overfitting" time="0.033"><failure message="AssertionError: Total tokens 384 must be a perfect square for reshaping">tests\test_fst_integration.py:581: in test_fst_overfitting
    fst = FontStyleTransformationModule(
src\modules\fst.py:93: in __init__
    assert sqrt_tokens * sqrt_tokens == self.total_tokens, \
E   AssertionError: Total tokens 384 must be a perfect square for reshaping</failure></testcase><testcase classname="tests.test_fst_integration.TestOverfitting" name="test_msse_overfitting" time="0.354"><failure message="RuntimeError: The size of tensor a (128) must match the size of tensor b (256) at non-singleton dimension 3">tests\test_fst_integration.py:666: in test_msse_overfitting
    loss += loss_fn(feat, target)
            ^^^^^^^^^^^^^^^^^^^^^
.venv\Lib\site-packages\torch\nn\modules\module.py:1775: in _wrapped_call_impl
    return self._call_impl(*args, **kwargs)
           ^^^^^^^^^^^^^^^^^^^^^^^^^^^^^^^^
.venv\Lib\site-packages\torch\nn\modules\module.py:1786: in _call_impl
    return forward_call(*args, **kwargs)
           ^^^^^^^^^^^^^^^^^^^^^^^^^^^^^
.venv\Lib\site-packages\torch\nn\modules\loss.py:634: in forward
    return F.mse_loss(input, target, reduction=self.reduction)
           ^^^^^^^^^^^^^^^^^^^^^^^^^^^^^^^^^^^^^^^^^^^^^^^^^^^
.venv\Lib\site-packages\torch\nn\functional.py:3864: in mse_loss
    expanded_input, expanded_target = torch.broadcast_tensors(input, target)
                                      ^^^^^^^^^^^^^^^^^^^^^^^^^^^^^^^^^^^^^^
.venv\Lib\site-packages\torch\functional.py:77: in broadcast_tensors
    return _VF.broadcast_tensors(tensors)  # type: ignore[attr-defined]
           ^^^^^^^^^^^^^^^^^^^^^^^^^^^^^^
E   RuntimeError: The size of tensor a (128) must match the size of tensor b (256) at non-singleton dimension 3</failure></testcase><testcase classname="tests.test_fst_integration.TestEdgeCases" name="test_fst_single_sample_batch" time="0.013"><failure message="AssertionError: Total tokens 320 must be a perfect square for reshaping">tests\test_fst_integration.py:691: in test_fst_single_sample_batch
    fst = FontStyleTransformationModule(
src\modules\fst.py:93: in __init__
    assert sqrt_tokens * sqrt_tokens == self.total_tokens, \
E   AssertionError: Total tokens 320 must be a perfect square for reshaping</failure></testcase><testcase classname="tests.test_fst_integration.TestEdgeCases" name="test_msse_varying_scales[1]" time="0.046" /><testcase classname="tests.test_fst_integration.TestEdgeCases" name="test_msse_varying_scales[2]" time="0.056"><failure message="AssertionError: Scale 1 should have smaller spatial size than scale 0&#10;assert 128 &lt; 128">tests\test_fst_integration.py:726: in test_msse_varying_scales
    assert features[i].shape[2] &lt; features[i-1].shape[2], \
E   AssertionError: Scale 1 should have smaller spatial size than scale 0
E   assert 128 &lt; 128</failure></testcase><testcase classname="tests.test_fst_integration.TestEdgeCases" name="test_msse_varying_scales[3]" time="0.059"><failure message="AssertionError: Scale 2 should have smaller spatial size than scale 1&#10;assert 64 &lt; 64">tests\test_fst_integration.py:726: in test_msse_varying_scales
    assert features[i].shape[2] &lt; features[i-1].shape[2], \
E   AssertionError: Scale 2 should have smaller spatial size than scale 1
E   assert 64 &lt; 64</failure></testcase><testcase classname="tests.test_fst_integration.TestEdgeCases" name="test_msse_varying_scales[5]" time="0.095"><failure message="AssertionError: Scale 4 should have smaller spatial size than scale 3&#10;assert 16 &lt; 16">tests\test_fst_integration.py:726: in test_msse_varying_scales
    assert features[i].shape[2] &lt; features[i-1].shape[2], \
E   AssertionError: Scale 4 should have smaller spatial size than scale 3
E   assert 16 &lt; 16</failure></testcase><testcase classname="tests.test_fst_integration.TestEdgeCases" name="test_fst_high_precision" time="0.037"><failure message="AssertionError: Total tokens 320 must be a perfect square for reshaping">tests\test_fst_integration.py:739: in test_fst_high_precision
    fst = FontStyleTransformationModule(
src\modules\fst.py:93: in __init__
    assert sqrt_tokens * sqrt_tokens == self.total_tokens, \
E   AssertionError: Total tokens 320 must be a perfect square for reshaping</failure></testcase><testcase classname="tests.test_inference.TestInferencePipeline" name="test_noise_scheduler_initialization" time="0.003" /><testcase classname="tests.test_inference.TestInferencePipeline" name="test_latent_encoding" time="0.003" /><testcase classname="tests.test_inference.TestInferencePipeline" name="test_denoising_loop" time="0.003" /><testcase classname="tests.test_inference.TestInferencePipeline" name="test_image_post_processing" time="0.003" /><testcase classname="tests.test_inference.TestInferencePipeline" name="test_batch_inference" time="0.003" /><testcase classname="tests.test_model.TestFontDiffuserWithFST" name="test_model_initialization" time="0.160"><failure message="AssertionError: Total tokens 512 must be a perfect square for reshaping">tests\test_model.py:22: in test_model_initialization
    model = FontDiffuserWithFST(
src\models\fst_model.py:74: in __init__
    self.fst_module = FontStyleTransformationModule(
src\modules\fst.py:93: in __init__
    assert sqrt_tokens * sqrt_tokens == self.total_tokens, \
E   AssertionError: Total tokens 512 must be a perfect square for reshaping</failure></testcase><testcase classname="tests.test_model.TestFontDiffuserWithFST" name="test_forward_pass_shapes" time="0.002"><error message="failed on setup with &quot;file d:\School\FontDiffusion\tests\test_model.py, line 37&#10;      @pytest.mark.unit&#10;      def test_forward_pass_shapes(&#10;E       fixture 'sample_latents' not found&#10;&gt;       available fixtures: anyio_backend, anyio_backend_name, anyio_backend_options, assert_gradients_exist, assert_no_inf, assert_no_nan, assert_shape, cache, capfd, capfdbinary, caplog, capsys, capsysbinary, capteesys, cov, device, doctest_namespace, dummy_checkpoint_dir, dummy_data_dir, dummy_style_features, dummy_unet_config, extra, extras, free_tcp_port, free_tcp_port_factory, free_udp_port, free_udp_port_factory, hydra_restore_singletons, hydra_sweep_runner, hydra_task_runner, include_metadata_in_junit_xml, loss_fn, metadata, monkeypatch, no_cover, optimizer_factory, pytestconfig, record_property, record_testsuite_property, record_xml_attribute, recwarn, sample_content_image, sample_noisy_latents, sample_style_image, sample_target_image, sample_timestep, scheduler_factory, seed_everything, simple_encoder, simple_unet, subtests, temp_dir, test_config, testrun_uid, tmp_path, tmp_path_factory, tmpdir, tmpdir_factory, use_small_model, worker_id&#10;&gt;       use 'pytest --fixtures [testpath]' for help on them.&#10;&#10;d:\School\FontDiffusion\tests\test_model.py:37&quot;">file d:\School\FontDiffusion\tests\test_model.py, line 37
      @pytest.mark.unit
      def test_forward_pass_shapes(
E       fixture 'sample_latents' not found
&gt;       available fixtures: anyio_backend, anyio_backend_name, anyio_backend_options, assert_gradients_exist, assert_no_inf, assert_no_nan, assert_shape, cache, capfd, capfdbinary, caplog, capsys, capsysbinary, capteesys, cov, device, doctest_namespace, dummy_checkpoint_dir, dummy_data_dir, dummy_style_features, dummy_unet_config, extra, extras, free_tcp_port, free_tcp_port_factory, free_udp_port, free_udp_port_factory, hydra_restore_singletons, hydra_sweep_runner, hydra_task_runner, include_metadata_in_junit_xml, loss_fn, metadata, monkeypatch, no_cover, optimizer_factory, pytestconfig, record_property, record_testsuite_property, record_xml_attribute, recwarn, sample_content_image, sample_noisy_latents, sample_style_image, sample_target_image, sample_timestep, scheduler_factory, seed_everything, simple_encoder, simple_unet, subtests, temp_dir, test_config, testrun_uid, tmp_path, tmp_path_factory, tmpdir, tmpdir_factory, use_small_model, worker_id
&gt;       use 'pytest --fixtures [testpath]' for help on them.

d:\School\FontDiffusion\tests\test_model.py:37</error></testcase><testcase classname="tests.test_model.TestFontDiffuserWithFST" name="test_get_loss_dict" time="0.002"><error message="failed on setup with &quot;file d:\School\FontDiffusion\tests\test_model.py, line 85&#10;      @pytest.mark.unit&#10;      def test_get_loss_dict(self, sample_latents):&#10;E       fixture 'sample_latents' not found&#10;&gt;       available fixtures: anyio_backend, anyio_backend_name, anyio_backend_options, assert_gradients_exist, assert_no_inf, assert_no_nan, assert_shape, cache, capfd, capfdbinary, caplog, capsys, capsysbinary, capteesys, cov, device, doctest_namespace, dummy_checkpoint_dir, dummy_data_dir, dummy_style_features, dummy_unet_config, extra, extras, free_tcp_port, free_tcp_port_factory, free_udp_port, free_udp_port_factory, hydra_restore_singletons, hydra_sweep_runner, hydra_task_runner, include_metadata_in_junit_xml, loss_fn, metadata, monkeypatch, no_cover, optimizer_factory, pytestconfig, record_property, record_testsuite_property, record_xml_attribute, recwarn, sample_content_image, sample_noisy_latents, sample_style_image, sample_target_image, sample_timestep, scheduler_factory, seed_everything, simple_encoder, simple_unet, subtests, temp_dir, test_config, testrun_uid, tmp_path, tmp_path_factory, tmpdir, tmpdir_factory, use_small_model, worker_id&#10;&gt;       use 'pytest --fixtures [testpath]' for help on them.&#10;&#10;d:\School\FontDiffusion\tests\test_model.py:85&quot;">file d:\School\FontDiffusion\tests\test_model.py, line 85
      @pytest.mark.unit
      def test_get_loss_dict(self, sample_latents):
E       fixture 'sample_latents' not found
&gt;       available fixtures: anyio_backend, anyio_backend_name, anyio_backend_options, assert_gradients_exist, assert_no_inf, assert_no_nan, assert_shape, cache, capfd, capfdbinary, caplog, capsys, capsysbinary, capteesys, cov, device, doctest_namespace, dummy_checkpoint_dir, dummy_data_dir, dummy_style_features, dummy_unet_config, extra, extras, free_tcp_port, free_tcp_port_factory, free_udp_port, free_udp_port_factory, hydra_restore_singletons, hydra_sweep_runner, hydra_task_runner, include_metadata_in_junit_xml, loss_fn, metadata, monkeypatch, no_cover, optimizer_factory, pytestconfig, record_property, record_testsuite_property, record_xml_attribute, recwarn, sample_content_image, sample_noisy_latents, sample_style_image, sample_target_image, sample_timestep, scheduler_factory, seed_everything, simple_encoder, simple_unet, subtests, temp_dir, test_config, testrun_uid, tmp_path, tmp_path_factory, tmpdir, tmpdir_factory, use_small_model, worker_id
&gt;       use 'pytest --fixtures [testpath]' for help on them.

d:\School\FontDiffusion\tests\test_model.py:85</error></testcase><testcase classname="tests.test_model.TestFontDiffuserModel" name="test_fontdiffuser_model_forward" time="0.005" /><testcase classname="tests.test_modules.TestContentEncoder" name="test_content_encoder_mock" time="0.002"><skipped type="pytest.skip" message="ContentEncoder import or initialization failed">D:\school\fontdiffusion\tests\test_modules.py:21: ContentEncoder import or initialization failed</skipped></testcase><testcase classname="tests.test_modules.TestContentEncoder" name="test_content_encoder_forward" time="0.003" /><testcase classname="tests.test_modules.TestStyleEncoder" name="test_style_encoder_mock" time="0.002"><skipped type="pytest.skip" message="StyleEncoder import or initialization failed">D:\school\fontdiffusion\tests\test_modules.py:55: StyleEncoder import or initialization failed</skipped></testcase><testcase classname="tests.test_modules.TestStyleEncoder" name="test_style_encoder_forward" time="0.004" /><testcase classname="tests.test_modules.TestUNet" name="test_unet_mock_forward" time="0.003" /><testcase classname="tests.test_tier1_shapes.TestMultiScaleStyleEncoderShapes" name="test_msse_output_shapes[1-5]" time="0.157" /><testcase classname="tests.test_tier1_shapes.TestMultiScaleStyleEncoderShapes" name="test_msse_output_shapes[2-5]" time="0.154" /><testcase classname="tests.test_tier1_shapes.TestMultiScaleStyleEncoderShapes" name="test_msse_output_shapes[4-5]" time="0.151" /><testcase classname="tests.test_tier1_shapes.TestMultiScaleStyleEncoderShapes" name="test_msse_output_shapes[8-3]" time="0.038" /><testcase classname="tests.test_tier1_shapes.TestMultiScaleStyleEncoderShapes" name="test_msse_variable_input_channels[1]" time="0.024" /><testcase classname="tests.test_tier1_shapes.TestMultiScaleStyleEncoderShapes" name="test_msse_variable_input_channels[3]" time="0.023" /><testcase classname="tests.test_tier1_shapes.TestFSTModuleShapes" name="test_fst_output_shape[1-128]" time="0.037"><failure message="AssertionError: Total tokens 384 must be a perfect square for reshaping">tests\test_tier1_shapes.py:95: in test_fst_output_shape
    fst = FontStyleTransformationModule(
src\modules\fst.py:93: in __init__
    assert sqrt_tokens * sqrt_tokens == self.total_tokens, \
E   AssertionError: Total tokens 384 must be a perfect square for reshaping</failure></testcase><testcase classname="tests.test_tier1_shapes.TestFSTModuleShapes" name="test_fst_output_shape[2-256]" time="0.038"><failure message="AssertionError: Total tokens 512 must be a perfect square for reshaping">tests\test_tier1_shapes.py:95: in test_fst_output_shape
    fst = FontStyleTransformationModule(
src\modules\fst.py:93: in __init__
    assert sqrt_tokens * sqrt_tokens == self.total_tokens, \
E   AssertionError: Total tokens 512 must be a perfect square for reshaping</failure></testcase><testcase classname="tests.test_tier1_shapes.TestFSTModuleShapes" name="test_fst_output_shape[4-256]" time="0.041"><failure message="AssertionError: Total tokens 512 must be a perfect square for reshaping">tests\test_tier1_shapes.py:95: in test_fst_output_shape
    fst = FontStyleTransformationModule(
src\modules\fst.py:93: in __init__
    assert sqrt_tokens * sqrt_tokens == self.total_tokens, \
E   AssertionError: Total tokens 512 must be a perfect square for reshaping</failure></testcase><testcase classname="tests.test_tier1_shapes.TestFSTModuleShapes" name="test_fst_gradient_flow" time="0.033"><failure message="AssertionError: Total tokens 384 must be a perfect square for reshaping">tests\test_tier1_shapes.py:137: in test_fst_gradient_flow
    fst = FontStyleTransformationModule(
src\modules\fst.py:93: in __init__
    assert sqrt_tokens * sqrt_tokens == self.total_tokens, \
E   AssertionError: Total tokens 384 must be a perfect square for reshaping</failure></testcase><testcase classname="tests.test_tier1_shapes.TestResidualBlockShapes" name="test_residual_block_shapes[64-128-True]" time="0.036" /><testcase classname="tests.test_tier1_shapes.TestResidualBlockShapes" name="test_residual_block_shapes[128-128-False]" time="0.063" /><testcase classname="tests.test_tier1_shapes.TestResidualBlockShapes" name="test_residual_block_shapes[256-512-True]" time="0.154" /><testcase classname="tests.test_tier1_shapes.TestVGG16PerceptualLossShapes" name="test_vgg16_forward_pass" time="1.338" /><testcase classname="tests.test_tier1_shapes.TestVGG16PerceptualLossShapes" name="test_content_perceptual_loss_shapes" time="1.295" /><testcase classname="tests.test_tier1_shapes.TestTensorNaNDetection" name="test_no_nan_with_normal_initialization" time="0.020" /><testcase classname="tests.test_tier1_shapes.TestTensorNaNDetection" name="test_nan_with_extreme_values" time="0.003" /><testcase classname="tests.test_tier1_shapes.TestGradientExplosion" name="test_gradient_magnitude_after_backward" time="0.004" /><testcase classname="tests.test_tier1_shapes.TestBatchSizeVariability" name="test_encoder_variable_batch_size[1]" time="0.003"><failure message="ModuleNotFoundError: No module named 'conftest'">tests\test_tier1_shapes.py:313: in test_encoder_variable_batch_size
    from conftest import SimpleEncoder
E   ModuleNotFoundError: No module named 'conftest'</failure></testcase><testcase classname="tests.test_tier1_shapes.TestBatchSizeVariability" name="test_encoder_variable_batch_size[2]" time="0.005"><failure message="ModuleNotFoundError: No module named 'conftest'">tests\test_tier1_shapes.py:313: in test_encoder_variable_batch_size
    from conftest import SimpleEncoder
E   ModuleNotFoundError: No module named 'conftest'</failure></testcase><testcase classname="tests.test_tier1_shapes.TestBatchSizeVariability" name="test_encoder_variable_batch_size[4]" time="0.003"><failure message="ModuleNotFoundError: No module named 'conftest'">tests\test_tier1_shapes.py:313: in test_encoder_variable_batch_size
    from conftest import SimpleEncoder
E   ModuleNotFoundError: No module named 'conftest'</failure></testcase><testcase classname="tests.test_tier1_shapes.TestBatchSizeVariability" name="test_encoder_variable_batch_size[8]" time="0.004"><failure message="ModuleNotFoundError: No module named 'conftest'">tests\test_tier1_shapes.py:313: in test_encoder_variable_batch_size
    from conftest import SimpleEncoder
E   ModuleNotFoundError: No module named 'conftest'</failure></testcase><testcase classname="tests.test_tier2_overfit.TestOverfitSingleBatch" name="test_simple_generator_overfits_batch" time="0.325" /><testcase classname="tests.test_tier2_overfit.TestOverfitSingleBatch" name="test_encoder_overfits_batch" time="0.041" /><testcase classname="tests.test_tier2_overfit.TestOverfitSingleBatch" name="test_batch_norm_training_mode" time="0.066" /><testcase classname="tests.test_tier2_overfit.TestLossDecreaseTrajectory" name="test_loss_monotonic_decrease" time="0.263" /><testcase classname="tests.test_tier2_overfit.TestLossDecreaseTrajectory" name="test_learning_rate_impact" time="0.084" /><testcase classname="tests.test_tier2_overfit.TestMultipleBackwardPasses" name="test_gradient_accumulation" time="0.006" /><testcase classname="tests.test_tier2_overfit.TestMultipleBackwardPasses" name="test_gradient_reset" time="0.006" /><testcase classname="tests.test_tier2_overfit.TestOptimizerStepping" name="test_adam_parameter_updates" time="0.004" /><testcase classname="tests.test_tier2_overfit.TestOptimizerStepping" name="test_gradient_accumulation_with_steps[1]" time="0.005" /><testcase classname="tests.test_tier2_overfit.TestOptimizerStepping" name="test_gradient_accumulation_with_steps[2]" time="0.004" /><testcase classname="tests.test_tier2_overfit.TestOptimizerStepping" name="test_gradient_accumulation_with_steps[4]" time="0.011" /><testcase classname="tests.test_tier2_overfit.TestCheckpointingSaving" name="test_state_dict_save_load" time="0.034" /><testcase classname="tests.test_tier3_data_integrity.TestDatasetShuffling" name="test_dataloader_shuffle_true_reorders" time="0.010" /><testcase classname="tests.test_tier3_data_integrity.TestDatasetShuffling" name="test_shuffle_consistency_with_seed" time="0.011" /><testcase classname="tests.test_tier3_data_integrity.TestAugmentationRanges" name="test_augmentation_brightness_in_range" time="0.012" /><testcase classname="tests.test_tier3_data_integrity.TestAugmentationRanges" name="test_augmentation_preserves_shape" time="0.005" /><testcase classname="tests.test_tier3_data_integrity.TestAugmentationRanges" name="test_augmentation_consistency[1]" time="0.004" /><testcase classname="tests.test_tier3_data_integrity.TestAugmentationRanges" name="test_augmentation_consistency[5]" time="0.005" /><testcase classname="tests.test_tier3_data_integrity.TestAugmentationRanges" name="test_augmentation_consistency[10]" time="0.008" /><testcase classname="tests.test_tier3_data_integrity.TestLabelLeakage" name="test_content_not_in_style_input" time="0.009" /><testcase classname="tests.test_tier3_data_integrity.TestLabelLeakage" name="test_target_not_in_inputs" time="0.010" /><testcase classname="tests.test_tier3_data_integrity.TestLabelLeakage" name="test_batch_indices_no_repetition" time="0.015" /><testcase classname="tests.test_tier3_data_integrity.TestCollateFunction" name="test_collate_stacks_tensors" time="0.003" /><testcase classname="tests.test_tier3_data_integrity.TestCollateFunction" name="test_collate_preserves_dtype" time="0.002" /><testcase classname="tests.test_tier3_data_integrity.TestDataLoaderDeterminism" name="test_dataloader_same_seed_same_order" time="0.014" /><testcase classname="tests.test_tier3_data_integrity.TestDataLoaderDeterminism" name="test_dataloader_different_seed_different_order" time="0.010" /><testcase classname="tests.test_tier3_data_integrity.TestValidRangeValues" name="test_image_pixel_ranges" time="0.010" /><testcase classname="tests.test_tier3_data_integrity.TestBatchesAgainstLabelLeakage" name="test_full_pipeline_no_leakage" time="0.010"><failure message="RuntimeError: stack expects each tensor to be equal size, but got [18432] at entry 0 and [9216] at entry 1">tests\test_tier3_data_integrity.py:373: in test_full_pipeline_no_leakage
    corr = torch.corrcoef(torch.stack([combined_flat[i], target_flat[i]]))[
                          ^^^^^^^^^^^^^^^^^^^^^^^^^^^^^^^^^^^^^^^^^^^^^^^
E   RuntimeError: stack expects each tensor to be equal size, but got [18432] at entry 0 and [9216] at entry 1</failure></testcase><testcase classname="tests.test_tier4_gradients.TestGradientFlowSimple" name="test_sequential_model_gradients" time="0.005" /><testcase classname="tests.test_tier4_gradients.TestGradientFlowSimple" name="test_conv_model_gradients" time="0.007" /><testcase classname="tests.test_tier4_gradients.TestGradientFlowComplex" name="test_residual_connection_gradients" time="0.020" /><testcase classname="tests.test_tier4_gradients.TestGradientFlowComplex" name="test_cross_attention_gradients" time="0.003"><failure message="ImportError: cannot import name 'MultiHeadAttention' from 'src.modules.attention' (D:\school\fontdiffusion\src\modules\attention.py)">tests\test_tier4_gradients.py:138: in test_cross_attention_gradients
    from src.modules.attention import MultiHeadAttention
E   ImportError: cannot import name 'MultiHeadAttention' from 'src.modules.attention' (D:\school\fontdiffusion\src\modules\attention.py)</failure></testcase><testcase classname="tests.test_tier4_gradients.TestGradientMagnitudes" name="test_gradient_magnitude_not_exploding" time="0.005" /><testcase classname="tests.test_tier4_gradients.TestGradientMagnitudes" name="test_gradient_magnitude_not_vanishing" time="0.003" /><testcase classname="tests.test_tier4_gradients.TestGradientAccumulation" name="test_gradient_accumulates_without_zero_grad" time="0.003" /><testcase classname="tests.test_tier4_gradients.TestGradientAccumulation" name="test_zero_grad_clears_gradients" time="0.003"><failure message="AttributeError: 'bool' object has no attribute 'all'">tests\test_tier4_gradients.py:293: in test_zero_grad_clears_gradients
    assert (model.weight.grad == 0).all()
           ^^^^^^^^^^^^^^^^^^^^^^^^^^^^
E   AttributeError: 'bool' object has no attribute 'all'</failure></testcase><testcase classname="tests.test_tier4_gradients.TestDeadLayers" name="test_detect_unrequired_grad_layers" time="0.003" /><testcase classname="tests.test_tier4_gradients.TestDeadLayers" name="test_batch_norm_training_vs_eval_gradients" time="0.003" /><testcase classname="tests.test_tier4_gradients.TestDeadLayers" name="test_conv_batch_norm_gradients" time="0.006" /><testcase classname="tests.test_tier4_gradients.TestRecurrentGradients" name="test_transformer_like_gradients" time="0.006" /><testcase classname="tests.test_tier4_gradients.TestGradientStability" name="test_gradient_consistency_across_steps" time="0.004" /><testcase classname="tests.test_tier4_gradients.TestGradientByParameterType" name="test_weight_bias_gradients" time="0.003" /><testcase classname="tests.test_tier4_gradients.TestGradientByParameterType" name="test_norm_layer_gradients" time="0.003" /><testcase classname="tests.test_training.TestTrainingSetup" name="test_training_config_parsing" time="0.006" /><testcase classname="tests.test_training.TestTrainingSetup" name="test_optimizer_creation" time="0.002" /><testcase classname="tests.test_training.TestTrainingSetup" name="test_scheduler_creation" time="0.002" /><testcase classname="tests.test_training.TestTrainingSetup" name="test_loss_computation" time="0.003"><failure message="assert False&#10; +  where False = tensor(1.9313).requires_grad">tests\test_training.py:49: in test_loss_computation
    assert loss.requires_grad
E   assert False
E    +  where False = tensor(1.9313).requires_grad</failure></testcase><testcase classname="tests.test_training.TestTrainingSetup" name="test_gradient_accumulation" time="0.003" /><testcase classname="tests.test_training.TestTrainingLoop" name="test_single_training_step" time="0.002"><error message="failed on setup with &quot;file D:\school\fontdiffusion\tests\test_training.py, line 75&#10;      @pytest.mark.unit&#10;      def test_single_training_step(self, sample_latents, sample_timestep):&#10;E       fixture 'sample_latents' not found&#10;&gt;       available fixtures: anyio_backend, anyio_backend_name, anyio_backend_options, assert_gradients_exist, assert_no_inf, assert_no_nan, assert_shape, cache, capfd, capfdbinary, caplog, capsys, capsysbinary, capteesys, cov, device, doctest_namespace, dummy_checkpoint_dir, dummy_data_dir, dummy_style_features, dummy_unet_config, extra, extras, free_tcp_port, free_tcp_port_factory, free_udp_port, free_udp_port_factory, hydra_restore_singletons, hydra_sweep_runner, hydra_task_runner, include_metadata_in_junit_xml, loss_fn, metadata, monkeypatch, no_cover, optimizer_factory, pytestconfig, record_property, record_testsuite_property, record_xml_attribute, recwarn, sample_content_image, sample_noisy_latents, sample_style_image, sample_target_image, sample_timestep, scheduler_factory, seed_everything, simple_encoder, simple_unet, subtests, temp_dir, test_config, testrun_uid, tmp_path, tmp_path_factory, tmpdir, tmpdir_factory, use_small_model, worker_id&#10;&gt;       use 'pytest --fixtures [testpath]' for help on them.&#10;&#10;D:\school\fontdiffusion\tests\test_training.py:75&quot;">file D:\school\fontdiffusion\tests\test_training.py, line 75
      @pytest.mark.unit
      def test_single_training_step(self, sample_latents, sample_timestep):
E       fixture 'sample_latents' not found
&gt;       available fixtures: anyio_backend, anyio_backend_name, anyio_backend_options, assert_gradients_exist, assert_no_inf, assert_no_nan, assert_shape, cache, capfd, capfdbinary, caplog, capsys, capsysbinary, capteesys, cov, device, doctest_namespace, dummy_checkpoint_dir, dummy_data_dir, dummy_style_features, dummy_unet_config, extra, extras, free_tcp_port, free_tcp_port_factory, free_udp_port, free_udp_port_factory, hydra_restore_singletons, hydra_sweep_runner, hydra_task_runner, include_metadata_in_junit_xml, loss_fn, metadata, monkeypatch, no_cover, optimizer_factory, pytestconfig, record_property, record_testsuite_property, record_xml_attribute, recwarn, sample_content_image, sample_noisy_latents, sample_style_image, sample_target_image, sample_timestep, scheduler_factory, seed_everything, simple_encoder, simple_unet, subtests, temp_dir, test_config, testrun_uid, tmp_path, tmp_path_factory, tmpdir, tmpdir_factory, use_small_model, worker_id
&gt;       use 'pytest --fixtures [testpath]' for help on them.

D:\school\fontdiffusion\tests\test_training.py:75</error></testcase><testcase classname="tests.test_training.TestTrainingLoop" name="test_timestep_scheduling" time="0.002" /><testcase classname="tests.test_training.TestTrainingLoop" name="test_multi_step_training" time="0.006" /><testcase classname="tests.test_utils.TestTensorOperations" name="test_tensor_reshaping" time="0.003" /><testcase classname="tests.test_utils.TestTensorOperations" name="test_tensor_concatenation" time="0.003" /><testcase classname="tests.test_utils.TestTensorOperations" name="test_tensor_device_movement" time="0.002" /><testcase classname="tests.test_utils.TestTensorOperations" name="test_gradient_operations" time="0.003" /><testcase classname="tests.test_utils.TestPathOperations" name="test_path_exists" time="0.008" /><testcase classname="tests.test_utils.TestPathOperations" name="test_glob_pattern" time="0.002"><error message="failed on setup with &quot;file D:\school\fontdiffusion\tests\test_utils.py, line 60&#10;      @pytest.mark.unit&#10;      def test_glob_pattern(self, dataset_dir):&#10;E       fixture 'dataset_dir' not found&#10;&gt;       available fixtures: anyio_backend, anyio_backend_name, anyio_backend_options, assert_gradients_exist, assert_no_inf, assert_no_nan, assert_shape, cache, capfd, capfdbinary, caplog, capsys, capsysbinary, capteesys, cov, device, doctest_namespace, dummy_checkpoint_dir, dummy_data_dir, dummy_style_features, dummy_unet_config, extra, extras, free_tcp_port, free_tcp_port_factory, free_udp_port, free_udp_port_factory, hydra_restore_singletons, hydra_sweep_runner, hydra_task_runner, include_metadata_in_junit_xml, loss_fn, metadata, monkeypatch, no_cover, optimizer_factory, pytestconfig, record_property, record_testsuite_property, record_xml_attribute, recwarn, sample_content_image, sample_noisy_latents, sample_style_image, sample_target_image, sample_timestep, scheduler_factory, seed_everything, simple_encoder, simple_unet, subtests, temp_dir, test_config, testrun_uid, tmp_path, tmp_path_factory, tmpdir, tmpdir_factory, use_small_model, worker_id&#10;&gt;       use 'pytest --fixtures [testpath]' for help on them.&#10;&#10;D:\school\fontdiffusion\tests\test_utils.py:60&quot;">file D:\school\fontdiffusion\tests\test_utils.py, line 60
      @pytest.mark.unit
      def test_glob_pattern(self, dataset_dir):
E       fixture 'dataset_dir' not found
&gt;       available fixtures: anyio_backend, anyio_backend_name, anyio_backend_options, assert_gradients_exist, assert_no_inf, assert_no_nan, assert_shape, cache, capfd, capfdbinary, caplog, capsys, capsysbinary, capteesys, cov, device, doctest_namespace, dummy_checkpoint_dir, dummy_data_dir, dummy_style_features, dummy_unet_config, extra, extras, free_tcp_port, free_tcp_port_factory, free_udp_port, free_udp_port_factory, hydra_restore_singletons, hydra_sweep_runner, hydra_task_runner, include_metadata_in_junit_xml, loss_fn, metadata, monkeypatch, no_cover, optimizer_factory, pytestconfig, record_property, record_testsuite_property, record_xml_attribute, recwarn, sample_content_image, sample_noisy_latents, sample_style_image, sample_target_image, sample_timestep, scheduler_factory, seed_everything, simple_encoder, simple_unet, subtests, temp_dir, test_config, testrun_uid, tmp_path, tmp_path_factory, tmpdir, tmpdir_factory, use_small_model, worker_id
&gt;       use 'pytest --fixtures [testpath]' for help on them.

D:\school\fontdiffusion\tests\test_utils.py:60</error></testcase></testsuite></testsuites>