<?xml version="1.0" encoding="utf-8"?><testsuites name="pytest tests"><testsuite name="pytest" errors="9" failures="11" skipped="0" tests="224" time="65.112" timestamp="2026-02-05T00:07:57.955188+07:00" hostname="LEVIATHAN"><testcase classname="tests.test_content_encoder" name="test_various_resolutions[96]" time="1.292" /><testcase classname="tests.test_style_encoder" name="test_various_resolutions[96]" time="3.796" /><testcase classname="tests.test_msse" name="test_various_scale_counts[3]" time="0.176" /><testcase classname="tests.test_identity_mapping.TestIdentityMappingLoss" name="test_initialization" time="0.007" /><testcase classname="tests.test_identity_mapping.TestIdentityMappingLoss" name="test_extract_features_3d" time="0.019" /><testcase classname="tests.test_identity_mapping.TestIdentityMappingLoss" name="test_extract_features_4d" time="0.024" /><testcase classname="tests.test_msse.TestMultiScaleStyleEncoder" name="test_initialization" time="0.059" /><testcase classname="tests.test_identity_mapping.TestIdentityMappingLoss" name="test_compute_transformation_matrix" time="0.113" /><testcase classname="tests.test_content_encoder.TestContentEncoder" name="test_initialization_96" time="0.108" /><testcase classname="tests.test_msse.TestMultiScaleStyleEncoder" name="test_output_channels" time="0.044" /><testcase classname="tests.test_dual_channel.TestDualChannelContentEncoder" name="test_initialization_concat" time="0.155" /><testcase classname="tests.test_msse.TestMultiScaleStyleEncoder" name="test_forward_output_count" time="1.903" /><testcase classname="tests.test_msse" name="test_various_scale_counts[4]" time="0.683" /><testcase classname="tests.test_dual_channel.TestDualChannelContentEncoder" name="test_initialization_weighted" time="0.025" /><testcase classname="tests.test_identity_mapping.TestIdentityMappingLoss" name="test_identity_distance_loss_frobenius" time="0.056" /><testcase classname="tests.test_dual_channel.TestDualChannelContentEncoder" name="test_1channel_input" time="0.672" /><testcase classname="tests.test_identity_mapping.TestIdentityMappingLoss" name="test_identity_distance_loss_mse" time="0.038" /><testcase classname="tests.test_identity_mapping.TestIdentityMappingLoss" name="test_identity_distance_loss_cosine" time="0.141" /><testcase classname="tests.test_identity_mapping.TestIdentityMappingLoss" name="test_orthogonality_regularization" time="0.352" /><testcase classname="tests.test_content_encoder.TestContentEncoder" name="test_initialization_128" time="0.435" /><testcase classname="tests.test_content_encoder.TestContentEncoder" name="test_forward_96" time="1.145" /><testcase classname="tests.test_style_encoder.TestStyleEncoder" name="test_initialization_96" time="0.834" /><testcase classname="tests.test_identity_mapping.TestIdentityMappingLoss" name="test_spectral_regularization" time="18.979" /><testcase classname="tests.test_msse" name="test_various_scale_counts[5]" time="2.516" /><testcase classname="tests.test_dual_channel.TestDualChannelContentEncoder" name="test_2channel_input[concat]" time="1.229" /><testcase classname="tests.test_content_encoder" name="test_various_resolutions[128]" time="2.710" /><testcase classname="tests.test_style_encoder.TestStyleEncoder" name="test_initialization_128" time="0.559" /><testcase classname="tests.test_style_encoder.TestStyleEncoder" name="test_forward_96" time="2.494" /><testcase classname="tests.test_msse.TestMultiScaleStyleEncoder" name="test_forward_output_shapes" time="1.999" /><testcase classname="tests.test_dual_channel.TestDualChannelContentEncoder" name="test_2channel_input[add]" time="1.134" /><testcase classname="tests.test_content_encoder.TestContentEncoder" name="test_forward_128" time="2.223" /><testcase classname="tests.test_dual_channel.TestDualChannelContentEncoder" name="test_2channel_input[weighted]" time="0.740" /><testcase classname="tests.test_msse" name="test_various_scale_counts[6]" time="8.742" /><testcase classname="tests.test_style_encoder" name="test_various_resolutions[128]" time="4.330" /><testcase classname="tests.test_content_encoder.TestContentEncoder" name="test_residual_features_count" time="0.811"><failure message="assert 4 == 5&#10; +  where 4 = len([tensor([[[[ 2.7106e-01,  8.5135e-01, -1.1863e+00,  ..., -2.0420e-01,\n            6.6816e-01, -5.4374e-01],\n          [ 8.8135e-01,  8.8087e-02, -5.4866e-01,  ..., -2.2842e-03,\n            3.5371e-02, -5.3474e-01],\n          [ 1.7303e-03,  3.0621e-01, -3.7577e-01,  ...,  2.0337e-01,\n            1.5132e-02,  1.4530e-01],\n          ...,\n          [-2.8329e-01, -4.3369e-01,  1.2597e-02,  ..., -7.1972e-01,\n           -1.3297e+00,  7.6498e-01],\n          [-1.0379e+00, -2.4513e-01, -6.0641e-01,  ..., -1.3623e+00,\n           -2.5494e-02, -2.0853e+00],\n          [ 9.4179e-01, -1.7966e+00, -5.8522e-01,  ...,  8.2864e-02,\n            4.1637e-01,  6.2481e-02]]],\n\n\n        [[[ 7.3607e-01,  1.6657e+00, -8.4415e-01,  ..., -1.3918e+00,\n           -2.6417e+00, -1.7393e+00],\n          [-3.6193e-02,  8.8648e-01, -2.2398e+00,  ..., -9.6333e-01,\n            6.2742e-01,  1.8669e+00],\n          [ 4.5047e-01,  1.4626e-02, -3.6335e-01,  ..., -5.3738e-01,\n           -4.1524e-01, -3.4909e-01],\n          ...,\n          [-1.1024e+00, -4.8093e-02,  5.0815e-01,  ..., -2.5071e-01,\n           -8.6470e-01,  2.4957e-02],\n          [-6.3456e-01, -1.9495e+00, -1.2834e+00,  ...,  3.3017e-01,\n           -1.2061e+00, ...-3.7118e-02,  ..., -3.2607e-02,\n           -4.9372e-02, -1.6644e-02],\n          [-1.4031e-01, -4.8297e-02, -5.7216e-02,  ..., -2.1477e-02,\n           -5.2541e-02, -2.9859e-02],\n          ...,\n          [-1.2456e-01, -4.6002e-02, -4.8402e-02,  ..., -3.2317e-02,\n           -6.7708e-02, -2.6980e-02],\n          [-1.1560e-01, -4.6028e-02, -3.7570e-02,  ..., -5.0457e-02,\n           -6.2134e-02, -1.0316e-02],\n          [-1.0065e-01, -2.9821e-02, -3.8483e-02,  ..., -3.5673e-02,\n           -3.7176e-02,  4.2786e-03]],\n\n         [[ 4.3913e-01,  4.5015e-01,  4.3019e-01,  ...,  4.4248e-01,\n            4.1746e-01,  3.4346e-01],\n          [ 4.7064e-01,  4.9542e-01,  4.8931e-01,  ...,  4.7159e-01,\n            4.7524e-01,  3.6415e-01],\n          [ 5.0171e-01,  4.8915e-01,  4.6049e-01,  ...,  4.7617e-01,\n            5.0210e-01,  3.9107e-01],\n          ...,\n          [ 4.9334e-01,  4.9673e-01,  4.7170e-01,  ...,  4.7886e-01,\n            4.9395e-01,  3.7491e-01],\n          [ 4.8232e-01,  5.1278e-01,  4.7162e-01,  ...,  4.9684e-01,\n            4.9261e-01,  3.6738e-01],\n          [ 3.9515e-01,  3.8776e-01,  3.7641e-01,  ...,  3.9603e-01,\n            3.8528e-01,  3.4019e-01]]]], grad_fn=&lt;AddBackward0&gt;)])">tests\test_content_encoder.py:107: in test_residual_features_count
    assert len(residual_features) == expected_count
E   assert 4 == 5
E    +  where 4 = len([tensor([[[[ 2.7106e-01,  8.5135e-01, -1.1863e+00,  ..., -2.0420e-01,\n            6.6816e-01, -5.4374e-01],\n          [ 8.8135e-01,  8.8087e-02, -5.4866e-01,  ..., -2.2842e-03,\n            3.5371e-02, -5.3474e-01],\n          [ 1.7303e-03,  3.0621e-01, -3.7577e-01,  ...,  2.0337e-01,\n            1.5132e-02,  1.4530e-01],\n          ...,\n          [-2.8329e-01, -4.3369e-01,  1.2597e-02,  ..., -7.1972e-01,\n           -1.3297e+00,  7.6498e-01],\n          [-1.0379e+00, -2.4513e-01, -6.0641e-01,  ..., -1.3623e+00,\n           -2.5494e-02, -2.0853e+00],\n          [ 9.4179e-01, -1.7966e+00, -5.8522e-01,  ...,  8.2864e-02,\n            4.1637e-01,  6.2481e-02]]],\n\n\n        [[[ 7.3607e-01,  1.6657e+00, -8.4415e-01,  ..., -1.3918e+00,\n           -2.6417e+00, -1.7393e+00],\n          [-3.6193e-02,  8.8648e-01, -2.2398e+00,  ..., -9.6333e-01,\n            6.2742e-01,  1.8669e+00],\n          [ 4.5047e-01,  1.4626e-02, -3.6335e-01,  ..., -5.3738e-01,\n           -4.1524e-01, -3.4909e-01],\n          ...,\n          [-1.1024e+00, -4.8093e-02,  5.0815e-01,  ..., -2.5071e-01,\n           -8.6470e-01,  2.4957e-02],\n          [-6.3456e-01, -1.9495e+00, -1.2834e+00,  ...,  3.3017e-01,\n           -1.2061e+00, ...-3.7118e-02,  ..., -3.2607e-02,\n           -4.9372e-02, -1.6644e-02],\n          [-1.4031e-01, -4.8297e-02, -5.7216e-02,  ..., -2.1477e-02,\n           -5.2541e-02, -2.9859e-02],\n          ...,\n          [-1.2456e-01, -4.6002e-02, -4.8402e-02,  ..., -3.2317e-02,\n           -6.7708e-02, -2.6980e-02],\n          [-1.1560e-01, -4.6028e-02, -3.7570e-02,  ..., -5.0457e-02,\n           -6.2134e-02, -1.0316e-02],\n          [-1.0065e-01, -2.9821e-02, -3.8483e-02,  ..., -3.5673e-02,\n           -3.7176e-02,  4.2786e-03]],\n\n         [[ 4.3913e-01,  4.5015e-01,  4.3019e-01,  ...,  4.4248e-01,\n            4.1746e-01,  3.4346e-01],\n          [ 4.7064e-01,  4.9542e-01,  4.8931e-01,  ...,  4.7159e-01,\n            4.7524e-01,  3.6415e-01],\n          [ 5.0171e-01,  4.8915e-01,  4.6049e-01,  ...,  4.7617e-01,\n            5.0210e-01,  3.9107e-01],\n          ...,\n          [ 4.9334e-01,  4.9673e-01,  4.7170e-01,  ...,  4.7886e-01,\n            4.9395e-01,  3.7491e-01],\n          [ 4.8232e-01,  5.1278e-01,  4.7162e-01,  ...,  4.9684e-01,\n            4.9261e-01,  3.6738e-01],\n          [ 3.9515e-01,  3.8776e-01,  3.7641e-01,  ...,  3.9603e-01,\n            3.8528e-01,  3.4019e-01]]]], grad_fn=&lt;AddBackward0&gt;)])</failure></testcase><testcase classname="tests.test_content_encoder" name="test_various_resolutions[256]" time="5.990" /><testcase classname="tests.test_dual_channel.TestDualChannelContentEncoder" name="test_output_consistency_between_modes" time="2.354" /><testcase classname="tests.test_msse.TestMultiScaleStyleEncoder" name="test_forward_no_nan" time="2.744" /><testcase classname="tests.test_style_encoder.TestStyleEncoder" name="test_forward_128" time="3.033" /><testcase classname="tests.test_dual_channel.TestDualChannelContentEncoder" name="test_invalid_channel_count" time="0.060" /><testcase classname="tests.test_dual_channel.TestDualChannelContentEncoder" name="test_gradient_flow_1channel" time="4.486" /><testcase classname="tests.test_content_encoder.TestContentEncoder" name="test_gradient_flow" time="5.182" /><testcase classname="tests.test_msse.TestMultiScaleStyleEncoder" name="test_gradient_flow" time="7.455" /><testcase classname="tests.test_style_encoder.TestStyleEncoder" name="test_adaptive_pooling" time="4.093" /><testcase classname="tests.test_style_encoder" name="test_various_resolutions[256]" time="5.560" /><testcase classname="tests.test_content_encoder" name="test_various_channel_counts[32]" time="2.391" /><testcase classname="tests.test_dual_channel.TestDualChannelContentEncoder" name="test_gradient_flow_2channel" time="2.763" /><testcase classname="tests.test_content_encoder.TestContentEncoder" name="test_spatial_reduction" time="0.792" /><testcase classname="tests.test_style_encoder.TestStyleEncoder" name="test_residual_features_count" time="1.937" /><testcase classname="tests.test_msse" name="test_various_base_channels[32]" time="1.292" /><testcase classname="tests.test_content_encoder" name="test_various_channel_counts[64]" time="1.151" /><testcase classname="tests.test_content_encoder.TestContentEncoder" name="test_channel_progression" time="0.744" /><testcase classname="tests.test_content_encoder.TestContentEncoder" name="test_fp16_mode" time="0.032" /><testcase classname="tests.test_content_encoder.TestContentEncoder" name="test_different_input_channels[1]" time="0.570" /><testcase classname="tests.test_msse" name="test_various_base_channels[64]" time="2.086" /><testcase classname="tests.test_content_encoder" name="test_various_channel_counts[128]" time="1.051" /><testcase classname="tests.test_style_encoder.TestStyleEncoder" name="test_gradient_flow" time="5.258" /><testcase classname="tests.test_style_encoder" name="test_various_channel_counts[32]" time="2.373" /><testcase classname="tests.test_dual_channel.TestDualChannelContentEncoder" name="test_fusion_weights_learnable" time="2.561" /><testcase classname="tests.test_content_encoder.TestContentEncoder" name="test_different_input_channels[3]" time="0.625" /><testcase classname="tests.test_msse.TestMultiScaleStyleEncoder" name="test_channel_progression" time="2.101" /><testcase classname="tests.test_identity_mapping.TestAdaptiveIdentityMappingLoss" name="test_initialization" time="0.007" /><testcase classname="tests.test_identity_mapping.TestAdaptiveIdentityMappingLoss" name="test_compute_style_similarity_identical" time="0.037" /><testcase classname="tests.test_identity_mapping.TestAdaptiveIdentityMappingLoss" name="test_compute_style_similarity_different" time="0.057" /><testcase classname="tests.test_identity_mapping.TestPooledIdentityMappingLoss" name="test_initialization" time="0.016" /><testcase classname="tests.test_identity_mapping.TestPooledIdentityMappingLoss" name="test_forward_single_pair" time="0.767" /><testcase classname="tests.test_identity_mapping.TestAdaptiveIdentityMappingLoss" name="test_forward_high_similarity" time="0.581" /><testcase classname="tests.test_identity_mapping.TestAdaptiveIdentityMappingLoss" name="test_forward_low_similarity" time="0.404" /><testcase classname="tests.test_identity_mapping.TestPooledIdentityMappingLoss" name="test_forward_multiple_pairs" time="2.618" /><testcase classname="tests.test_msse" name="test_various_base_channels[128]" time="7.409" /><testcase classname="tests.test_identity_mapping.TestAdaptiveIdentityMappingLoss" name="test_gradient_flow" time="0.876" /><testcase classname="tests.test_style_encoder" name="test_various_channel_counts[64]" time="2.434" /><testcase classname="tests.test_dual_channel.TestDualChannelContentEncoder" name="test_fusion_weights_fixed" time="2.161" /><testcase classname="tests.test_msse.TestMultiScaleStyleEncoder" name="test_spatial_reduction" time="3.127" /><testcase classname="tests.test_attention.TestSpatialTransformer" name="test_initialization" time="0.020" /><testcase classname="tests.test_attention.TestSpatialTransformer" name="test_forward_without_context" time="0.217"><failure message="RuntimeError: mat1 and mat2 shapes cannot be multiplied (2048x128 and 256x128)">tests\test_attention.py:70: in test_forward_without_context
    output = spatial_transformer(x, context=None)
             ^^^^^^^^^^^^^^^^^^^^^^^^^^^^^^^^^^^^
.venv\Lib\site-packages\torch\nn\modules\module.py:1775: in _wrapped_call_impl
    return self._call_impl(*args, **kwargs)
           ^^^^^^^^^^^^^^^^^^^^^^^^^^^^^^^^
.venv\Lib\site-packages\torch\nn\modules\module.py:1786: in _call_impl
    return forward_call(*args, **kwargs)
           ^^^^^^^^^^^^^^^^^^^^^^^^^^^^^
src\modules\attention.py:73: in forward
    hidden_states = block(
.venv\Lib\site-packages\torch\nn\modules\module.py:1775: in _wrapped_call_impl
    return self._call_impl(*args, **kwargs)
           ^^^^^^^^^^^^^^^^^^^^^^^^^^^^^^^^
.venv\Lib\site-packages\torch\nn\modules\module.py:1786: in _call_impl
    return forward_call(*args, **kwargs)
           ^^^^^^^^^^^^^^^^^^^^^^^^^^^^^
src\modules\attention.py:138: in forward
    self.attn2(self.norm2(hidden_states), context=context) + hidden_states
    ^^^^^^^^^^^^^^^^^^^^^^^^^^^^^^^^^^^^^^^^^^^^^^^^^^^^^^
.venv\Lib\site-packages\torch\nn\modules\module.py:1775: in _wrapped_call_impl
    return self._call_impl(*args, **kwargs)
           ^^^^^^^^^^^^^^^^^^^^^^^^^^^^^^^^
.venv\Lib\site-packages\torch\nn\modules\module.py:1786: in _call_impl
    return forward_call(*args, **kwargs)
           ^^^^^^^^^^^^^^^^^^^^^^^^^^^^^
src\modules\attention.py:258: in forward
    key = self.to_k(context)
          ^^^^^^^^^^^^^^^^^^
.venv\Lib\site-packages\torch\nn\modules\module.py:1775: in _wrapped_call_impl
    return self._call_impl(*args, **kwargs)
           ^^^^^^^^^^^^^^^^^^^^^^^^^^^^^^^^
.venv\Lib\site-packages\torch\nn\modules\module.py:1786: in _call_impl
    return forward_call(*args, **kwargs)
           ^^^^^^^^^^^^^^^^^^^^^^^^^^^^^
.venv\Lib\site-packages\torch\nn\modules\linear.py:134: in forward
    return F.linear(input, self.weight, self.bias)
           ^^^^^^^^^^^^^^^^^^^^^^^^^^^^^^^^^^^^^^^
E   RuntimeError: mat1 and mat2 shapes cannot be multiplied (2048x128 and 256x128)</failure></testcase><testcase classname="tests.test_identity_mapping.TestPooledIdentityMappingLoss" name="test_forward_empty_pairs" time="0.014" /><testcase classname="tests.test_identity_mapping.TestPooledIdentityMappingLoss" name="test_reduction_modes" time="1.372" /><testcase classname="tests.test_attention.TestSpatialTransformer" name="test_forward_with_context" time="0.843" /><testcase classname="tests.test_dual_channel.TestDualChannelContentEncoder" name="test_repr" time="0.108" /><testcase classname="tests.test_style_encoder" name="test_various_channel_counts[128]" time="3.997" /><testcase classname="tests.test_attention.TestCrossAttention" name="test_initialization" time="0.038" /><testcase classname="tests.test_attention.TestCrossAttention" name="test_self_attention" time="0.061"><failure message="RuntimeError: mat1 and mat2 shapes cannot be multiplied (128x256 and 512x512)">tests\test_attention.py:151: in test_self_attention
    output = cross_attention(x, context=None)
             ^^^^^^^^^^^^^^^^^^^^^^^^^^^^^^^^
.venv\Lib\site-packages\torch\nn\modules\module.py:1775: in _wrapped_call_impl
    return self._call_impl(*args, **kwargs)
           ^^^^^^^^^^^^^^^^^^^^^^^^^^^^^^^^
.venv\Lib\site-packages\torch\nn\modules\module.py:1786: in _call_impl
    return forward_call(*args, **kwargs)
           ^^^^^^^^^^^^^^^^^^^^^^^^^^^^^
src\modules\attention.py:258: in forward
    key = self.to_k(context)
          ^^^^^^^^^^^^^^^^^^
.venv\Lib\site-packages\torch\nn\modules\module.py:1775: in _wrapped_call_impl
    return self._call_impl(*args, **kwargs)
           ^^^^^^^^^^^^^^^^^^^^^^^^^^^^^^^^
.venv\Lib\site-packages\torch\nn\modules\module.py:1786: in _call_impl
    return forward_call(*args, **kwargs)
           ^^^^^^^^^^^^^^^^^^^^^^^^^^^^^
.venv\Lib\site-packages\torch\nn\modules\linear.py:134: in forward
    return F.linear(input, self.weight, self.bias)
           ^^^^^^^^^^^^^^^^^^^^^^^^^^^^^^^^^^^^^^^
E   RuntimeError: mat1 and mat2 shapes cannot be multiplied (128x256 and 512x512)</failure></testcase><testcase classname="tests.test_attention.TestSpatialTransformer" name="test_gradient_flow" time="1.448" /><testcase classname="tests.test_style_encoder.TestStyleEncoder" name="test_spatial_reduction" time="1.685" /><testcase classname="tests.test_identity_mapping.TestPooledIdentityMappingLoss" name="test_gradient_flow_multiple_pairs" time="1.637" /><testcase classname="tests.test_msse.TestResidualBlock" name="test_initialization_no_downsample" time="0.014" /><testcase classname="tests.test_msse.TestResidualBlock" name="test_initialization_with_downsample" time="0.018" /><testcase classname="tests.test_msse.TestResidualBlock" name="test_forward_no_downsample" time="0.092" /><testcase classname="tests.test_msse.TestResidualBlock" name="test_forward_with_downsample" time="0.107" /><testcase classname="tests.test_identity_mapping.TestIdentityMappingLoss" name="test_forward_same_style_pair" time="0.255" /><testcase classname="tests.test_msse.TestResidualBlock" name="test_residual_connection" time="0.142" /><testcase classname="tests.test_msse.TestResidualBlock" name="test_gradient_flow" time="0.222" /><testcase classname="tests.test_identity_mapping.TestIdentityMappingLoss" name="test_forward_different_style_pair" time="0.262" /><testcase classname="tests.test_identity_mapping.TestIdentityMappingLoss" name="test_gradient_flow" time="0.578" /><testcase classname="tests.test_attention.TestSpatialTransformer" name="test_residual_connection" time="0.200"><failure message="RuntimeError: mat1 and mat2 shapes cannot be multiplied (2048x128 and 256x128)">tests\test_attention.py:120: in test_residual_connection
    output = spatial_transformer(x, context=None)
             ^^^^^^^^^^^^^^^^^^^^^^^^^^^^^^^^^^^^
.venv\Lib\site-packages\torch\nn\modules\module.py:1775: in _wrapped_call_impl
    return self._call_impl(*args, **kwargs)
           ^^^^^^^^^^^^^^^^^^^^^^^^^^^^^^^^
.venv\Lib\site-packages\torch\nn\modules\module.py:1786: in _call_impl
    return forward_call(*args, **kwargs)
           ^^^^^^^^^^^^^^^^^^^^^^^^^^^^^
src\modules\attention.py:73: in forward
    hidden_states = block(
.venv\Lib\site-packages\torch\nn\modules\module.py:1775: in _wrapped_call_impl
    return self._call_impl(*args, **kwargs)
           ^^^^^^^^^^^^^^^^^^^^^^^^^^^^^^^^
.venv\Lib\site-packages\torch\nn\modules\module.py:1786: in _call_impl
    return forward_call(*args, **kwargs)
           ^^^^^^^^^^^^^^^^^^^^^^^^^^^^^
src\modules\attention.py:138: in forward
    self.attn2(self.norm2(hidden_states), context=context) + hidden_states
    ^^^^^^^^^^^^^^^^^^^^^^^^^^^^^^^^^^^^^^^^^^^^^^^^^^^^^^
.venv\Lib\site-packages\torch\nn\modules\module.py:1775: in _wrapped_call_impl
    return self._call_impl(*args, **kwargs)
           ^^^^^^^^^^^^^^^^^^^^^^^^^^^^^^^^
.venv\Lib\site-packages\torch\nn\modules\module.py:1786: in _call_impl
    return forward_call(*args, **kwargs)
           ^^^^^^^^^^^^^^^^^^^^^^^^^^^^^
src\modules\attention.py:258: in forward
    key = self.to_k(context)
          ^^^^^^^^^^^^^^^^^^
.venv\Lib\site-packages\torch\nn\modules\module.py:1775: in _wrapped_call_impl
    return self._call_impl(*args, **kwargs)
           ^^^^^^^^^^^^^^^^^^^^^^^^^^^^^^^^
.venv\Lib\site-packages\torch\nn\modules\module.py:1786: in _call_impl
    return forward_call(*args, **kwargs)
           ^^^^^^^^^^^^^^^^^^^^^^^^^^^^^
.venv\Lib\site-packages\torch\nn\modules\linear.py:134: in forward
    return F.linear(input, self.weight, self.bias)
           ^^^^^^^^^^^^^^^^^^^^^^^^^^^^^^^^^^^^^^^
E   RuntimeError: mat1 and mat2 shapes cannot be multiplied (2048x128 and 256x128)</failure></testcase><testcase classname="tests.test_fst.TestFontStyleTransformationModule" name="test_initialization" time="0.581" /><testcase classname="tests.test_style_encoder.TestStyleEncoder" name="test_channel_progression" time="1.332" /><testcase classname="tests.test_identity_mapping.TestIdentityMappingLoss" name="test_perfect_identity_matrix" time="0.227"><failure message="assert 8.154565811157227 &lt; 0.1&#10; +  where 8.154565811157227 = &lt;built-in method item of Tensor object at 0x000001BE775FAC60&gt;()&#10; +    where &lt;built-in method item of Tensor object at 0x000001BE775FAC60&gt; = tensor(8.1546).item">tests\test_identity_mapping.py:216: in test_perfect_identity_matrix
    assert loss.item() &lt; 0.1  # Allow small numerical error
    ^^^^^^^^^^^^^^^^^^^^^^^^
E   assert 8.154565811157227 &lt; 0.1
E    +  where 8.154565811157227 = &lt;built-in method item of Tensor object at 0x000001BE775FAC60&gt;()
E    +    where &lt;built-in method item of Tensor object at 0x000001BE775FAC60&gt; = tensor(8.1546).item</failure></testcase><testcase classname="tests.test_fst.TestFontStyleTransformationModule" name="test_forward_shape" time="4.206" /><testcase classname="tests.test_style_encoder.TestStyleEncoder" name="test_fp16_mode" time="0.491" /><testcase classname="tests.test_attention.TestCrossAttention" name="test_cross_attention" time="0.029" /><testcase classname="tests.test_attention.TestCrossAttention" name="test_attention_weights_sum_to_one" time="0.014"><failure message="RuntimeError: mat1 and mat2 shapes cannot be multiplied (32x256 and 512x512)">tests\test_attention.py:187: in test_attention_weights_sum_to_one
    _ = cross_attention(x, context=None)
        ^^^^^^^^^^^^^^^^^^^^^^^^^^^^^^^^
.venv\Lib\site-packages\torch\nn\modules\module.py:1775: in _wrapped_call_impl
    return self._call_impl(*args, **kwargs)
           ^^^^^^^^^^^^^^^^^^^^^^^^^^^^^^^^
.venv\Lib\site-packages\torch\nn\modules\module.py:1786: in _call_impl
    return forward_call(*args, **kwargs)
           ^^^^^^^^^^^^^^^^^^^^^^^^^^^^^
src\modules\attention.py:258: in forward
    key = self.to_k(context)
          ^^^^^^^^^^^^^^^^^^
.venv\Lib\site-packages\torch\nn\modules\module.py:1775: in _wrapped_call_impl
    return self._call_impl(*args, **kwargs)
           ^^^^^^^^^^^^^^^^^^^^^^^^^^^^^^^^
.venv\Lib\site-packages\torch\nn\modules\module.py:1786: in _call_impl
    return forward_call(*args, **kwargs)
           ^^^^^^^^^^^^^^^^^^^^^^^^^^^^^
.venv\Lib\site-packages\torch\nn\modules\linear.py:134: in forward
    return F.linear(input, self.weight, self.bias)
           ^^^^^^^^^^^^^^^^^^^^^^^^^^^^^^^^^^^^^^^
E   RuntimeError: mat1 and mat2 shapes cannot be multiplied (32x256 and 512x512)</failure></testcase><testcase classname="tests.test_style_encoder.TestStyleEncoder" name="test_different_input_channels[1]" time="1.169" /><testcase classname="tests.test_fst.TestCrossAttentionBlock" name="test_initialization" time="0.011" /><testcase classname="tests.test_fst.TestCrossAttentionBlock" name="test_forward_shape" time="0.086" /><testcase classname="tests.test_fst.TestCrossAttentionBlock" name="test_gradient_flow" time="0.120" /><testcase classname="tests.test_fst.TestCrossAttentionBlock" name="test_flash_attention_modes[True]" time="0.107" /><testcase classname="tests.test_attention.TestCrossAttention" name="test_gradient_flow" time="0.137" /><testcase classname="tests.test_fst.TestCrossAttentionBlock" name="test_flash_attention_modes[False]" time="0.091" /><testcase classname="tests.test_content_encoder.TestAttention" name="test_initialization" time="0.016" /><testcase classname="tests.test_content_encoder.TestAttention" name="test_forward_shape" time="0.118" /><testcase classname="tests.test_dual_channel.TestEdgeCases" name="test_batch_size_1" time="0.247" /><testcase classname="tests.test_content_encoder.TestGBlock" name="test_initialization" time="0.003"><error message="failed on setup with &quot;TypeError: Conv2d.__init__() missing 1 required positional argument: 'kernel_size'&quot;">tests\test_content_encoder.py:249: in gblock
    return GBlock(
src\modules\content_encoder.py:305: in __init__
    self.conv1 = self.which_conv(self.in_channels, self.out_channels)
                 ^^^^^^^^^^^^^^^^^^^^^^^^^^^^^^^^^^^^^^^^^^^^^^^^^^^^
E   TypeError: Conv2d.__init__() missing 1 required positional argument: 'kernel_size'</error></testcase><testcase classname="tests.test_content_encoder.TestAttention" name="test_gradient_flow" time="0.301" /><testcase classname="tests.test_style_encoder" name="test_wide_mode[True]" time="1.233" /><testcase classname="tests.test_content_encoder.TestDBlock" name="test_initialization" time="0.002"><error message="failed on setup with &quot;TypeError: SNConv2d.__init__() missing 1 required positional argument: 'kernel_size'&quot;">tests\test_content_encoder.py:181: in dblock
    return DBlock(
src\modules\content_encoder.py:252: in __init__
    self.conv1 = self.which_conv(self.in_channels, self.hidden_channels)
                 ^^^^^^^^^^^^^^^^^^^^^^^^^^^^^^^^^^^^^^^^^^^^^^^^^^^^^^^
E   TypeError: SNConv2d.__init__() missing 1 required positional argument: 'kernel_size'</error></testcase><testcase classname="tests.test_content_encoder.TestGBlock" name="test_forward_with_upsample" time="0.004"><error message="failed on setup with &quot;TypeError: Conv2d.__init__() missing 1 required positional argument: 'kernel_size'&quot;">tests\test_content_encoder.py:249: in gblock
    return GBlock(
src\modules\content_encoder.py:305: in __init__
    self.conv1 = self.which_conv(self.in_channels, self.out_channels)
                 ^^^^^^^^^^^^^^^^^^^^^^^^^^^^^^^^^^^^^^^^^^^^^^^^^^^^
E   TypeError: Conv2d.__init__() missing 1 required positional argument: 'kernel_size'</error></testcase><testcase classname="tests.test_content_encoder.TestGBlock" name="test_forward_without_upsample" time="0.008"><failure message="TypeError: Conv2d.__init__() missing 1 required positional argument: 'kernel_size'">tests\test_content_encoder.py:276: in test_forward_without_upsample
    gblock = GBlock(
src\modules\content_encoder.py:305: in __init__
    self.conv1 = self.which_conv(self.in_channels, self.out_channels)
                 ^^^^^^^^^^^^^^^^^^^^^^^^^^^^^^^^^^^^^^^^^^^^^^^^^^^^
E   TypeError: Conv2d.__init__() missing 1 required positional argument: 'kernel_size'</failure></testcase><testcase classname="tests.test_dual_channel.TestEdgeCases" name="test_large_batch_size" time="0.478" /><testcase classname="tests.test_content_encoder.TestDBlock" name="test_forward_with_downsample" time="0.006"><error message="failed on setup with &quot;TypeError: SNConv2d.__init__() missing 1 required positional argument: 'kernel_size'&quot;">tests\test_content_encoder.py:181: in dblock
    return DBlock(
src\modules\content_encoder.py:252: in __init__
    self.conv1 = self.which_conv(self.in_channels, self.hidden_channels)
                 ^^^^^^^^^^^^^^^^^^^^^^^^^^^^^^^^^^^^^^^^^^^^^^^^^^^^^^^
E   TypeError: SNConv2d.__init__() missing 1 required positional argument: 'kernel_size'</error></testcase><testcase classname="tests.test_content_encoder.TestDBlock" name="test_forward_without_downsample" time="0.003"><failure message="TypeError: SNConv2d.__init__() missing 1 required positional argument: 'kernel_size'">tests\test_content_encoder.py:208: in test_forward_without_downsample
    dblock = DBlock(
src\modules\content_encoder.py:252: in __init__
    self.conv1 = self.which_conv(self.in_channels, self.hidden_channels)
                 ^^^^^^^^^^^^^^^^^^^^^^^^^^^^^^^^^^^^^^^^^^^^^^^^^^^^^^^
E   TypeError: SNConv2d.__init__() missing 1 required positional argument: 'kernel_size'</failure></testcase><testcase classname="tests.test_content_encoder.TestAttention" name="test_gamma_learnable" time="0.248" /><testcase classname="tests.test_identity_mapping" name="test_various_loss_types[frobenius]" time="0.155" /><testcase classname="tests.test_content_encoder.TestGBlock" name="test_gradient_flow" time="0.002"><error message="failed on setup with &quot;TypeError: Conv2d.__init__() missing 1 required positional argument: 'kernel_size'&quot;">tests\test_content_encoder.py:249: in gblock
    return GBlock(
src\modules\content_encoder.py:305: in __init__
    self.conv1 = self.which_conv(self.in_channels, self.out_channels)
                 ^^^^^^^^^^^^^^^^^^^^^^^^^^^^^^^^^^^^^^^^^^^^^^^^^^^^
E   TypeError: Conv2d.__init__() missing 1 required positional argument: 'kernel_size'</error></testcase><testcase classname="tests.test_fst.TestAdaptivePositionalEncoding" name="test_initialization" time="0.004" /><testcase classname="tests.test_fst.TestAdaptivePositionalEncoding" name="test_forward_same_size" time="0.076" /><testcase classname="tests.test_style_encoder.TestStyleEncoder" name="test_different_input_channels[3]" time="1.059" /><testcase classname="tests.test_fst.TestAdaptivePositionalEncoding" name="test_forward_different_size" time="0.047" /><testcase classname="tests.test_content_encoder.TestDBlock" name="test_residual_connection" time="0.004"><error message="failed on setup with &quot;TypeError: SNConv2d.__init__() missing 1 required positional argument: 'kernel_size'&quot;">tests\test_content_encoder.py:181: in dblock
    return DBlock(
src\modules\content_encoder.py:252: in __init__
    self.conv1 = self.which_conv(self.in_channels, self.hidden_channels)
                 ^^^^^^^^^^^^^^^^^^^^^^^^^^^^^^^^^^^^^^^^^^^^^^^^^^^^^^^
E   TypeError: SNConv2d.__init__() missing 1 required positional argument: 'kernel_size'</error></testcase><testcase classname="tests.test_dual_channel" name="test_various_batch_sizes[1]" time="0.162" /><testcase classname="tests.test_identity_mapping" name="test_various_loss_types[mse]" time="0.115" /><testcase classname="tests.test_dual_channel.TestEdgeCases" name="test_all_zeros_input" time="0.204" /><testcase classname="tests.test_fst.TestAdaptivePositionalEncoding" name="test_learnable_scale" time="0.094" /><testcase classname="tests.test_content_encoder.TestDBlock" name="test_gradient_flow" time="0.002"><error message="failed on setup with &quot;TypeError: SNConv2d.__init__() missing 1 required positional argument: 'kernel_size'&quot;">tests\test_content_encoder.py:181: in dblock
    return DBlock(
src\modules\content_encoder.py:252: in __init__
    self.conv1 = self.which_conv(self.in_channels, self.hidden_channels)
                 ^^^^^^^^^^^^^^^^^^^^^^^^^^^^^^^^^^^^^^^^^^^^^^^^^^^^^^^
E   TypeError: SNConv2d.__init__() missing 1 required positional argument: 'kernel_size'</error></testcase><testcase classname="tests.test_msse.TestEdgeCases" name="test_batch_size_1" time="0.703" /><testcase classname="tests.test_identity_mapping" name="test_various_loss_types[cosine]" time="0.111" /><testcase classname="tests.test_attention.TestChannelAttnBlock" name="test_forward_with_attention" time="0.100" /><testcase classname="tests.test_dual_channel" name="test_various_batch_sizes[2]" time="0.165" /><testcase classname="tests.test_dual_channel.TestEdgeCases" name="test_all_ones_input" time="0.185" /><testcase classname="tests.test_attention.TestChannelAttnBlock" name="test_forward_without_attention" time="0.080" /><testcase classname="tests.test_identity_mapping" name="test_various_regularizations[orthogonal]" time="0.135" /><testcase classname="tests.test_attention.TestChannelAttnBlock" name="test_gradient_flow" time="0.399" /><testcase classname="tests.test_dual_channel" name="test_various_batch_sizes[4]" time="0.284" /><testcase classname="tests.test_attention.TestSELayer" name="test_forward" time="0.045" /><testcase classname="tests.test_identity_mapping" name="test_various_regularizations[spectral]" time="3.987" /><testcase classname="tests.test_attention.TestSELayer" name="test_channel_weights_bounded" time="0.025" /><testcase classname="tests.test_attention.TestSELayer" name="test_gradient_flow" time="0.080" /><testcase classname="tests.test_content_encoder.TestMLP" name="test_initialization" time="0.045" /><testcase classname="tests.test_style_encoder" name="test_wide_mode[False]" time="1.040" /><testcase classname="tests.test_dual_channel" name="test_various_batch_sizes[8]" time="0.345" /><testcase classname="tests.test_content_encoder.TestMLP" name="test_forward" time="0.082" /><testcase classname="tests.test_attention" name="test_channel_attn_block_activations[swish]" time="0.110" /><testcase classname="tests.test_content_encoder.TestMLP" name="test_gradient_flow" time="0.108" /><testcase classname="tests.test_msse.TestEdgeCases" name="test_large_batch_size" time="10.997" /><testcase classname="tests.test_attention" name="test_channel_attn_block_activations[mish]" time="0.123" /><testcase classname="tests.test_content_encoder.TestSNConv2d" name="test_initialization" time="0.009" /><testcase classname="tests.test_content_encoder.TestSNConv2d" name="test_forward" time="0.043" /><testcase classname="tests.test_content_encoder.TestSNConv2d" name="test_spectral_norm_effect" time="0.056" /><testcase classname="tests.test_attention" name="test_channel_attn_block_activations[silu]" time="0.102" /><testcase classname="tests.test_content_encoder.TestEdgeCases" name="test_batch_size_1" time="0.164" /><testcase classname="tests.test_content_encoder.TestGBlock2" name="test_initialization" time="0.008"><error message="failed on setup with &quot;TypeError: Conv2d.__init__() missing 1 required positional argument: 'kernel_size'&quot;">tests\test_content_encoder.py:308: in gblock2
    return GBlock2(
src\modules\content_encoder.py:349: in __init__
    self.conv1 = self.which_conv(self.in_channels, self.out_channels)
                 ^^^^^^^^^^^^^^^^^^^^^^^^^^^^^^^^^^^^^^^^^^^^^^^^^^^^
E   TypeError: Conv2d.__init__() missing 1 required positional argument: 'kernel_size'</error></testcase><testcase classname="tests.test_content_encoder.TestArchitecture" name="test_arch_96" time="0.005" /><testcase classname="tests.test_content_encoder.TestArchitecture" name="test_arch_128" time="0.002" /><testcase classname="tests.test_content_encoder.TestArchitecture" name="test_arch_256" time="0.002" /><testcase classname="tests.test_fst" name="test_various_query_sizes[128]" time="9.059" /><testcase classname="tests.test_content_encoder.TestEdgeCases" name="test_large_batch_size" time="0.525" /><testcase classname="tests.test_content_encoder.TestGBlock2" name="test_forward_with_skip" time="0.003"><error message="failed on setup with &quot;TypeError: Conv2d.__init__() missing 1 required positional argument: 'kernel_size'&quot;">tests\test_content_encoder.py:308: in gblock2
    return GBlock2(
src\modules\content_encoder.py:349: in __init__
    self.conv1 = self.which_conv(self.in_channels, self.out_channels)
                 ^^^^^^^^^^^^^^^^^^^^^^^^^^^^^^^^^^^^^^^^^^^^^^^^^^^^
E   TypeError: Conv2d.__init__() missing 1 required positional argument: 'kernel_size'</error></testcase><testcase classname="tests.test_content_encoder.TestGBlock2" name="test_forward_without_skip" time="0.009"><failure message="TypeError: Conv2d.__init__() missing 1 required positional argument: 'kernel_size'">tests\test_content_encoder.py:334: in test_forward_without_skip
    gblock2 = GBlock2(
src\modules\content_encoder.py:349: in __init__
    self.conv1 = self.which_conv(self.in_channels, self.out_channels)
                 ^^^^^^^^^^^^^^^^^^^^^^^^^^^^^^^^^^^^^^^^^^^^^^^^^^^^
E   TypeError: Conv2d.__init__() missing 1 required positional argument: 'kernel_size'</failure></testcase><testcase classname="tests.test_dual_channel.TestSkeletonIntegration" name="test_full_pipeline" time="1.293" /><testcase classname="tests.test_content_encoder.TestEdgeCases" name="test_all_zeros_input" time="0.330" /><testcase classname="tests.test_fst.TestSelfAttentionBlock" name="test_initialization" time="0.029" /><testcase classname="tests.test_fst.TestSelfAttentionBlock" name="test_forward_shape" time="0.189" /><testcase classname="tests.test_style_encoder.TestStyleEncoder" name="test_output_dimensions" time="1.352" /><testcase classname="tests.test_fst.TestSelfAttentionBlock" name="test_residual_connection" time="0.304" /><testcase classname="tests.test_identity_mapping.TestEdgeCases" name="test_matrix_size_mismatch" time="0.041"><failure message="RuntimeError: The size of tensor a (256) must match the size of tensor b (128) at non-singleton dimension 2">tests\test_identity_mapping.py:423: in test_matrix_size_mismatch
    loss, _ = loss_module(source, target)
              ^^^^^^^^^^^^^^^^^^^^^^^^^^^
.venv\Lib\site-packages\torch\nn\modules\module.py:1775: in _wrapped_call_impl
    return self._call_impl(*args, **kwargs)
           ^^^^^^^^^^^^^^^^^^^^^^^^^^^^^^^^
.venv\Lib\site-packages\torch\nn\modules\module.py:1786: in _call_impl
    return forward_call(*args, **kwargs)
           ^^^^^^^^^^^^^^^^^^^^^^^^^^^^^
src\modules\identity_mapping_loss.py:264: in forward
    identity_loss = self.identity_distance_loss(T)
                    ^^^^^^^^^^^^^^^^^^^^^^^^^^^^^^
src\modules\identity_mapping_loss.py:157: in identity_distance_loss
    diff = transformation_matrix - identity
           ^^^^^^^^^^^^^^^^^^^^^^^^^^^^^^^^
E   RuntimeError: The size of tensor a (256) must match the size of tensor b (128) at non-singleton dimension 2</failure></testcase><testcase classname="tests.test_fst.TestSelfAttentionBlock" name="test_gradient_flow" time="0.463" /><testcase classname="tests.test_style_encoder.TestEdgeCases" name="test_batch_size_1" time="1.731" /><testcase classname="tests.test_fst.TestFontStyleTransformationModule" name="test_gradient_flow" time="13.424" /><testcase classname="tests.test_identity_mapping.TestEdgeCases" name="test_batch_size_1" time="0.064" /><testcase classname="tests.test_identity_mapping.TestEdgeCases" name="test_large_batch_size" time="0.527" /><testcase classname="tests.test_dual_channel.TestSkeletonIntegration" name="test_skeleton_channel_ranges" time="0.310" /><testcase classname="tests.test_style_encoder.TestArchitecture" name="test_arch_96" time="0.005" /><testcase classname="tests.test_style_encoder.TestArchitecture" name="test_arch_128" time="0.005" /><testcase classname="tests.test_style_encoder.TestArchitecture" name="test_arch_256" time="0.001" /><testcase classname="tests.test_attention.TestOffsetRefStrucInter" name="test_forward" time="1.067" /><testcase classname="tests.test_dual_channel.TestSkeletonIntegration" name="test_gradient_through_full_pipeline" time="1.533" /><testcase classname="tests.test_style_encoder.TestIntegration" name="test_style_encoder_with_content_encoder" time="1.348" /><testcase classname="tests.test_attention.TestOffsetRefStrucInter" name="test_gradient_flow" time="2.937" /><testcase classname="tests.test_style_encoder.TestEdgeCases" name="test_large_batch_size" time="2.210" /><testcase classname="tests.test_identity_mapping" name="test_various_regularizations[None]" time="0.104" /><testcase classname="tests.test_content_encoder.TestLinearBlock" name="test_initialization" time="0.020" /><testcase classname="tests.test_content_encoder.TestLinearBlock" name="test_forward" time="0.032" /><testcase classname="tests.test_attention.TestFeedForward" name="test_forward" time="0.061" /><testcase classname="tests.test_content_encoder.TestLinearBlock" name="test_without_norm" time="0.011" /><testcase classname="tests.test_style_encoder.TestIntegration" name="test_style_encoder_with_msse" time="4.754" /><testcase classname="tests.test_content_encoder.TestSNLinear" name="test_initialization" time="0.010" /><testcase classname="tests.test_attention.TestFeedForward" name="test_geglu_activation" time="0.031" /><testcase classname="tests.test_content_encoder.TestSNLinear" name="test_forward" time="0.020" /><testcase classname="tests.test_fst.TestIntegration" name="test_fst_with_msse_pipeline" time="14.130" /><testcase classname="tests.test_fst.TestSelfAttention" name="test_forward_shape" time="0.045" /><testcase classname="tests.test_fst.TestSelfAttention" name="test_gradient_flow" time="0.136" /><testcase classname="tests.test_msse.TestIntegration" name="test_msse_with_fst_compatibility" time="11.789" /><testcase classname="tests.test_style_encoder.TestEdgeCases" name="test_all_zeros_input" time="2.517" /><testcase classname="tests.test_attention.TestIntegration" name="test_spatial_transformer_in_unet_context" time="0.737" /><testcase classname="tests.test_attention.TestIntegration" name="test_offset_inter_with_real_features" time="4.326" /><testcase classname="tests.test_style_encoder.TestEdgeCases" name="test_all_ones_input" time="1.948" /><testcase classname="tests.test_style_encoder.TestIntegration" name="test_style_vector_for_conditioning" time="2.081" /><testcase classname="tests.test_fst" name="test_various_query_sizes[220]" time="8.004" /><testcase classname="tests.test_content_encoder.TestIntegration" name="test_content_encoder_with_unet" time="0.572" /><testcase classname="tests.test_fst.TestCrossAttention" name="test_forward_with_same_context_value" time="0.101" /><testcase classname="tests.test_fst.TestCrossAttention" name="test_forward_with_different_context_value" time="0.088" /><testcase classname="tests.test_msse.TestEdgeCases" name="test_different_input_sizes" time="3.657" /><testcase classname="tests.test_identity_mapping.TestIntegration" name="test_with_fst_output" time="9.479" /><testcase classname="tests.test_msse.TestEdgeCases" name="test_rgb_input" time="2.026" /><testcase classname="tests.test_fst.TestFontStyleTransformationModule" name="test_learnable_queries_updated" time="6.323" /><testcase classname="tests.test_msse.TestIntegration" name="test_msse_feature_diversity" time="1.250" /><testcase classname="tests.test_style_encoder.TestConsistency" name="test_deterministic_output" time="1.052" /><testcase classname="tests.test_fst" name="test_various_query_sizes[256]" time="4.083" /><testcase classname="tests.test_fst.TestIntegration" name="test_fst_different_content_same_style" time="3.400" /><testcase classname="tests.test_style_encoder.TestConsistency" name="test_different_inputs_different_outputs" time="1.816" /><testcase classname="tests.test_fst.TestFontStyleTransformationModule" name="test_invalid_input_channels" time="0.201" /><testcase classname="tests.test_kl_div" name="test_kl_estimator_accuracy" time="0.145"><failure message="AssertionError: k3 estimator should be within 1% of true KL&#10;assert tensor(0.2935) &lt; 0.01">tests\test_kl_div.py:31: in test_kl_estimator_accuracy
    assert rel_error &lt; 0.01, "k3 estimator should be within 1% of true KL"
E   AssertionError: k3 estimator should be within 1% of true KL
E   assert tensor(0.2935) &lt; 0.01</failure></testcase><testcase classname="tests.test_kl_div" name="test_consistency_loss_behavior" time="0.101" /></testsuite></testsuites>