<?xml version="1.0" encoding="utf-8"?><testsuites name="pytest tests"><testsuite name="pytest" errors="9" failures="11" skipped="0" tests="224" time="64.481" timestamp="2026-02-05T16:51:51.636081+07:00" hostname="LEVIATHAN"><testcase classname="tests.test_content_encoder" name="test_various_resolutions[96]" time="0.769" /><testcase classname="tests.test_msse" name="test_various_scale_counts[3]" time="0.173" /><testcase classname="tests.test_style_encoder" name="test_various_resolutions[96]" time="3.534" /><testcase classname="tests.test_identity_mapping.TestIdentityMappingLoss" name="test_initialization" time="0.005" /><testcase classname="tests.test_identity_mapping.TestIdentityMappingLoss" name="test_extract_features_3d" time="0.017" /><testcase classname="tests.test_identity_mapping.TestIdentityMappingLoss" name="test_extract_features_4d" time="0.026" /><testcase classname="tests.test_msse.TestMultiScaleStyleEncoder" name="test_initialization" time="0.054" /><testcase classname="tests.test_identity_mapping.TestIdentityMappingLoss" name="test_compute_transformation_matrix" time="0.067" /><testcase classname="tests.test_dual_channel.TestDualChannelContentEncoder" name="test_initialization_concat" time="0.095" /><testcase classname="tests.test_content_encoder.TestContentEncoder" name="test_initialization_96" time="0.100" /><testcase classname="tests.test_msse.TestMultiScaleStyleEncoder" name="test_output_channels" time="0.052" /><testcase classname="tests.test_identity_mapping.TestIdentityMappingLoss" name="test_identity_distance_loss_frobenius" time="0.030" /><testcase classname="tests.test_dual_channel.TestDualChannelContentEncoder" name="test_initialization_weighted" time="0.028" /><testcase classname="tests.test_msse" name="test_various_scale_counts[4]" time="0.818" /><testcase classname="tests.test_msse.TestMultiScaleStyleEncoder" name="test_forward_output_count" time="1.657" /><testcase classname="tests.test_identity_mapping.TestIdentityMappingLoss" name="test_identity_distance_loss_mse" time="0.018" /><testcase classname="tests.test_dual_channel.TestDualChannelContentEncoder" name="test_1channel_input" time="0.336" /><testcase classname="tests.test_identity_mapping.TestIdentityMappingLoss" name="test_identity_distance_loss_cosine" time="0.022" /><testcase classname="tests.test_identity_mapping.TestIdentityMappingLoss" name="test_orthogonality_regularization" time="0.082" /><testcase classname="tests.test_identity_mapping.TestIdentityMappingLoss" name="test_spectral_regularization" time="21.749" /><testcase classname="tests.test_dual_channel.TestDualChannelContentEncoder" name="test_2channel_input[concat]" time="0.952" /><testcase classname="tests.test_content_encoder.TestContentEncoder" name="test_initialization_128" time="0.449" /><testcase classname="tests.test_content_encoder.TestContentEncoder" name="test_forward_96" time="0.995" /><testcase classname="tests.test_style_encoder.TestStyleEncoder" name="test_initialization_96" time="0.726" /><testcase classname="tests.test_content_encoder" name="test_various_resolutions[128]" time="2.831" /><testcase classname="tests.test_msse" name="test_various_scale_counts[5]" time="2.742" /><testcase classname="tests.test_style_encoder.TestStyleEncoder" name="test_initialization_128" time="0.609" /><testcase classname="tests.test_dual_channel.TestDualChannelContentEncoder" name="test_2channel_input[add]" time="0.499" /><testcase classname="tests.test_style_encoder.TestStyleEncoder" name="test_forward_96" time="2.436" /><testcase classname="tests.test_msse.TestMultiScaleStyleEncoder" name="test_forward_output_shapes" time="2.094" /><testcase classname="tests.test_dual_channel.TestDualChannelContentEncoder" name="test_2channel_input[weighted]" time="0.769" /><testcase classname="tests.test_content_encoder.TestContentEncoder" name="test_forward_128" time="2.332" /><testcase classname="tests.test_dual_channel.TestDualChannelContentEncoder" name="test_output_consistency_between_modes" time="1.757" /><testcase classname="tests.test_style_encoder" name="test_various_resolutions[128]" time="3.919" /><testcase classname="tests.test_content_encoder" name="test_various_resolutions[256]" time="5.256" /><testcase classname="tests.test_msse" name="test_various_scale_counts[6]" time="8.696" /><testcase classname="tests.test_msse.TestMultiScaleStyleEncoder" name="test_forward_no_nan" time="2.473" /><testcase classname="tests.test_content_encoder.TestContentEncoder" name="test_residual_features_count" time="0.645"><failure message="assert 4 == 5&#10; +  where 4 = len([tensor([[[[-0.0135, -0.2984,  0.6355,  ..., -0.2938, -0.5917,  0.4757],\n          [-1.1554, -0.1709,  0.3949,  ...,  0.0828,  0.2016,  0.3450],\n          [ 0.2648, -1.2472, -0.1759,  ...,  1.8248, -0.7294, -0.2541],\n          ...,\n          [-1.9456, -0.4989, -0.0067,  ..., -0.9361,  0.3719, -0.0649],\n          [-0.1005, -0.4878,  1.4018,  ...,  0.2260, -1.0343,  0.9032],\n          [ 0.6701,  1.6400,  1.0907,  ...,  2.6676,  0.2442,  0.3490]]],\n\n\n        [[[-0.7697,  0.8819,  0.2666,  ..., -0.0927, -0.6019,  0.8887],\n          [-0.1544,  1.3445, -1.6881,  ...,  2.2938,  1.3936, -0.4158],\n          [ 0.3745,  0.4454, -1.3656,  ..., -1.2204,  2.5380, -2.1839],\n          ...,\n          [-0.0761, -2.2855, -0.2615,  ..., -0.3699, -2.1746,  0.9586],\n          [-0.7640,  0.8051,  0.0665,  ..., -0.8901, -1.0428,  0.4983],\n          [-0.4193,  0.2851, -0.9961,  ..., -1.7997,  0.6498, -0.7258]]],\n\n\n        [[[ 0.1653,  0.1316, -0.3366,  ..., -0.8980, -0.6112, -0.8886],\n          [ 0.5165, -0.9019, -0.8319,  ...,  1.3748, -2.0362,  0.2059],\n          [-1.3206,  0.4782,  0.1577,  ...,  1.3616, -0.6929, -0.3361],\n          ...,\n          [-0.1519, -0.1661,  0.4235,  ..., -0.8832,  1.8557,  1... 5.7386e-01,  ...,  5.5402e-01,\n            5.5530e-01,  6.9711e-01],\n          [ 3.5726e-01,  5.7286e-01,  5.7926e-01,  ...,  5.5222e-01,\n            5.6286e-01,  6.7571e-01],\n          ...,\n          [ 3.2253e-01,  5.5055e-01,  5.7778e-01,  ...,  5.6040e-01,\n            5.7945e-01,  6.8195e-01],\n          [ 3.5803e-01,  5.7188e-01,  5.8691e-01,  ...,  5.7752e-01,\n            5.7929e-01,  6.8448e-01],\n          [ 3.8157e-01,  5.4355e-01,  5.6524e-01,  ...,  5.5946e-01,\n            5.7543e-01,  6.4511e-01]],\n\n         [[-5.3993e-01, -4.4425e-01, -4.3433e-01,  ..., -4.8545e-01,\n           -4.5219e-01, -3.3127e-01],\n          [-6.1114e-01, -5.5647e-01, -5.6539e-01,  ..., -5.6128e-01,\n           -5.6787e-01, -3.5790e-01],\n          [-6.1225e-01, -5.4558e-01, -5.3641e-01,  ..., -5.4483e-01,\n           -5.6214e-01, -3.1915e-01],\n          ...,\n          [-6.3160e-01, -5.4496e-01, -5.3218e-01,  ..., -5.3759e-01,\n           -5.3425e-01, -3.1927e-01],\n          [-5.9195e-01, -5.2279e-01, -5.2020e-01,  ..., -5.3698e-01,\n           -5.1553e-01, -3.0732e-01],\n          [-4.6340e-01, -3.9692e-01, -3.8648e-01,  ..., -3.7862e-01,\n           -3.8939e-01, -2.9812e-01]]]], grad_fn=&lt;AddBackward0&gt;)])">tests\test_content_encoder.py:107: in test_residual_features_count
    assert len(residual_features) == expected_count
E   assert 4 == 5
E    +  where 4 = len([tensor([[[[-0.0135, -0.2984,  0.6355,  ..., -0.2938, -0.5917,  0.4757],\n          [-1.1554, -0.1709,  0.3949,  ...,  0.0828,  0.2016,  0.3450],\n          [ 0.2648, -1.2472, -0.1759,  ...,  1.8248, -0.7294, -0.2541],\n          ...,\n          [-1.9456, -0.4989, -0.0067,  ..., -0.9361,  0.3719, -0.0649],\n          [-0.1005, -0.4878,  1.4018,  ...,  0.2260, -1.0343,  0.9032],\n          [ 0.6701,  1.6400,  1.0907,  ...,  2.6676,  0.2442,  0.3490]]],\n\n\n        [[[-0.7697,  0.8819,  0.2666,  ..., -0.0927, -0.6019,  0.8887],\n          [-0.1544,  1.3445, -1.6881,  ...,  2.2938,  1.3936, -0.4158],\n          [ 0.3745,  0.4454, -1.3656,  ..., -1.2204,  2.5380, -2.1839],\n          ...,\n          [-0.0761, -2.2855, -0.2615,  ..., -0.3699, -2.1746,  0.9586],\n          [-0.7640,  0.8051,  0.0665,  ..., -0.8901, -1.0428,  0.4983],\n          [-0.4193,  0.2851, -0.9961,  ..., -1.7997,  0.6498, -0.7258]]],\n\n\n        [[[ 0.1653,  0.1316, -0.3366,  ..., -0.8980, -0.6112, -0.8886],\n          [ 0.5165, -0.9019, -0.8319,  ...,  1.3748, -2.0362,  0.2059],\n          [-1.3206,  0.4782,  0.1577,  ...,  1.3616, -0.6929, -0.3361],\n          ...,\n          [-0.1519, -0.1661,  0.4235,  ..., -0.8832,  1.8557,  1... 5.7386e-01,  ...,  5.5402e-01,\n            5.5530e-01,  6.9711e-01],\n          [ 3.5726e-01,  5.7286e-01,  5.7926e-01,  ...,  5.5222e-01,\n            5.6286e-01,  6.7571e-01],\n          ...,\n          [ 3.2253e-01,  5.5055e-01,  5.7778e-01,  ...,  5.6040e-01,\n            5.7945e-01,  6.8195e-01],\n          [ 3.5803e-01,  5.7188e-01,  5.8691e-01,  ...,  5.7752e-01,\n            5.7929e-01,  6.8448e-01],\n          [ 3.8157e-01,  5.4355e-01,  5.6524e-01,  ...,  5.5946e-01,\n            5.7543e-01,  6.4511e-01]],\n\n         [[-5.3993e-01, -4.4425e-01, -4.3433e-01,  ..., -4.8545e-01,\n           -4.5219e-01, -3.3127e-01],\n          [-6.1114e-01, -5.5647e-01, -5.6539e-01,  ..., -5.6128e-01,\n           -5.6787e-01, -3.5790e-01],\n          [-6.1225e-01, -5.4558e-01, -5.3641e-01,  ..., -5.4483e-01,\n           -5.6214e-01, -3.1915e-01],\n          ...,\n          [-6.3160e-01, -5.4496e-01, -5.3218e-01,  ..., -5.3759e-01,\n           -5.3425e-01, -3.1927e-01],\n          [-5.9195e-01, -5.2279e-01, -5.2020e-01,  ..., -5.3698e-01,\n           -5.1553e-01, -3.0732e-01],\n          [-4.6340e-01, -3.9692e-01, -3.8648e-01,  ..., -3.7862e-01,\n           -3.8939e-01, -2.9812e-01]]]], grad_fn=&lt;AddBackward0&gt;)])</failure></testcase><testcase classname="tests.test_style_encoder.TestStyleEncoder" name="test_forward_128" time="2.678" /><testcase classname="tests.test_dual_channel.TestDualChannelContentEncoder" name="test_invalid_channel_count" time="0.047" /><testcase classname="tests.test_dual_channel.TestDualChannelContentEncoder" name="test_gradient_flow_1channel" time="4.198" /><testcase classname="tests.test_content_encoder.TestContentEncoder" name="test_gradient_flow" time="4.963" /><testcase classname="tests.test_msse.TestMultiScaleStyleEncoder" name="test_gradient_flow" time="7.474" /><testcase classname="tests.test_style_encoder.TestStyleEncoder" name="test_adaptive_pooling" time="3.964" /><testcase classname="tests.test_style_encoder" name="test_various_resolutions[256]" time="6.145" /><testcase classname="tests.test_content_encoder" name="test_various_channel_counts[32]" time="2.875" /><testcase classname="tests.test_dual_channel.TestDualChannelContentEncoder" name="test_gradient_flow_2channel" time="4.227" /><testcase classname="tests.test_content_encoder.TestContentEncoder" name="test_spatial_reduction" time="1.343" /><testcase classname="tests.test_style_encoder.TestStyleEncoder" name="test_residual_features_count" time="2.565" /><testcase classname="tests.test_content_encoder" name="test_various_channel_counts[64]" time="1.343" /><testcase classname="tests.test_msse" name="test_various_base_channels[32]" time="1.037" /><testcase classname="tests.test_content_encoder.TestContentEncoder" name="test_channel_progression" time="0.524" /><testcase classname="tests.test_content_encoder.TestContentEncoder" name="test_fp16_mode" time="0.042" /><testcase classname="tests.test_content_encoder.TestContentEncoder" name="test_different_input_channels[1]" time="0.580" /><testcase classname="tests.test_dual_channel.TestDualChannelContentEncoder" name="test_fusion_weights_learnable" time="2.610" /><testcase classname="tests.test_content_encoder" name="test_various_channel_counts[128]" time="0.999" /><testcase classname="tests.test_msse" name="test_various_base_channels[64]" time="2.128" /><testcase classname="tests.test_style_encoder.TestStyleEncoder" name="test_gradient_flow" time="6.106" /><testcase classname="tests.test_style_encoder" name="test_various_channel_counts[32]" time="2.430" /><testcase classname="tests.test_content_encoder.TestContentEncoder" name="test_different_input_channels[3]" time="0.464" /><testcase classname="tests.test_msse.TestMultiScaleStyleEncoder" name="test_channel_progression" time="2.203" /><testcase classname="tests.test_identity_mapping.TestAdaptiveIdentityMappingLoss" name="test_initialization" time="0.006" /><testcase classname="tests.test_identity_mapping.TestAdaptiveIdentityMappingLoss" name="test_compute_style_similarity_identical" time="0.031" /><testcase classname="tests.test_identity_mapping.TestPooledIdentityMappingLoss" name="test_initialization" time="0.018" /><testcase classname="tests.test_identity_mapping.TestPooledIdentityMappingLoss" name="test_forward_single_pair" time="0.780" /><testcase classname="tests.test_identity_mapping.TestAdaptiveIdentityMappingLoss" name="test_compute_style_similarity_different" time="0.051" /><testcase classname="tests.test_identity_mapping.TestAdaptiveIdentityMappingLoss" name="test_forward_high_similarity" time="0.566" /><testcase classname="tests.test_identity_mapping.TestAdaptiveIdentityMappingLoss" name="test_forward_low_similarity" time="0.735" /><testcase classname="tests.test_identity_mapping.TestPooledIdentityMappingLoss" name="test_forward_multiple_pairs" time="3.278" /><testcase classname="tests.test_identity_mapping.TestAdaptiveIdentityMappingLoss" name="test_gradient_flow" time="0.590" /><testcase classname="tests.test_msse" name="test_various_base_channels[128]" time="6.159" /><testcase classname="tests.test_dual_channel.TestDualChannelContentEncoder" name="test_fusion_weights_fixed" time="3.138" /><testcase classname="tests.test_style_encoder" name="test_various_channel_counts[64]" time="4.305" /><testcase classname="tests.test_msse.TestMultiScaleStyleEncoder" name="test_spatial_reduction" time="2.544" /><testcase classname="tests.test_attention.TestSpatialTransformer" name="test_initialization" time="0.019" /><testcase classname="tests.test_attention.TestSpatialTransformer" name="test_forward_without_context" time="0.338"><failure message="RuntimeError: mat1 and mat2 shapes cannot be multiplied (2048x128 and 256x128)">tests\test_attention.py:70: in test_forward_without_context
    output = spatial_transformer(x, context=None)
             ^^^^^^^^^^^^^^^^^^^^^^^^^^^^^^^^^^^^
.venv\Lib\site-packages\torch\nn\modules\module.py:1775: in _wrapped_call_impl
    return self._call_impl(*args, **kwargs)
           ^^^^^^^^^^^^^^^^^^^^^^^^^^^^^^^^
.venv\Lib\site-packages\torch\nn\modules\module.py:1786: in _call_impl
    return forward_call(*args, **kwargs)
           ^^^^^^^^^^^^^^^^^^^^^^^^^^^^^
src\modules\attention.py:73: in forward
    hidden_states = block(
.venv\Lib\site-packages\torch\nn\modules\module.py:1775: in _wrapped_call_impl
    return self._call_impl(*args, **kwargs)
           ^^^^^^^^^^^^^^^^^^^^^^^^^^^^^^^^
.venv\Lib\site-packages\torch\nn\modules\module.py:1786: in _call_impl
    return forward_call(*args, **kwargs)
           ^^^^^^^^^^^^^^^^^^^^^^^^^^^^^
src\modules\attention.py:138: in forward
    self.attn2(self.norm2(hidden_states), context=context) + hidden_states
    ^^^^^^^^^^^^^^^^^^^^^^^^^^^^^^^^^^^^^^^^^^^^^^^^^^^^^^
.venv\Lib\site-packages\torch\nn\modules\module.py:1775: in _wrapped_call_impl
    return self._call_impl(*args, **kwargs)
           ^^^^^^^^^^^^^^^^^^^^^^^^^^^^^^^^
.venv\Lib\site-packages\torch\nn\modules\module.py:1786: in _call_impl
    return forward_call(*args, **kwargs)
           ^^^^^^^^^^^^^^^^^^^^^^^^^^^^^
src\modules\attention.py:258: in forward
    key = self.to_k(context)
          ^^^^^^^^^^^^^^^^^^
.venv\Lib\site-packages\torch\nn\modules\module.py:1775: in _wrapped_call_impl
    return self._call_impl(*args, **kwargs)
           ^^^^^^^^^^^^^^^^^^^^^^^^^^^^^^^^
.venv\Lib\site-packages\torch\nn\modules\module.py:1786: in _call_impl
    return forward_call(*args, **kwargs)
           ^^^^^^^^^^^^^^^^^^^^^^^^^^^^^
.venv\Lib\site-packages\torch\nn\modules\linear.py:134: in forward
    return F.linear(input, self.weight, self.bias)
           ^^^^^^^^^^^^^^^^^^^^^^^^^^^^^^^^^^^^^^^
E   RuntimeError: mat1 and mat2 shapes cannot be multiplied (2048x128 and 256x128)</failure></testcase><testcase classname="tests.test_attention.TestSpatialTransformer" name="test_forward_with_context" time="2.097" /><testcase classname="tests.test_identity_mapping.TestPooledIdentityMappingLoss" name="test_forward_empty_pairs" time="0.067" /><testcase classname="tests.test_identity_mapping.TestPooledIdentityMappingLoss" name="test_reduction_modes" time="3.581" /><testcase classname="tests.test_msse.TestResidualBlock" name="test_initialization_no_downsample" time="0.004" /><testcase classname="tests.test_msse.TestResidualBlock" name="test_initialization_with_downsample" time="0.006" /><testcase classname="tests.test_msse.TestResidualBlock" name="test_forward_no_downsample" time="0.214" /><testcase classname="tests.test_dual_channel.TestDualChannelContentEncoder" name="test_repr" time="0.042" /><testcase classname="tests.test_msse.TestResidualBlock" name="test_forward_with_downsample" time="0.402" /><testcase classname="tests.test_attention.TestCrossAttention" name="test_initialization" time="0.013" /><testcase classname="tests.test_attention.TestCrossAttention" name="test_self_attention" time="0.026"><failure message="RuntimeError: mat1 and mat2 shapes cannot be multiplied (128x256 and 512x512)">tests\test_attention.py:151: in test_self_attention
    output = cross_attention(x, context=None)
             ^^^^^^^^^^^^^^^^^^^^^^^^^^^^^^^^
.venv\Lib\site-packages\torch\nn\modules\module.py:1775: in _wrapped_call_impl
    return self._call_impl(*args, **kwargs)
           ^^^^^^^^^^^^^^^^^^^^^^^^^^^^^^^^
.venv\Lib\site-packages\torch\nn\modules\module.py:1786: in _call_impl
    return forward_call(*args, **kwargs)
           ^^^^^^^^^^^^^^^^^^^^^^^^^^^^^
src\modules\attention.py:258: in forward
    key = self.to_k(context)
          ^^^^^^^^^^^^^^^^^^
.venv\Lib\site-packages\torch\nn\modules\module.py:1775: in _wrapped_call_impl
    return self._call_impl(*args, **kwargs)
           ^^^^^^^^^^^^^^^^^^^^^^^^^^^^^^^^
.venv\Lib\site-packages\torch\nn\modules\module.py:1786: in _call_impl
    return forward_call(*args, **kwargs)
           ^^^^^^^^^^^^^^^^^^^^^^^^^^^^^
.venv\Lib\site-packages\torch\nn\modules\linear.py:134: in forward
    return F.linear(input, self.weight, self.bias)
           ^^^^^^^^^^^^^^^^^^^^^^^^^^^^^^^^^^^^^^^
E   RuntimeError: mat1 and mat2 shapes cannot be multiplied (128x256 and 512x512)</failure></testcase><testcase classname="tests.test_msse.TestResidualBlock" name="test_residual_connection" time="0.579" /><testcase classname="tests.test_style_encoder.TestStyleEncoder" name="test_spatial_reduction" time="2.315" /><testcase classname="tests.test_attention.TestSpatialTransformer" name="test_gradient_flow" time="2.401" /><testcase classname="tests.test_msse.TestResidualBlock" name="test_gradient_flow" time="0.779" /><testcase classname="tests.test_style_encoder" name="test_various_channel_counts[128]" time="2.691" /><testcase classname="tests.test_attention.TestCrossAttention" name="test_cross_attention" time="0.226" /><testcase classname="tests.test_attention.TestCrossAttention" name="test_attention_weights_sum_to_one" time="0.048"><failure message="RuntimeError: mat1 and mat2 shapes cannot be multiplied (32x256 and 512x512)">tests\test_attention.py:187: in test_attention_weights_sum_to_one
    _ = cross_attention(x, context=None)
        ^^^^^^^^^^^^^^^^^^^^^^^^^^^^^^^^
.venv\Lib\site-packages\torch\nn\modules\module.py:1775: in _wrapped_call_impl
    return self._call_impl(*args, **kwargs)
           ^^^^^^^^^^^^^^^^^^^^^^^^^^^^^^^^
.venv\Lib\site-packages\torch\nn\modules\module.py:1786: in _call_impl
    return forward_call(*args, **kwargs)
           ^^^^^^^^^^^^^^^^^^^^^^^^^^^^^
src\modules\attention.py:258: in forward
    key = self.to_k(context)
          ^^^^^^^^^^^^^^^^^^
.venv\Lib\site-packages\torch\nn\modules\module.py:1775: in _wrapped_call_impl
    return self._call_impl(*args, **kwargs)
           ^^^^^^^^^^^^^^^^^^^^^^^^^^^^^^^^
.venv\Lib\site-packages\torch\nn\modules\module.py:1786: in _call_impl
    return forward_call(*args, **kwargs)
           ^^^^^^^^^^^^^^^^^^^^^^^^^^^^^
.venv\Lib\site-packages\torch\nn\modules\linear.py:134: in forward
    return F.linear(input, self.weight, self.bias)
           ^^^^^^^^^^^^^^^^^^^^^^^^^^^^^^^^^^^^^^^
E   RuntimeError: mat1 and mat2 shapes cannot be multiplied (32x256 and 512x512)</failure></testcase><testcase classname="tests.test_fst.TestCrossAttentionBlock" name="test_initialization" time="0.007" /><testcase classname="tests.test_fst.TestCrossAttentionBlock" name="test_forward_shape" time="0.503" /><testcase classname="tests.test_attention.TestCrossAttention" name="test_gradient_flow" time="0.475" /><testcase classname="tests.test_fst.TestCrossAttentionBlock" name="test_gradient_flow" time="0.596" /><testcase classname="tests.test_content_encoder.TestGBlock" name="test_initialization" time="0.003"><error message="failed on setup with &quot;TypeError: Conv2d.__init__() missing 1 required positional argument: 'kernel_size'&quot;">tests\test_content_encoder.py:249: in gblock
    return GBlock(
src\modules\content_encoder.py:305: in __init__
    self.conv1 = self.which_conv(self.in_channels, self.out_channels)
                 ^^^^^^^^^^^^^^^^^^^^^^^^^^^^^^^^^^^^^^^^^^^^^^^^^^^^
E   TypeError: Conv2d.__init__() missing 1 required positional argument: 'kernel_size'</error></testcase><testcase classname="tests.test_identity_mapping" name="test_various_loss_types[frobenius]" time="0.157" /><testcase classname="tests.test_fst.TestCrossAttentionBlock" name="test_flash_attention_modes[True]" time="0.051" /><testcase classname="tests.test_content_encoder.TestGBlock" name="test_forward_with_upsample" time="0.002"><error message="failed on setup with &quot;TypeError: Conv2d.__init__() missing 1 required positional argument: 'kernel_size'&quot;">tests\test_content_encoder.py:249: in gblock
    return GBlock(
src\modules\content_encoder.py:305: in __init__
    self.conv1 = self.which_conv(self.in_channels, self.out_channels)
                 ^^^^^^^^^^^^^^^^^^^^^^^^^^^^^^^^^^^^^^^^^^^^^^^^^^^^
E   TypeError: Conv2d.__init__() missing 1 required positional argument: 'kernel_size'</error></testcase><testcase classname="tests.test_content_encoder.TestGBlock" name="test_forward_without_upsample" time="0.002"><failure message="TypeError: Conv2d.__init__() missing 1 required positional argument: 'kernel_size'">tests\test_content_encoder.py:276: in test_forward_without_upsample
    gblock = GBlock(
src\modules\content_encoder.py:305: in __init__
    self.conv1 = self.which_conv(self.in_channels, self.out_channels)
                 ^^^^^^^^^^^^^^^^^^^^^^^^^^^^^^^^^^^^^^^^^^^^^^^^^^^^
E   TypeError: Conv2d.__init__() missing 1 required positional argument: 'kernel_size'</failure></testcase><testcase classname="tests.test_style_encoder.TestStyleEncoder" name="test_channel_progression" time="0.758" /><testcase classname="tests.test_fst.TestCrossAttentionBlock" name="test_flash_attention_modes[False]" time="0.092" /><testcase classname="tests.test_identity_mapping.TestPooledIdentityMappingLoss" name="test_gradient_flow_multiple_pairs" time="1.389" /><testcase classname="tests.test_identity_mapping" name="test_various_loss_types[mse]" time="0.130" /><testcase classname="tests.test_content_encoder.TestAttention" name="test_initialization" time="0.004" /><testcase classname="tests.test_content_encoder.TestAttention" name="test_forward_shape" time="0.075" /><testcase classname="tests.test_content_encoder.TestGBlock" name="test_gradient_flow" time="0.002"><error message="failed on setup with &quot;TypeError: Conv2d.__init__() missing 1 required positional argument: 'kernel_size'&quot;">tests\test_content_encoder.py:249: in gblock
    return GBlock(
src\modules\content_encoder.py:305: in __init__
    self.conv1 = self.which_conv(self.in_channels, self.out_channels)
                 ^^^^^^^^^^^^^^^^^^^^^^^^^^^^^^^^^^^^^^^^^^^^^^^^^^^^
E   TypeError: Conv2d.__init__() missing 1 required positional argument: 'kernel_size'</error></testcase><testcase classname="tests.test_dual_channel.TestEdgeCases" name="test_batch_size_1" time="0.171" /><testcase classname="tests.test_identity_mapping.TestIdentityMappingLoss" name="test_forward_same_style_pair" time="0.136" /><testcase classname="tests.test_content_encoder.TestAttention" name="test_gradient_flow" time="0.275" /><testcase classname="tests.test_identity_mapping" name="test_various_loss_types[cosine]" time="0.155" /><testcase classname="tests.test_identity_mapping.TestIdentityMappingLoss" name="test_forward_different_style_pair" time="0.226" /><testcase classname="tests.test_dual_channel.TestEdgeCases" name="test_large_batch_size" time="0.445" /><testcase classname="tests.test_style_encoder.TestStyleEncoder" name="test_fp16_mode" time="0.398" /><testcase classname="tests.test_identity_mapping" name="test_various_regularizations[orthogonal]" time="0.200" /><testcase classname="tests.test_attention.TestSpatialTransformer" name="test_residual_connection" time="0.156"><failure message="RuntimeError: mat1 and mat2 shapes cannot be multiplied (2048x128 and 256x128)">tests\test_attention.py:120: in test_residual_connection
    output = spatial_transformer(x, context=None)
             ^^^^^^^^^^^^^^^^^^^^^^^^^^^^^^^^^^^^
.venv\Lib\site-packages\torch\nn\modules\module.py:1775: in _wrapped_call_impl
    return self._call_impl(*args, **kwargs)
           ^^^^^^^^^^^^^^^^^^^^^^^^^^^^^^^^
.venv\Lib\site-packages\torch\nn\modules\module.py:1786: in _call_impl
    return forward_call(*args, **kwargs)
           ^^^^^^^^^^^^^^^^^^^^^^^^^^^^^
src\modules\attention.py:73: in forward
    hidden_states = block(
.venv\Lib\site-packages\torch\nn\modules\module.py:1775: in _wrapped_call_impl
    return self._call_impl(*args, **kwargs)
           ^^^^^^^^^^^^^^^^^^^^^^^^^^^^^^^^
.venv\Lib\site-packages\torch\nn\modules\module.py:1786: in _call_impl
    return forward_call(*args, **kwargs)
           ^^^^^^^^^^^^^^^^^^^^^^^^^^^^^
src\modules\attention.py:138: in forward
    self.attn2(self.norm2(hidden_states), context=context) + hidden_states
    ^^^^^^^^^^^^^^^^^^^^^^^^^^^^^^^^^^^^^^^^^^^^^^^^^^^^^^
.venv\Lib\site-packages\torch\nn\modules\module.py:1775: in _wrapped_call_impl
    return self._call_impl(*args, **kwargs)
           ^^^^^^^^^^^^^^^^^^^^^^^^^^^^^^^^
.venv\Lib\site-packages\torch\nn\modules\module.py:1786: in _call_impl
    return forward_call(*args, **kwargs)
           ^^^^^^^^^^^^^^^^^^^^^^^^^^^^^
src\modules\attention.py:258: in forward
    key = self.to_k(context)
          ^^^^^^^^^^^^^^^^^^
.venv\Lib\site-packages\torch\nn\modules\module.py:1775: in _wrapped_call_impl
    return self._call_impl(*args, **kwargs)
           ^^^^^^^^^^^^^^^^^^^^^^^^^^^^^^^^
.venv\Lib\site-packages\torch\nn\modules\module.py:1786: in _call_impl
    return forward_call(*args, **kwargs)
           ^^^^^^^^^^^^^^^^^^^^^^^^^^^^^
.venv\Lib\site-packages\torch\nn\modules\linear.py:134: in forward
    return F.linear(input, self.weight, self.bias)
           ^^^^^^^^^^^^^^^^^^^^^^^^^^^^^^^^^^^^^^^
E   RuntimeError: mat1 and mat2 shapes cannot be multiplied (2048x128 and 256x128)</failure></testcase><testcase classname="tests.test_content_encoder.TestAttention" name="test_gamma_learnable" time="0.353" /><testcase classname="tests.test_identity_mapping.TestIdentityMappingLoss" name="test_gradient_flow" time="0.582" /><testcase classname="tests.test_identity_mapping" name="test_various_regularizations[spectral]" time="17.437" /><testcase classname="tests.test_style_encoder.TestStyleEncoder" name="test_different_input_channels[1]" time="1.141" /><testcase classname="tests.test_dual_channel.TestEdgeCases" name="test_all_zeros_input" time="0.247" /><testcase classname="tests.test_dual_channel.TestEdgeCases" name="test_all_ones_input" time="0.211" /><testcase classname="tests.test_dual_channel" name="test_various_batch_sizes[1]" time="0.366" /><testcase classname="tests.test_identity_mapping.TestIdentityMappingLoss" name="test_perfect_identity_matrix" time="0.141"><failure message="assert 8.159215927124023 &lt; 0.1&#10; +  where 8.159215927124023 = &lt;built-in method item of Tensor object at 0x00000167E19D3340&gt;()&#10; +    where &lt;built-in method item of Tensor object at 0x00000167E19D3340&gt; = tensor(8.1592).item">tests\test_identity_mapping.py:216: in test_perfect_identity_matrix
    assert loss.item() &lt; 0.1  # Allow small numerical error
    ^^^^^^^^^^^^^^^^^^^^^^^^
E   assert 8.159215927124023 &lt; 0.1
E    +  where 8.159215927124023 = &lt;built-in method item of Tensor object at 0x00000167E19D3340&gt;()
E    +    where &lt;built-in method item of Tensor object at 0x00000167E19D3340&gt; = tensor(8.1592).item</failure></testcase><testcase classname="tests.test_dual_channel" name="test_various_batch_sizes[2]" time="0.382" /><testcase classname="tests.test_msse.TestEdgeCases" name="test_batch_size_1" time="0.661" /><testcase classname="tests.test_style_encoder" name="test_wide_mode[True]" time="2.622" /><testcase classname="tests.test_fst.TestFontStyleTransformationModule" name="test_initialization" time="0.240" /><testcase classname="tests.test_dual_channel" name="test_various_batch_sizes[4]" time="0.770" /><testcase classname="tests.test_fst.TestFontStyleTransformationModule" name="test_forward_shape" time="9.614" /><testcase classname="tests.test_msse.TestEdgeCases" name="test_large_batch_size" time="5.923" /><testcase classname="tests.test_style_encoder.TestStyleEncoder" name="test_different_input_channels[3]" time="1.801" /><testcase classname="tests.test_fst.TestSelfAttentionBlock" name="test_initialization" time="0.010" /><testcase classname="tests.test_fst.TestSelfAttentionBlock" name="test_forward_shape" time="0.393" /><testcase classname="tests.test_dual_channel" name="test_various_batch_sizes[8]" time="0.977" /><testcase classname="tests.test_content_encoder.TestDBlock" name="test_initialization" time="0.002"><error message="failed on setup with &quot;TypeError: SNConv2d.__init__() missing 1 required positional argument: 'kernel_size'&quot;">tests\test_content_encoder.py:181: in dblock
    return DBlock(
src\modules\content_encoder.py:252: in __init__
    self.conv1 = self.which_conv(self.in_channels, self.hidden_channels)
                 ^^^^^^^^^^^^^^^^^^^^^^^^^^^^^^^^^^^^^^^^^^^^^^^^^^^^^^^
E   TypeError: SNConv2d.__init__() missing 1 required positional argument: 'kernel_size'</error></testcase><testcase classname="tests.test_content_encoder.TestDBlock" name="test_forward_with_downsample" time="0.003"><error message="failed on setup with &quot;TypeError: SNConv2d.__init__() missing 1 required positional argument: 'kernel_size'&quot;">tests\test_content_encoder.py:181: in dblock
    return DBlock(
src\modules\content_encoder.py:252: in __init__
    self.conv1 = self.which_conv(self.in_channels, self.hidden_channels)
                 ^^^^^^^^^^^^^^^^^^^^^^^^^^^^^^^^^^^^^^^^^^^^^^^^^^^^^^^
E   TypeError: SNConv2d.__init__() missing 1 required positional argument: 'kernel_size'</error></testcase><testcase classname="tests.test_content_encoder.TestDBlock" name="test_forward_without_downsample" time="0.005"><failure message="TypeError: SNConv2d.__init__() missing 1 required positional argument: 'kernel_size'">tests\test_content_encoder.py:208: in test_forward_without_downsample
    dblock = DBlock(
src\modules\content_encoder.py:252: in __init__
    self.conv1 = self.which_conv(self.in_channels, self.hidden_channels)
                 ^^^^^^^^^^^^^^^^^^^^^^^^^^^^^^^^^^^^^^^^^^^^^^^^^^^^^^^
E   TypeError: SNConv2d.__init__() missing 1 required positional argument: 'kernel_size'</failure></testcase><testcase classname="tests.test_fst.TestSelfAttentionBlock" name="test_residual_connection" time="0.951" /><testcase classname="tests.test_content_encoder.TestDBlock" name="test_residual_connection" time="0.002"><error message="failed on setup with &quot;TypeError: SNConv2d.__init__() missing 1 required positional argument: 'kernel_size'&quot;">tests\test_content_encoder.py:181: in dblock
    return DBlock(
src\modules\content_encoder.py:252: in __init__
    self.conv1 = self.which_conv(self.in_channels, self.hidden_channels)
                 ^^^^^^^^^^^^^^^^^^^^^^^^^^^^^^^^^^^^^^^^^^^^^^^^^^^^^^^
E   TypeError: SNConv2d.__init__() missing 1 required positional argument: 'kernel_size'</error></testcase><testcase classname="tests.test_content_encoder.TestDBlock" name="test_gradient_flow" time="0.002"><error message="failed on setup with &quot;TypeError: SNConv2d.__init__() missing 1 required positional argument: 'kernel_size'&quot;">tests\test_content_encoder.py:181: in dblock
    return DBlock(
src\modules\content_encoder.py:252: in __init__
    self.conv1 = self.which_conv(self.in_channels, self.hidden_channels)
                 ^^^^^^^^^^^^^^^^^^^^^^^^^^^^^^^^^^^^^^^^^^^^^^^^^^^^^^^
E   TypeError: SNConv2d.__init__() missing 1 required positional argument: 'kernel_size'</error></testcase><testcase classname="tests.test_content_encoder.TestGBlock2" name="test_initialization" time="0.002"><error message="failed on setup with &quot;TypeError: Conv2d.__init__() missing 1 required positional argument: 'kernel_size'&quot;">tests\test_content_encoder.py:308: in gblock2
    return GBlock2(
src\modules\content_encoder.py:349: in __init__
    self.conv1 = self.which_conv(self.in_channels, self.out_channels)
                 ^^^^^^^^^^^^^^^^^^^^^^^^^^^^^^^^^^^^^^^^^^^^^^^^^^^^
E   TypeError: Conv2d.__init__() missing 1 required positional argument: 'kernel_size'</error></testcase><testcase classname="tests.test_content_encoder.TestGBlock2" name="test_forward_with_skip" time="0.002"><error message="failed on setup with &quot;TypeError: Conv2d.__init__() missing 1 required positional argument: 'kernel_size'&quot;">tests\test_content_encoder.py:308: in gblock2
    return GBlock2(
src\modules\content_encoder.py:349: in __init__
    self.conv1 = self.which_conv(self.in_channels, self.out_channels)
                 ^^^^^^^^^^^^^^^^^^^^^^^^^^^^^^^^^^^^^^^^^^^^^^^^^^^^
E   TypeError: Conv2d.__init__() missing 1 required positional argument: 'kernel_size'</error></testcase><testcase classname="tests.test_content_encoder.TestGBlock2" name="test_forward_without_skip" time="0.003"><failure message="TypeError: Conv2d.__init__() missing 1 required positional argument: 'kernel_size'">tests\test_content_encoder.py:334: in test_forward_without_skip
    gblock2 = GBlock2(
src\modules\content_encoder.py:349: in __init__
    self.conv1 = self.which_conv(self.in_channels, self.out_channels)
                 ^^^^^^^^^^^^^^^^^^^^^^^^^^^^^^^^^^^^^^^^^^^^^^^^^^^^
E   TypeError: Conv2d.__init__() missing 1 required positional argument: 'kernel_size'</failure></testcase><testcase classname="tests.test_attention.TestSELayer" name="test_forward" time="0.067" /><testcase classname="tests.test_content_encoder.TestLinearBlock" name="test_initialization" time="0.004" /><testcase classname="tests.test_content_encoder.TestLinearBlock" name="test_forward" time="0.078" /><testcase classname="tests.test_attention.TestSELayer" name="test_channel_weights_bounded" time="0.056" /><testcase classname="tests.test_content_encoder.TestLinearBlock" name="test_without_norm" time="0.008" /><testcase classname="tests.test_content_encoder.TestMLP" name="test_initialization" time="0.032" /><testcase classname="tests.test_attention.TestSELayer" name="test_gradient_flow" time="0.171" /><testcase classname="tests.test_content_encoder.TestMLP" name="test_forward" time="0.174" /><testcase classname="tests.test_fst.TestSelfAttentionBlock" name="test_gradient_flow" time="1.575" /><testcase classname="tests.test_content_encoder.TestSNConv2d" name="test_initialization" time="0.003" /><testcase classname="tests.test_content_encoder.TestSNConv2d" name="test_forward" time="0.051" /><testcase classname="tests.test_content_encoder.TestMLP" name="test_gradient_flow" time="0.533" /><testcase classname="tests.test_content_encoder.TestSNConv2d" name="test_spectral_norm_effect" time="0.086" /><testcase classname="tests.test_content_encoder.TestEdgeCases" name="test_batch_size_1" time="0.933" /><testcase classname="tests.test_style_encoder" name="test_wide_mode[False]" time="3.049" /><testcase classname="tests.test_content_encoder.TestArchitecture" name="test_arch_96" time="0.002" /><testcase classname="tests.test_content_encoder.TestArchitecture" name="test_arch_128" time="0.002" /><testcase classname="tests.test_content_encoder.TestArchitecture" name="test_arch_256" time="0.002" /><testcase classname="tests.test_style_encoder.TestStyleEncoder" name="test_output_dimensions" time="2.020" /><testcase classname="tests.test_dual_channel.TestSkeletonIntegration" name="test_full_pipeline" time="1.865" /><testcase classname="tests.test_content_encoder.TestEdgeCases" name="test_large_batch_size" time="0.763" /><testcase classname="tests.test_attention" name="test_channel_attn_block_activations[swish]" time="0.376" /><testcase classname="tests.test_content_encoder.TestEdgeCases" name="test_all_zeros_input" time="0.656" /><testcase classname="tests.test_attention" name="test_channel_attn_block_activations[mish]" time="0.339" /><testcase classname="tests.test_attention.TestChannelAttnBlock" name="test_forward_with_attention" time="0.200" /><testcase classname="tests.test_attention" name="test_channel_attn_block_activations[silu]" time="0.490" /><testcase classname="tests.test_attention.TestChannelAttnBlock" name="test_forward_without_attention" time="0.268" /><testcase classname="tests.test_dual_channel.TestSkeletonIntegration" name="test_skeleton_channel_ranges" time="0.263" /><testcase classname="tests.test_fst" name="test_various_query_sizes[128]" time="10.601" /><testcase classname="tests.test_attention.TestChannelAttnBlock" name="test_gradient_flow" time="1.062" /><testcase classname="tests.test_identity_mapping.TestEdgeCases" name="test_matrix_size_mismatch" time="0.184"><failure message="RuntimeError: The size of tensor a (256) must match the size of tensor b (128) at non-singleton dimension 2">tests\test_identity_mapping.py:423: in test_matrix_size_mismatch
    loss, _ = loss_module(source, target)
              ^^^^^^^^^^^^^^^^^^^^^^^^^^^
.venv\Lib\site-packages\torch\nn\modules\module.py:1775: in _wrapped_call_impl
    return self._call_impl(*args, **kwargs)
           ^^^^^^^^^^^^^^^^^^^^^^^^^^^^^^^^
.venv\Lib\site-packages\torch\nn\modules\module.py:1786: in _call_impl
    return forward_call(*args, **kwargs)
           ^^^^^^^^^^^^^^^^^^^^^^^^^^^^^
src\modules\identity_mapping_loss.py:264: in forward
    identity_loss = self.identity_distance_loss(T)
                    ^^^^^^^^^^^^^^^^^^^^^^^^^^^^^^
src\modules\identity_mapping_loss.py:157: in identity_distance_loss
    diff = transformation_matrix - identity
           ^^^^^^^^^^^^^^^^^^^^^^^^^^^^^^^^
E   RuntimeError: The size of tensor a (256) must match the size of tensor b (128) at non-singleton dimension 2</failure></testcase><testcase classname="tests.test_dual_channel.TestSkeletonIntegration" name="test_gradient_through_full_pipeline" time="2.997" /><testcase classname="tests.test_style_encoder.TestEdgeCases" name="test_batch_size_1" time="1.411" /><testcase classname="tests.test_identity_mapping.TestEdgeCases" name="test_batch_size_1" time="0.430" /><testcase classname="tests.test_style_encoder.TestArchitecture" name="test_arch_96" time="0.002" /><testcase classname="tests.test_style_encoder.TestArchitecture" name="test_arch_128" time="0.001" /><testcase classname="tests.test_style_encoder.TestArchitecture" name="test_arch_256" time="0.001" /><testcase classname="tests.test_identity_mapping.TestEdgeCases" name="test_large_batch_size" time="0.434" /><testcase classname="tests.test_attention.TestOffsetRefStrucInter" name="test_forward" time="0.708" /><testcase classname="tests.test_msse.TestEdgeCases" name="test_different_input_sizes" time="3.589" /><testcase classname="tests.test_attention.TestFeedForward" name="test_forward" time="0.060" /><testcase classname="tests.test_attention.TestFeedForward" name="test_geglu_activation" time="0.024" /><testcase classname="tests.test_fst.TestSelfAttention" name="test_forward_shape" time="0.036" /><testcase classname="tests.test_fst.TestSelfAttention" name="test_gradient_flow" time="0.304" /><testcase classname="tests.test_attention.TestOffsetRefStrucInter" name="test_gradient_flow" time="2.778" /><testcase classname="tests.test_fst.TestCrossAttention" name="test_forward_with_same_context_value" time="0.136" /><testcase classname="tests.test_style_encoder.TestEdgeCases" name="test_large_batch_size" time="3.726" /><testcase classname="tests.test_fst.TestCrossAttention" name="test_forward_with_different_context_value" time="0.193" /><testcase classname="tests.test_fst.TestIntegration" name="test_fst_with_msse_pipeline" time="13.598" /><testcase classname="tests.test_style_encoder.TestIntegration" name="test_style_encoder_with_content_encoder" time="5.586" /><testcase classname="tests.test_attention.TestIntegration" name="test_spatial_transformer_in_unet_context" time="0.871" /><testcase classname="tests.test_msse.TestEdgeCases" name="test_rgb_input" time="2.118" /><testcase classname="tests.test_fst.TestFontStyleTransformationModule" name="test_gradient_flow" time="11.875" /><testcase classname="tests.test_attention.TestIntegration" name="test_offset_inter_with_real_features" time="2.408" /><testcase classname="tests.test_style_encoder.TestEdgeCases" name="test_all_zeros_input" time="4.098" /><testcase classname="tests.test_content_encoder.TestSNLinear" name="test_initialization" time="0.005" /><testcase classname="tests.test_content_encoder.TestSNLinear" name="test_forward" time="0.055" /><testcase classname="tests.test_content_encoder.TestIntegration" name="test_content_encoder_with_unet" time="0.702" /><testcase classname="tests.test_msse.TestIntegration" name="test_msse_with_fst_compatibility" time="6.731" /><testcase classname="tests.test_identity_mapping.TestIntegration" name="test_with_fst_output" time="9.156" /><testcase classname="tests.test_style_encoder.TestIntegration" name="test_style_encoder_with_msse" time="3.545" /><testcase classname="tests.test_style_encoder.TestEdgeCases" name="test_all_ones_input" time="1.497" /><testcase classname="tests.test_fst" name="test_various_query_sizes[220]" time="4.439" /><testcase classname="tests.test_style_encoder.TestConsistency" name="test_deterministic_output" time="2.490" /><testcase classname="tests.test_identity_mapping" name="test_various_regularizations[None]" time="0.462" /><testcase classname="tests.test_fst.TestAdaptivePositionalEncoding" name="test_initialization" time="0.003" /><testcase classname="tests.test_fst.TestAdaptivePositionalEncoding" name="test_forward_same_size" time="0.105" /><testcase classname="tests.test_style_encoder.TestIntegration" name="test_style_vector_for_conditioning" time="1.152" /><testcase classname="tests.test_fst.TestAdaptivePositionalEncoding" name="test_forward_different_size" time="0.038" /><testcase classname="tests.test_fst.TestAdaptivePositionalEncoding" name="test_learnable_scale" time="0.138" /><testcase classname="tests.test_style_encoder.TestConsistency" name="test_different_inputs_different_outputs" time="1.307" /><testcase classname="tests.test_msse.TestIntegration" name="test_msse_feature_diversity" time="0.957" /><testcase classname="tests.test_fst" name="test_various_query_sizes[256]" time="3.473" /><testcase classname="tests.test_fst.TestIntegration" name="test_fst_different_content_same_style" time="2.792" /><testcase classname="tests.test_fst.TestFontStyleTransformationModule" name="test_learnable_queries_updated" time="3.253" /><testcase classname="tests.test_kl_div" name="test_kl_estimator_accuracy" time="0.143"><failure message="AssertionError: k3 estimator should be within 1% of true KL&#10;assert tensor(0.2918) &lt; 0.01">tests\test_kl_div.py:31: in test_kl_estimator_accuracy
    assert rel_error &lt; 0.01, "k3 estimator should be within 1% of true KL"
E   AssertionError: k3 estimator should be within 1% of true KL
E   assert tensor(0.2918) &lt; 0.01</failure></testcase><testcase classname="tests.test_kl_div" name="test_consistency_loss_behavior" time="0.194" /><testcase classname="tests.test_fst.TestFontStyleTransformationModule" name="test_invalid_input_channels" time="0.167" /></testsuite></testsuites>