<?xml version="1.0" encoding="utf-8"?><testsuites name="pytest tests"><testsuite name="pytest" errors="10" failures="25" skipped="2" tests="121" time="35.439" timestamp="2026-02-05T14:18:41.052663+07:00" hostname="LEVIATHAN"><testcase classname="tests.test_training.TestTrainingSetup" name="test_training_config_parsing" time="0.123" /><testcase classname="tests.test_tier1_shapes.TestFSTModuleShapes" name="test_fst_output_shape[1-128]" time="0.096"><failure message="TypeError: FontStyleTransformationModule.__init__() got an unexpected keyword argument 'feature_channels'">tests\test_tier1_shapes.py:95: in test_fst_output_shape
    fst = FontStyleTransformationModule(
E   TypeError: FontStyleTransformationModule.__init__() got an unexpected keyword argument 'feature_channels'</failure></testcase><testcase classname="tests.test_tier3_data_integrity.TestAugmentationRanges" name="test_augmentation_brightness_in_range" time="0.117" /><testcase classname="tests.test_fst_integration.TestFSTModuleIntegration" name="test_fst_forward_backward_flow" time="0.237"><failure message="TypeError: unsupported operand type(s) for +: 'Tensor' and 'AdaptivePositionalEncoding'">tests\test_fst_integration.py:61: in test_fst_forward_backward_flow
    output = fst(source_features, target_features)
             ^^^^^^^^^^^^^^^^^^^^^^^^^^^^^^^^^^^^^
.venv\Lib\site-packages\torch\nn\modules\module.py:1775: in _wrapped_call_impl
    return self._call_impl(*args, **kwargs)
           ^^^^^^^^^^^^^^^^^^^^^^^^^^^^^^^^
.venv\Lib\site-packages\torch\nn\modules\module.py:1786: in _call_impl
    return forward_call(*args, **kwargs)
           ^^^^^^^^^^^^^^^^^^^^^^^^^^^^^
src\modules\fst.py:265: in forward
    f_src = f_src + pe
            ^^^^^^^^^^
E   TypeError: unsupported operand type(s) for +: 'Tensor' and 'AdaptivePositionalEncoding'</failure></testcase><testcase classname="tests.test_fst_modules" name="test_residual_block_shape" time="0.236" /><testcase classname="tests.test_dataset.TestDatasetLoading" name="test_dataset_directory_structure" time="0.095"><error message="failed on setup with &quot;file D:\school\fontdiffusion\tests\test_dataset.py, line 10&#10;      @pytest.mark.dataset&#10;      def test_dataset_directory_structure(self, dataset_dir):&#10;E       fixture 'dataset_dir' not found&#10;&gt;       available fixtures: anyio_backend, anyio_backend_name, anyio_backend_options, assert_gradients_exist, assert_no_inf, assert_no_nan, assert_shape, cache, capfd, capfdbinary, caplog, capsys, capsysbinary, capteesys, cov, device, doctest_namespace, dummy_checkpoint_dir, dummy_data_dir, dummy_style_features, dummy_unet_config, extra, extras, free_tcp_port, free_tcp_port_factory, free_udp_port, free_udp_port_factory, hydra_restore_singletons, hydra_sweep_runner, hydra_task_runner, include_metadata_in_junit_xml, loss_fn, metadata, monkeypatch, no_cover, optimizer_factory, pytestconfig, record_property, record_testsuite_property, record_xml_attribute, recwarn, sample_content_image, sample_noisy_latents, sample_style_image, sample_target_image, sample_timestep, scheduler_factory, seed_everything, simple_encoder, simple_unet, subtests, temp_dir, test_config, testrun_uid, tmp_path, tmp_path_factory, tmpdir, tmpdir_factory, use_small_model, worker_id&#10;&gt;       use 'pytest --fixtures [testpath]' for help on them.&#10;&#10;D:\school\fontdiffusion\tests\test_dataset.py:10&quot;">file D:\school\fontdiffusion\tests\test_dataset.py, line 10
      @pytest.mark.dataset
      def test_dataset_directory_structure(self, dataset_dir):
E       fixture 'dataset_dir' not found
&gt;       available fixtures: anyio_backend, anyio_backend_name, anyio_backend_options, assert_gradients_exist, assert_no_inf, assert_no_nan, assert_shape, cache, capfd, capfdbinary, caplog, capsys, capsysbinary, capteesys, cov, device, doctest_namespace, dummy_checkpoint_dir, dummy_data_dir, dummy_style_features, dummy_unet_config, extra, extras, free_tcp_port, free_tcp_port_factory, free_udp_port, free_udp_port_factory, hydra_restore_singletons, hydra_sweep_runner, hydra_task_runner, include_metadata_in_junit_xml, loss_fn, metadata, monkeypatch, no_cover, optimizer_factory, pytestconfig, record_property, record_testsuite_property, record_xml_attribute, recwarn, sample_content_image, sample_noisy_latents, sample_style_image, sample_target_image, sample_timestep, scheduler_factory, seed_everything, simple_encoder, simple_unet, subtests, temp_dir, test_config, testrun_uid, tmp_path, tmp_path_factory, tmpdir, tmpdir_factory, use_small_model, worker_id
&gt;       use 'pytest --fixtures [testpath]' for help on them.

D:\school\fontdiffusion\tests\test_dataset.py:10</error></testcase><testcase classname="tests.test_inference.TestInferencePipeline" name="test_noise_scheduler_initialization" time="0.109" /><testcase classname="tests.test_tier1_shapes.TestMultiScaleStyleEncoderShapes" name="test_msse_output_shapes[1-5]" time="1.071" /><testcase classname="tests.test_dataset.TestDatasetLoading" name="test_image_loading" time="0.002"><error message="failed on setup with &quot;file D:\school\fontdiffusion\tests\test_dataset.py, line 21&#10;      @pytest.mark.dataset&#10;      def test_image_loading(self, dataset_dir):&#10;E       fixture 'dataset_dir' not found&#10;&gt;       available fixtures: anyio_backend, anyio_backend_name, anyio_backend_options, assert_gradients_exist, assert_no_inf, assert_no_nan, assert_shape, cache, capfd, capfdbinary, caplog, capsys, capsysbinary, capteesys, cov, device, doctest_namespace, dummy_checkpoint_dir, dummy_data_dir, dummy_style_features, dummy_unet_config, extra, extras, free_tcp_port, free_tcp_port_factory, free_udp_port, free_udp_port_factory, hydra_restore_singletons, hydra_sweep_runner, hydra_task_runner, include_metadata_in_junit_xml, loss_fn, metadata, monkeypatch, no_cover, optimizer_factory, pytestconfig, record_property, record_testsuite_property, record_xml_attribute, recwarn, sample_content_image, sample_noisy_latents, sample_style_image, sample_target_image, sample_timestep, scheduler_factory, seed_everything, simple_encoder, simple_unet, subtests, temp_dir, test_config, testrun_uid, tmp_path, tmp_path_factory, tmpdir, tmpdir_factory, use_small_model, worker_id&#10;&gt;       use 'pytest --fixtures [testpath]' for help on them.&#10;&#10;D:\school\fontdiffusion\tests\test_dataset.py:21&quot;">file D:\school\fontdiffusion\tests\test_dataset.py, line 21
      @pytest.mark.dataset
      def test_image_loading(self, dataset_dir):
E       fixture 'dataset_dir' not found
&gt;       available fixtures: anyio_backend, anyio_backend_name, anyio_backend_options, assert_gradients_exist, assert_no_inf, assert_no_nan, assert_shape, cache, capfd, capfdbinary, caplog, capsys, capsysbinary, capteesys, cov, device, doctest_namespace, dummy_checkpoint_dir, dummy_data_dir, dummy_style_features, dummy_unet_config, extra, extras, free_tcp_port, free_tcp_port_factory, free_udp_port, free_udp_port_factory, hydra_restore_singletons, hydra_sweep_runner, hydra_task_runner, include_metadata_in_junit_xml, loss_fn, metadata, monkeypatch, no_cover, optimizer_factory, pytestconfig, record_property, record_testsuite_property, record_xml_attribute, recwarn, sample_content_image, sample_noisy_latents, sample_style_image, sample_target_image, sample_timestep, scheduler_factory, seed_everything, simple_encoder, simple_unet, subtests, temp_dir, test_config, testrun_uid, tmp_path, tmp_path_factory, tmpdir, tmpdir_factory, use_small_model, worker_id
&gt;       use 'pytest --fixtures [testpath]' for help on them.

D:\school\fontdiffusion\tests\test_dataset.py:21</error></testcase><testcase classname="tests.test_dataset.TestDatasetLoading" name="test_fontdataset_initialization" time="0.003"><error message="failed on setup with &quot;file D:\school\fontdiffusion\tests\test_dataset.py, line 29&#10;      @pytest.mark.dataset&#10;      @pytest.mark.slow&#10;      def test_fontdataset_initialization(self, dataset_dir):&#10;E       fixture 'dataset_dir' not found&#10;&gt;       available fixtures: anyio_backend, anyio_backend_name, anyio_backend_options, assert_gradients_exist, assert_no_inf, assert_no_nan, assert_shape, cache, capfd, capfdbinary, caplog, capsys, capsysbinary, capteesys, cov, device, doctest_namespace, dummy_checkpoint_dir, dummy_data_dir, dummy_style_features, dummy_unet_config, extra, extras, free_tcp_port, free_tcp_port_factory, free_udp_port, free_udp_port_factory, hydra_restore_singletons, hydra_sweep_runner, hydra_task_runner, include_metadata_in_junit_xml, loss_fn, metadata, monkeypatch, no_cover, optimizer_factory, pytestconfig, record_property, record_testsuite_property, record_xml_attribute, recwarn, sample_content_image, sample_noisy_latents, sample_style_image, sample_target_image, sample_timestep, scheduler_factory, seed_everything, simple_encoder, simple_unet, subtests, temp_dir, test_config, testrun_uid, tmp_path, tmp_path_factory, tmpdir, tmpdir_factory, use_small_model, worker_id&#10;&gt;       use 'pytest --fixtures [testpath]' for help on them.&#10;&#10;D:\school\fontdiffusion\tests\test_dataset.py:29&quot;">file D:\school\fontdiffusion\tests\test_dataset.py, line 29
      @pytest.mark.dataset
      @pytest.mark.slow
      def test_fontdataset_initialization(self, dataset_dir):
E       fixture 'dataset_dir' not found
&gt;       available fixtures: anyio_backend, anyio_backend_name, anyio_backend_options, assert_gradients_exist, assert_no_inf, assert_no_nan, assert_shape, cache, capfd, capfdbinary, caplog, capsys, capsysbinary, capteesys, cov, device, doctest_namespace, dummy_checkpoint_dir, dummy_data_dir, dummy_style_features, dummy_unet_config, extra, extras, free_tcp_port, free_tcp_port_factory, free_udp_port, free_udp_port_factory, hydra_restore_singletons, hydra_sweep_runner, hydra_task_runner, include_metadata_in_junit_xml, loss_fn, metadata, monkeypatch, no_cover, optimizer_factory, pytestconfig, record_property, record_testsuite_property, record_xml_attribute, recwarn, sample_content_image, sample_noisy_latents, sample_style_image, sample_target_image, sample_timestep, scheduler_factory, seed_everything, simple_encoder, simple_unet, subtests, temp_dir, test_config, testrun_uid, tmp_path, tmp_path_factory, tmpdir, tmpdir_factory, use_small_model, worker_id
&gt;       use 'pytest --fixtures [testpath]' for help on them.

D:\school\fontdiffusion\tests\test_dataset.py:29</error></testcase><testcase classname="tests.test_inference.TestInferencePipeline" name="test_latent_encoding" time="0.003" /><testcase classname="tests.test_inference.TestInferencePipeline" name="test_denoising_loop" time="0.005" /><testcase classname="tests.test_tier3_data_integrity.TestAugmentationRanges" name="test_augmentation_preserves_shape" time="0.006" /><testcase classname="tests.test_inference.TestInferencePipeline" name="test_image_post_processing" time="0.033" /><testcase classname="tests.test_dataset.TestDatasetLoading" name="test_fontdataset_getitem" time="0.003"><error message="failed on setup with &quot;file D:\school\fontdiffusion\tests\test_dataset.py, line 46&#10;      @pytest.mark.dataset&#10;      @pytest.mark.slow&#10;      def test_fontdataset_getitem(self, dataset_dir):&#10;E       fixture 'dataset_dir' not found&#10;&gt;       available fixtures: anyio_backend, anyio_backend_name, anyio_backend_options, assert_gradients_exist, assert_no_inf, assert_no_nan, assert_shape, cache, capfd, capfdbinary, caplog, capsys, capsysbinary, capteesys, cov, device, doctest_namespace, dummy_checkpoint_dir, dummy_data_dir, dummy_style_features, dummy_unet_config, extra, extras, free_tcp_port, free_tcp_port_factory, free_udp_port, free_udp_port_factory, hydra_restore_singletons, hydra_sweep_runner, hydra_task_runner, include_metadata_in_junit_xml, loss_fn, metadata, monkeypatch, no_cover, optimizer_factory, pytestconfig, record_property, record_testsuite_property, record_xml_attribute, recwarn, sample_content_image, sample_noisy_latents, sample_style_image, sample_target_image, sample_timestep, scheduler_factory, seed_everything, simple_encoder, simple_unet, subtests, temp_dir, test_config, testrun_uid, tmp_path, tmp_path_factory, tmpdir, tmpdir_factory, use_small_model, worker_id&#10;&gt;       use 'pytest --fixtures [testpath]' for help on them.&#10;&#10;D:\school\fontdiffusion\tests\test_dataset.py:46&quot;">file D:\school\fontdiffusion\tests\test_dataset.py, line 46
      @pytest.mark.dataset
      @pytest.mark.slow
      def test_fontdataset_getitem(self, dataset_dir):
E       fixture 'dataset_dir' not found
&gt;       available fixtures: anyio_backend, anyio_backend_name, anyio_backend_options, assert_gradients_exist, assert_no_inf, assert_no_nan, assert_shape, cache, capfd, capfdbinary, caplog, capsys, capsysbinary, capteesys, cov, device, doctest_namespace, dummy_checkpoint_dir, dummy_data_dir, dummy_style_features, dummy_unet_config, extra, extras, free_tcp_port, free_tcp_port_factory, free_udp_port, free_udp_port_factory, hydra_restore_singletons, hydra_sweep_runner, hydra_task_runner, include_metadata_in_junit_xml, loss_fn, metadata, monkeypatch, no_cover, optimizer_factory, pytestconfig, record_property, record_testsuite_property, record_xml_attribute, recwarn, sample_content_image, sample_noisy_latents, sample_style_image, sample_target_image, sample_timestep, scheduler_factory, seed_everything, simple_encoder, simple_unet, subtests, temp_dir, test_config, testrun_uid, tmp_path, tmp_path_factory, tmpdir, tmpdir_factory, use_small_model, worker_id
&gt;       use 'pytest --fixtures [testpath]' for help on them.

D:\school\fontdiffusion\tests\test_dataset.py:46</error></testcase><testcase classname="tests.test_training.TestTrainingSetup" name="test_optimizer_creation" time="0.007" /><testcase classname="tests.test_tier3_data_integrity.TestAugmentationRanges" name="test_augmentation_consistency[1]" time="0.009" /><testcase classname="tests.test_tier1_shapes.TestBatchSizeVariability" name="test_encoder_variable_batch_size[1]" time="0.007"><failure message="ModuleNotFoundError: No module named 'conftest'">tests\test_tier1_shapes.py:316: in test_encoder_variable_batch_size
    from conftest import SimpleEncoder
E   ModuleNotFoundError: No module named 'conftest'</failure></testcase><testcase classname="tests.test_training.TestTrainingSetup" name="test_scheduler_creation" time="0.005" /><testcase classname="tests.test_tier3_data_integrity.TestAugmentationRanges" name="test_augmentation_consistency[5]" time="0.010" /><testcase classname="tests.test_training.TestTrainingSetup" name="test_loss_computation" time="0.035"><failure message="assert False&#10; +  where False = tensor(1.9313).requires_grad">tests\test_training.py:49: in test_loss_computation
    assert loss.requires_grad
E   assert False
E    +  where False = tensor(1.9313).requires_grad</failure></testcase><testcase classname="tests.test_inference.TestInferencePipeline" name="test_batch_inference" time="0.005" /><testcase classname="tests.test_tier2_overfit.TestOptimizerStepping" name="test_adam_parameter_updates" time="0.175" /><testcase classname="tests.test_fst_modules" name="test_msse_output_shapes" time="1.039" /><testcase classname="tests.test_tier3_data_integrity.TestAugmentationRanges" name="test_augmentation_consistency[10]" time="0.013" /><testcase classname="tests.test_utils.TestTensorOperations" name="test_tensor_reshaping" time="0.008" /><testcase classname="tests.test_utils.TestTensorOperations" name="test_tensor_concatenation" time="0.023" /><testcase classname="tests.test_tier2_overfit.TestOptimizerStepping" name="test_gradient_accumulation_with_steps[1]" time="0.386" /><testcase classname="tests.test_utils.TestTensorOperations" name="test_tensor_device_movement" time="0.004" /><testcase classname="tests.test_utils.TestTensorOperations" name="test_gradient_operations" time="0.007" /><testcase classname="tests.test_model.TestFontDiffuserWithFST" name="test_model_initialization" time="0.006"><failure message="TypeError: FontDiffuserWithFST.__init__() got an unexpected keyword argument 'original_fontdiffuser'">tests\test_model.py:22: in test_model_initialization
    model = FontDiffuserWithFST(
E   TypeError: FontDiffuserWithFST.__init__() got an unexpected keyword argument 'original_fontdiffuser'</failure></testcase><testcase classname="tests.test_tier2_overfit.TestOptimizerStepping" name="test_gradient_accumulation_with_steps[2]" time="0.622" /><testcase classname="tests.test_tier1_shapes.TestFSTModuleShapes" name="test_fst_output_shape[2-256]" time="0.004"><failure message="TypeError: FontStyleTransformationModule.__init__() got an unexpected keyword argument 'feature_channels'">tests\test_tier1_shapes.py:95: in test_fst_output_shape
    fst = FontStyleTransformationModule(
E   TypeError: FontStyleTransformationModule.__init__() got an unexpected keyword argument 'feature_channels'</failure></testcase><testcase classname="tests.test_tier1_shapes.TestBatchSizeVariability" name="test_encoder_variable_batch_size[2]" time="0.006"><failure message="ModuleNotFoundError: No module named 'conftest'">tests\test_tier1_shapes.py:316: in test_encoder_variable_batch_size
    from conftest import SimpleEncoder
E   ModuleNotFoundError: No module named 'conftest'</failure></testcase><testcase classname="tests.test_tier1_shapes.TestFSTModuleShapes" name="test_fst_output_shape[4-256]" time="0.006"><failure message="TypeError: FontStyleTransformationModule.__init__() got an unexpected keyword argument 'feature_channels'">tests\test_tier1_shapes.py:95: in test_fst_output_shape
    fst = FontStyleTransformationModule(
E   TypeError: FontStyleTransformationModule.__init__() got an unexpected keyword argument 'feature_channels'</failure></testcase><testcase classname="tests.test_tier1_shapes.TestMultiScaleStyleEncoderShapes" name="test_msse_output_shapes[2-5]" time="1.160" /><testcase classname="tests.test_tier1_shapes.TestBatchSizeVariability" name="test_encoder_variable_batch_size[4]" time="0.007"><failure message="ModuleNotFoundError: No module named 'conftest'">tests\test_tier1_shapes.py:316: in test_encoder_variable_batch_size
    from conftest import SimpleEncoder
E   ModuleNotFoundError: No module named 'conftest'</failure></testcase><testcase classname="tests.test_training.TestTrainingSetup" name="test_gradient_accumulation" time="0.022" /><testcase classname="tests.test_fst_integration.TestFSTGradientFlow" name="test_fst_learnable_queries_gradients" time="0.192"><failure message="TypeError: unsupported operand type(s) for +: 'Tensor' and 'AdaptivePositionalEncoding'">tests\test_fst_integration.py:237: in test_fst_learnable_queries_gradients
    output = fst(source_features, target_features)
             ^^^^^^^^^^^^^^^^^^^^^^^^^^^^^^^^^^^^^
.venv\Lib\site-packages\torch\nn\modules\module.py:1775: in _wrapped_call_impl
    return self._call_impl(*args, **kwargs)
           ^^^^^^^^^^^^^^^^^^^^^^^^^^^^^^^^
.venv\Lib\site-packages\torch\nn\modules\module.py:1786: in _call_impl
    return forward_call(*args, **kwargs)
           ^^^^^^^^^^^^^^^^^^^^^^^^^^^^^
src\modules\fst.py:265: in forward
    f_src = f_src + pe
            ^^^^^^^^^^
E   TypeError: unsupported operand type(s) for +: 'Tensor' and 'AdaptivePositionalEncoding'</failure></testcase><testcase classname="tests.test_fst_modules" name="test_msse_get_channels" time="0.006" /><testcase classname="tests.test_fst_modules" name="test_adaptive_positional_encoding" time="0.032"><failure message="RuntimeError: shape '[1, 24, 24, 32]' is invalid for input of size 27648">tests\test_fst_modules.py:102: in test_adaptive_positional_encoding
    out = ape(x)
          ^^^^^^
.venv\Lib\site-packages\torch\nn\modules\module.py:1775: in _wrapped_call_impl
    return self._call_impl(*args, **kwargs)
           ^^^^^^^^^^^^^^^^^^^^^^^^^^^^^^^^
.venv\Lib\site-packages\torch\nn\modules\module.py:1786: in _call_impl
    return forward_call(*args, **kwargs)
           ^^^^^^^^^^^^^^^^^^^^^^^^^^^^^
src\modules\fst.py:161: in forward
    h_embed.repeat(1, 1, W).reshape(1, H, W, C // 2),
    ^^^^^^^^^^^^^^^^^^^^^^^^^^^^^^^^^^^^^^^^^^^^^^^^
E   RuntimeError: shape '[1, 24, 24, 32]' is invalid for input of size 27648</failure></testcase><testcase classname="tests.test_model.TestFontDiffuserWithFST" name="test_forward_pass_shapes" time="0.004"><error message="failed on setup with &quot;file D:\school\fontdiffusion\tests\test_model.py, line 37&#10;      @pytest.mark.unit&#10;      def test_forward_pass_shapes(&#10;E       fixture 'sample_latents' not found&#10;&gt;       available fixtures: anyio_backend, anyio_backend_name, anyio_backend_options, assert_gradients_exist, assert_no_inf, assert_no_nan, assert_shape, cache, capfd, capfdbinary, caplog, capsys, capsysbinary, capteesys, cov, device, doctest_namespace, dummy_checkpoint_dir, dummy_data_dir, dummy_style_features, dummy_unet_config, extra, extras, free_tcp_port, free_tcp_port_factory, free_udp_port, free_udp_port_factory, hydra_restore_singletons, hydra_sweep_runner, hydra_task_runner, include_metadata_in_junit_xml, loss_fn, metadata, monkeypatch, no_cover, optimizer_factory, pytestconfig, record_property, record_testsuite_property, record_xml_attribute, recwarn, sample_content_image, sample_noisy_latents, sample_style_image, sample_target_image, sample_timestep, scheduler_factory, seed_everything, simple_encoder, simple_unet, subtests, temp_dir, test_config, testrun_uid, tmp_path, tmp_path_factory, tmpdir, tmpdir_factory, use_small_model, worker_id&#10;&gt;       use 'pytest --fixtures [testpath]' for help on them.&#10;&#10;D:\school\fontdiffusion\tests\test_model.py:37&quot;">file D:\school\fontdiffusion\tests\test_model.py, line 37
      @pytest.mark.unit
      def test_forward_pass_shapes(
E       fixture 'sample_latents' not found
&gt;       available fixtures: anyio_backend, anyio_backend_name, anyio_backend_options, assert_gradients_exist, assert_no_inf, assert_no_nan, assert_shape, cache, capfd, capfdbinary, caplog, capsys, capsysbinary, capteesys, cov, device, doctest_namespace, dummy_checkpoint_dir, dummy_data_dir, dummy_style_features, dummy_unet_config, extra, extras, free_tcp_port, free_tcp_port_factory, free_udp_port, free_udp_port_factory, hydra_restore_singletons, hydra_sweep_runner, hydra_task_runner, include_metadata_in_junit_xml, loss_fn, metadata, monkeypatch, no_cover, optimizer_factory, pytestconfig, record_property, record_testsuite_property, record_xml_attribute, recwarn, sample_content_image, sample_noisy_latents, sample_style_image, sample_target_image, sample_timestep, scheduler_factory, seed_everything, simple_encoder, simple_unet, subtests, temp_dir, test_config, testrun_uid, tmp_path, tmp_path_factory, tmpdir, tmpdir_factory, use_small_model, worker_id
&gt;       use 'pytest --fixtures [testpath]' for help on them.

D:\school\fontdiffusion\tests\test_model.py:37</error></testcase><testcase classname="tests.test_tier2_overfit.TestOptimizerStepping" name="test_gradient_accumulation_with_steps[4]" time="0.255" /><testcase classname="tests.test_fst_integration.TestFSTModuleIntegration" name="test_fst_variable_configs[64-64]" time="0.076"><failure message="TypeError: unsupported operand type(s) for +: 'Tensor' and 'AdaptivePositionalEncoding'">tests\test_fst_integration.py:109: in test_fst_variable_configs
    output = fst(source_features, target_features)
             ^^^^^^^^^^^^^^^^^^^^^^^^^^^^^^^^^^^^^
.venv\Lib\site-packages\torch\nn\modules\module.py:1775: in _wrapped_call_impl
    return self._call_impl(*args, **kwargs)
           ^^^^^^^^^^^^^^^^^^^^^^^^^^^^^^^^
.venv\Lib\site-packages\torch\nn\modules\module.py:1786: in _call_impl
    return forward_call(*args, **kwargs)
           ^^^^^^^^^^^^^^^^^^^^^^^^^^^^^
src\modules\fst.py:265: in forward
    f_src = f_src + pe
            ^^^^^^^^^^
E   TypeError: unsupported operand type(s) for +: 'Tensor' and 'AdaptivePositionalEncoding'</failure></testcase><testcase classname="tests.test_fst_integration.TestFSTGradientFlow" name="test_fst_positional_encoding_gradients" time="0.178"><failure message="TypeError: unsupported operand type(s) for +: 'Tensor' and 'AdaptivePositionalEncoding'">tests\test_fst_integration.py:266: in test_fst_positional_encoding_gradients
    output = fst(source_features, target_features)
             ^^^^^^^^^^^^^^^^^^^^^^^^^^^^^^^^^^^^^
.venv\Lib\site-packages\torch\nn\modules\module.py:1775: in _wrapped_call_impl
    return self._call_impl(*args, **kwargs)
           ^^^^^^^^^^^^^^^^^^^^^^^^^^^^^^^^
.venv\Lib\site-packages\torch\nn\modules\module.py:1786: in _call_impl
    return forward_call(*args, **kwargs)
           ^^^^^^^^^^^^^^^^^^^^^^^^^^^^^
src\modules\fst.py:265: in forward
    f_src = f_src + pe
            ^^^^^^^^^^
E   TypeError: unsupported operand type(s) for +: 'Tensor' and 'AdaptivePositionalEncoding'</failure></testcase><testcase classname="tests.test_tier1_shapes.TestFSTModuleShapes" name="test_fst_gradient_flow" time="0.006"><failure message="TypeError: FontStyleTransformationModule.__init__() got an unexpected keyword argument 'feature_channels'">tests\test_tier1_shapes.py:137: in test_fst_gradient_flow
    fst = FontStyleTransformationModule(
E   TypeError: FontStyleTransformationModule.__init__() got an unexpected keyword argument 'feature_channels'</failure></testcase><testcase classname="tests.test_tier1_shapes.TestResidualBlockShapes" name="test_residual_block_shapes[64-128-True]" time="0.121" /><testcase classname="tests.test_tier1_shapes.TestBatchSizeVariability" name="test_encoder_variable_batch_size[8]" time="0.007"><failure message="ModuleNotFoundError: No module named 'conftest'">tests\test_tier1_shapes.py:316: in test_encoder_variable_batch_size
    from conftest import SimpleEncoder
E   ModuleNotFoundError: No module named 'conftest'</failure></testcase><testcase classname="tests.test_tier2_overfit.TestOverfitSingleBatch" name="test_simple_generator_overfits_batch" time="6.788" /><testcase classname="tests.test_tier3_data_integrity.TestLabelLeakage" name="test_content_not_in_style_input" time="0.028" /><testcase classname="tests.test_model.TestFontDiffuserWithFST" name="test_get_loss_dict" time="0.004"><error message="failed on setup with &quot;file D:\school\fontdiffusion\tests\test_model.py, line 85&#10;      @pytest.mark.unit&#10;      def test_get_loss_dict(self, sample_latents):&#10;E       fixture 'sample_latents' not found&#10;&gt;       available fixtures: anyio_backend, anyio_backend_name, anyio_backend_options, assert_gradients_exist, assert_no_inf, assert_no_nan, assert_shape, cache, capfd, capfdbinary, caplog, capsys, capsysbinary, capteesys, cov, device, doctest_namespace, dummy_checkpoint_dir, dummy_data_dir, dummy_style_features, dummy_unet_config, extra, extras, free_tcp_port, free_tcp_port_factory, free_udp_port, free_udp_port_factory, hydra_restore_singletons, hydra_sweep_runner, hydra_task_runner, include_metadata_in_junit_xml, loss_fn, metadata, monkeypatch, no_cover, optimizer_factory, pytestconfig, record_property, record_testsuite_property, record_xml_attribute, recwarn, sample_content_image, sample_noisy_latents, sample_style_image, sample_target_image, sample_timestep, scheduler_factory, seed_everything, simple_encoder, simple_unet, subtests, temp_dir, test_config, testrun_uid, tmp_path, tmp_path_factory, tmpdir, tmpdir_factory, use_small_model, worker_id&#10;&gt;       use 'pytest --fixtures [testpath]' for help on them.&#10;&#10;D:\school\fontdiffusion\tests\test_model.py:85&quot;">file D:\school\fontdiffusion\tests\test_model.py, line 85
      @pytest.mark.unit
      def test_get_loss_dict(self, sample_latents):
E       fixture 'sample_latents' not found
&gt;       available fixtures: anyio_backend, anyio_backend_name, anyio_backend_options, assert_gradients_exist, assert_no_inf, assert_no_nan, assert_shape, cache, capfd, capfdbinary, caplog, capsys, capsysbinary, capteesys, cov, device, doctest_namespace, dummy_checkpoint_dir, dummy_data_dir, dummy_style_features, dummy_unet_config, extra, extras, free_tcp_port, free_tcp_port_factory, free_udp_port, free_udp_port_factory, hydra_restore_singletons, hydra_sweep_runner, hydra_task_runner, include_metadata_in_junit_xml, loss_fn, metadata, monkeypatch, no_cover, optimizer_factory, pytestconfig, record_property, record_testsuite_property, record_xml_attribute, recwarn, sample_content_image, sample_noisy_latents, sample_style_image, sample_target_image, sample_timestep, scheduler_factory, seed_everything, simple_encoder, simple_unet, subtests, temp_dir, test_config, testrun_uid, tmp_path, tmp_path_factory, tmpdir, tmpdir_factory, use_small_model, worker_id
&gt;       use 'pytest --fixtures [testpath]' for help on them.

D:\school\fontdiffusion\tests\test_model.py:85</error></testcase><testcase classname="tests.test_tier4_gradients.TestDeadLayers" name="test_detect_unrequired_grad_layers" time="0.020" /><testcase classname="tests.test_tier3_data_integrity.TestLabelLeakage" name="test_target_not_in_inputs" time="0.050" /><testcase classname="tests.test_tier4_gradients.TestDeadLayers" name="test_batch_norm_training_vs_eval_gradients" time="0.034" /><testcase classname="tests.test_tier4_gradients.TestDeadLayers" name="test_conv_batch_norm_gradients" time="0.057" /><testcase classname="tests.test_tier3_data_integrity.TestLabelLeakage" name="test_batch_indices_no_repetition" time="0.041" /><testcase classname="tests.test_tier1_shapes.TestResidualBlockShapes" name="test_residual_block_shapes[128-128-False]" time="0.176" /><testcase classname="tests.test_fst_integration.TestFSTModuleIntegration" name="test_fst_variable_configs[128-128]" time="0.187"><failure message="TypeError: unsupported operand type(s) for +: 'Tensor' and 'AdaptivePositionalEncoding'">tests\test_fst_integration.py:109: in test_fst_variable_configs
    output = fst(source_features, target_features)
             ^^^^^^^^^^^^^^^^^^^^^^^^^^^^^^^^^^^^^
.venv\Lib\site-packages\torch\nn\modules\module.py:1775: in _wrapped_call_impl
    return self._call_impl(*args, **kwargs)
           ^^^^^^^^^^^^^^^^^^^^^^^^^^^^^^^^
.venv\Lib\site-packages\torch\nn\modules\module.py:1786: in _call_impl
    return forward_call(*args, **kwargs)
           ^^^^^^^^^^^^^^^^^^^^^^^^^^^^^
src\modules\fst.py:265: in forward
    f_src = f_src + pe
            ^^^^^^^^^^
E   TypeError: unsupported operand type(s) for +: 'Tensor' and 'AdaptivePositionalEncoding'</failure></testcase><testcase classname="tests.test_fst_integration.TestMSSEIntegration" name="test_msse_output_consistency" time="3.243" /><testcase classname="tests.test_dataset.TestDatasetValidation" name="test_image_format_validation" time="0.004"><error message="failed on setup with &quot;file D:\school\fontdiffusion\tests\test_dataset.py, line 72&#10;      @pytest.mark.dataset&#10;      def test_image_format_validation(self, dataset_dir):&#10;E       fixture 'dataset_dir' not found&#10;&gt;       available fixtures: anyio_backend, anyio_backend_name, anyio_backend_options, assert_gradients_exist, assert_no_inf, assert_no_nan, assert_shape, cache, capfd, capfdbinary, caplog, capsys, capsysbinary, capteesys, cov, device, doctest_namespace, dummy_checkpoint_dir, dummy_data_dir, dummy_style_features, dummy_unet_config, extra, extras, free_tcp_port, free_tcp_port_factory, free_udp_port, free_udp_port_factory, hydra_restore_singletons, hydra_sweep_runner, hydra_task_runner, include_metadata_in_junit_xml, loss_fn, metadata, monkeypatch, no_cover, optimizer_factory, pytestconfig, record_property, record_testsuite_property, record_xml_attribute, recwarn, sample_content_image, sample_noisy_latents, sample_style_image, sample_target_image, sample_timestep, scheduler_factory, seed_everything, simple_encoder, simple_unet, subtests, temp_dir, test_config, testrun_uid, tmp_path, tmp_path_factory, tmpdir, tmpdir_factory, use_small_model, worker_id&#10;&gt;       use 'pytest --fixtures [testpath]' for help on them.&#10;&#10;D:\school\fontdiffusion\tests\test_dataset.py:72&quot;">file D:\school\fontdiffusion\tests\test_dataset.py, line 72
      @pytest.mark.dataset
      def test_image_format_validation(self, dataset_dir):
E       fixture 'dataset_dir' not found
&gt;       available fixtures: anyio_backend, anyio_backend_name, anyio_backend_options, assert_gradients_exist, assert_no_inf, assert_no_nan, assert_shape, cache, capfd, capfdbinary, caplog, capsys, capsysbinary, capteesys, cov, device, doctest_namespace, dummy_checkpoint_dir, dummy_data_dir, dummy_style_features, dummy_unet_config, extra, extras, free_tcp_port, free_tcp_port_factory, free_udp_port, free_udp_port_factory, hydra_restore_singletons, hydra_sweep_runner, hydra_task_runner, include_metadata_in_junit_xml, loss_fn, metadata, monkeypatch, no_cover, optimizer_factory, pytestconfig, record_property, record_testsuite_property, record_xml_attribute, recwarn, sample_content_image, sample_noisy_latents, sample_style_image, sample_target_image, sample_timestep, scheduler_factory, seed_everything, simple_encoder, simple_unet, subtests, temp_dir, test_config, testrun_uid, tmp_path, tmp_path_factory, tmpdir, tmpdir_factory, use_small_model, worker_id
&gt;       use 'pytest --fixtures [testpath]' for help on them.

D:\school\fontdiffusion\tests\test_dataset.py:72</error></testcase><testcase classname="tests.test_dataset.TestDatasetValidation" name="test_missing_image_handling" time="0.005"><error message="failed on setup with &quot;file D:\school\fontdiffusion\tests\test_dataset.py, line 82&#10;      @pytest.mark.dataset&#10;      def test_missing_image_handling(self, dataset_dir):&#10;E       fixture 'dataset_dir' not found&#10;&gt;       available fixtures: anyio_backend, anyio_backend_name, anyio_backend_options, assert_gradients_exist, assert_no_inf, assert_no_nan, assert_shape, cache, capfd, capfdbinary, caplog, capsys, capsysbinary, capteesys, cov, device, doctest_namespace, dummy_checkpoint_dir, dummy_data_dir, dummy_style_features, dummy_unet_config, extra, extras, free_tcp_port, free_tcp_port_factory, free_udp_port, free_udp_port_factory, hydra_restore_singletons, hydra_sweep_runner, hydra_task_runner, include_metadata_in_junit_xml, loss_fn, metadata, monkeypatch, no_cover, optimizer_factory, pytestconfig, record_property, record_testsuite_property, record_xml_attribute, recwarn, sample_content_image, sample_noisy_latents, sample_style_image, sample_target_image, sample_timestep, scheduler_factory, seed_everything, simple_encoder, simple_unet, subtests, temp_dir, test_config, testrun_uid, tmp_path, tmp_path_factory, tmpdir, tmpdir_factory, use_small_model, worker_id&#10;&gt;       use 'pytest --fixtures [testpath]' for help on them.&#10;&#10;D:\school\fontdiffusion\tests\test_dataset.py:82&quot;">file D:\school\fontdiffusion\tests\test_dataset.py, line 82
      @pytest.mark.dataset
      def test_missing_image_handling(self, dataset_dir):
E       fixture 'dataset_dir' not found
&gt;       available fixtures: anyio_backend, anyio_backend_name, anyio_backend_options, assert_gradients_exist, assert_no_inf, assert_no_nan, assert_shape, cache, capfd, capfdbinary, caplog, capsys, capsysbinary, capteesys, cov, device, doctest_namespace, dummy_checkpoint_dir, dummy_data_dir, dummy_style_features, dummy_unet_config, extra, extras, free_tcp_port, free_tcp_port_factory, free_udp_port, free_udp_port_factory, hydra_restore_singletons, hydra_sweep_runner, hydra_task_runner, include_metadata_in_junit_xml, loss_fn, metadata, monkeypatch, no_cover, optimizer_factory, pytestconfig, record_property, record_testsuite_property, record_xml_attribute, recwarn, sample_content_image, sample_noisy_latents, sample_style_image, sample_target_image, sample_timestep, scheduler_factory, seed_everything, simple_encoder, simple_unet, subtests, temp_dir, test_config, testrun_uid, tmp_path, tmp_path_factory, tmpdir, tmpdir_factory, use_small_model, worker_id
&gt;       use 'pytest --fixtures [testpath]' for help on them.

D:\school\fontdiffusion\tests\test_dataset.py:82</error></testcase><testcase classname="tests.test_modules.TestStyleEncoder" name="test_style_encoder_mock" time="0.008"><skipped type="pytest.skip" message="StyleEncoder import or initialization failed">D:\school\fontdiffusion\tests\test_modules.py:55: StyleEncoder import or initialization failed</skipped></testcase><testcase classname="tests.test_modules.TestStyleEncoder" name="test_style_encoder_forward" time="0.008" /><testcase classname="tests.test_tier1_shapes.TestTensorNaNDetection" name="test_no_nan_with_normal_initialization" time="0.019" /><testcase classname="tests.test_tier1_shapes.TestResidualBlockShapes" name="test_residual_block_shapes[256-512-True]" time="0.498" /><testcase classname="tests.test_tier1_shapes.TestTensorNaNDetection" name="test_nan_with_extreme_values" time="0.007" /><testcase classname="tests.test_tier2_overfit.TestLossDecreaseTrajectory" name="test_loss_monotonic_decrease" time="5.654" /><testcase classname="tests.test_fst_integration.TestFSTGradientFlow" name="test_fst_projection_layers_gradients" time="0.154"><failure message="TypeError: unsupported operand type(s) for +: 'Tensor' and 'AdaptivePositionalEncoding'">tests\test_fst_integration.py:302: in test_fst_projection_layers_gradients
    output = fst(source_features, target_features)
             ^^^^^^^^^^^^^^^^^^^^^^^^^^^^^^^^^^^^^
.venv\Lib\site-packages\torch\nn\modules\module.py:1775: in _wrapped_call_impl
    return self._call_impl(*args, **kwargs)
           ^^^^^^^^^^^^^^^^^^^^^^^^^^^^^^^^
.venv\Lib\site-packages\torch\nn\modules\module.py:1786: in _call_impl
    return forward_call(*args, **kwargs)
           ^^^^^^^^^^^^^^^^^^^^^^^^^^^^^
src\modules\fst.py:265: in forward
    f_src = f_src + pe
            ^^^^^^^^^^
E   TypeError: unsupported operand type(s) for +: 'Tensor' and 'AdaptivePositionalEncoding'</failure></testcase><testcase classname="tests.test_fst_modules" name="test_cross_attention_block" time="0.133" /><testcase classname="tests.test_fst_integration.TestFSTModuleIntegration" name="test_fst_variable_configs[220-128]" time="0.235"><failure message="TypeError: unsupported operand type(s) for +: 'Tensor' and 'AdaptivePositionalEncoding'">tests\test_fst_integration.py:109: in test_fst_variable_configs
    output = fst(source_features, target_features)
             ^^^^^^^^^^^^^^^^^^^^^^^^^^^^^^^^^^^^^
.venv\Lib\site-packages\torch\nn\modules\module.py:1775: in _wrapped_call_impl
    return self._call_impl(*args, **kwargs)
           ^^^^^^^^^^^^^^^^^^^^^^^^^^^^^^^^
.venv\Lib\site-packages\torch\nn\modules\module.py:1786: in _call_impl
    return forward_call(*args, **kwargs)
           ^^^^^^^^^^^^^^^^^^^^^^^^^^^^^
src\modules\fst.py:265: in forward
    f_src = f_src + pe
            ^^^^^^^^^^
E   TypeError: unsupported operand type(s) for +: 'Tensor' and 'AdaptivePositionalEncoding'</failure></testcase><testcase classname="tests.test_tier1_shapes.TestMultiScaleStyleEncoderShapes" name="test_msse_output_shapes[4-5]" time="2.311" /><testcase classname="tests.test_fst_modules" name="test_fst_module_flow" time="0.025"><failure message="TypeError: unsupported operand type(s) for +: 'Tensor' and 'AdaptivePositionalEncoding'">tests\test_fst_modules.py:162: in test_fst_module_flow
    output = fst(source_feats, target_feats)
             ^^^^^^^^^^^^^^^^^^^^^^^^^^^^^^^
.venv\Lib\site-packages\torch\nn\modules\module.py:1775: in _wrapped_call_impl
    return self._call_impl(*args, **kwargs)
           ^^^^^^^^^^^^^^^^^^^^^^^^^^^^^^^^
.venv\Lib\site-packages\torch\nn\modules\module.py:1786: in _call_impl
    return forward_call(*args, **kwargs)
           ^^^^^^^^^^^^^^^^^^^^^^^^^^^^^
src\modules\fst.py:265: in forward
    f_src = f_src + pe
            ^^^^^^^^^^
E   TypeError: unsupported operand type(s) for +: 'Tensor' and 'AdaptivePositionalEncoding'</failure></testcase><testcase classname="tests.test_training.TestTrainingLoop" name="test_single_training_step" time="0.005"><error message="failed on setup with &quot;file D:\school\fontdiffusion\tests\test_training.py, line 75&#10;      @pytest.mark.unit&#10;      def test_single_training_step(self, sample_latents, sample_timestep):&#10;E       fixture 'sample_latents' not found&#10;&gt;       available fixtures: anyio_backend, anyio_backend_name, anyio_backend_options, assert_gradients_exist, assert_no_inf, assert_no_nan, assert_shape, cache, capfd, capfdbinary, caplog, capsys, capsysbinary, capteesys, cov, device, doctest_namespace, dummy_checkpoint_dir, dummy_data_dir, dummy_style_features, dummy_unet_config, extra, extras, free_tcp_port, free_tcp_port_factory, free_udp_port, free_udp_port_factory, hydra_restore_singletons, hydra_sweep_runner, hydra_task_runner, include_metadata_in_junit_xml, loss_fn, metadata, monkeypatch, no_cover, optimizer_factory, pytestconfig, record_property, record_testsuite_property, record_xml_attribute, recwarn, sample_content_image, sample_noisy_latents, sample_style_image, sample_target_image, sample_timestep, scheduler_factory, seed_everything, simple_encoder, simple_unet, subtests, temp_dir, test_config, testrun_uid, tmp_path, tmp_path_factory, tmpdir, tmpdir_factory, use_small_model, worker_id&#10;&gt;       use 'pytest --fixtures [testpath]' for help on them.&#10;&#10;D:\school\fontdiffusion\tests\test_training.py:75&quot;">file D:\school\fontdiffusion\tests\test_training.py, line 75
      @pytest.mark.unit
      def test_single_training_step(self, sample_latents, sample_timestep):
E       fixture 'sample_latents' not found
&gt;       available fixtures: anyio_backend, anyio_backend_name, anyio_backend_options, assert_gradients_exist, assert_no_inf, assert_no_nan, assert_shape, cache, capfd, capfdbinary, caplog, capsys, capsysbinary, capteesys, cov, device, doctest_namespace, dummy_checkpoint_dir, dummy_data_dir, dummy_style_features, dummy_unet_config, extra, extras, free_tcp_port, free_tcp_port_factory, free_udp_port, free_udp_port_factory, hydra_restore_singletons, hydra_sweep_runner, hydra_task_runner, include_metadata_in_junit_xml, loss_fn, metadata, monkeypatch, no_cover, optimizer_factory, pytestconfig, record_property, record_testsuite_property, record_xml_attribute, recwarn, sample_content_image, sample_noisy_latents, sample_style_image, sample_target_image, sample_timestep, scheduler_factory, seed_everything, simple_encoder, simple_unet, subtests, temp_dir, test_config, testrun_uid, tmp_path, tmp_path_factory, tmpdir, tmpdir_factory, use_small_model, worker_id
&gt;       use 'pytest --fixtures [testpath]' for help on them.

D:\school\fontdiffusion\tests\test_training.py:75</error></testcase><testcase classname="tests.test_training.TestTrainingLoop" name="test_timestep_scheduling" time="0.023" /><testcase classname="tests.test_kl_div" name="test_kl_estimator_accuracy" time="0.563"><failure message="AssertionError: k3 estimator should be within 1% of true KL&#10;assert tensor(0.2927) &lt; 0.01">tests\test_kl_div.py:31: in test_kl_estimator_accuracy
    assert rel_error &lt; 0.01, "k3 estimator should be within 1% of true KL"
E   AssertionError: k3 estimator should be within 1% of true KL
E   assert tensor(0.2927) &lt; 0.01</failure></testcase><testcase classname="tests.test_training.TestTrainingLoop" name="test_multi_step_training" time="0.307" /><testcase classname="tests.test_fst_modules" name="test_fst_channel_mismatch_error" time="0.046" /><testcase classname="tests.test_tier3_data_integrity.TestDatasetShuffling" name="test_dataloader_shuffle_true_reorders" time="0.033" /><testcase classname="tests.test_tier3_data_integrity.TestDatasetShuffling" name="test_shuffle_consistency_with_seed" time="0.036" /><testcase classname="tests.test_modules.TestContentEncoder" name="test_content_encoder_mock" time="0.006"><skipped type="pytest.skip" message="ContentEncoder import or initialization failed">D:\school\fontdiffusion\tests\test_modules.py:21: ContentEncoder import or initialization failed</skipped></testcase><testcase classname="tests.test_modules.TestContentEncoder" name="test_content_encoder_forward" time="0.009" /><testcase classname="tests.test_tier4_gradients.TestGradientFlowSimple" name="test_sequential_model_gradients" time="0.103" /><testcase classname="tests.test_tier4_gradients.TestGradientFlowComplex" name="test_residual_connection_gradients" time="2.259" /><testcase classname="tests.test_tier3_data_integrity.TestCollateFunction" name="test_collate_stacks_tensors" time="0.006" /><testcase classname="tests.test_tier3_data_integrity.TestCollateFunction" name="test_collate_preserves_dtype" time="0.013" /><testcase classname="tests.test_tier4_gradients.TestGradientMagnitudes" name="test_gradient_magnitude_not_exploding" time="0.090" /><testcase classname="tests.test_tier4_gradients.TestGradientFlowSimple" name="test_conv_model_gradients" time="0.258" /><testcase classname="tests.test_tier4_gradients.TestGradientMagnitudes" name="test_gradient_magnitude_not_vanishing" time="0.064" /><testcase classname="tests.test_utils.TestPathOperations" name="test_path_exists" time="0.010" /><testcase classname="tests.test_utils.TestPathOperations" name="test_glob_pattern" time="0.005"><error message="failed on setup with &quot;file D:\school\fontdiffusion\tests\test_utils.py, line 60&#10;      @pytest.mark.unit&#10;      def test_glob_pattern(self, dataset_dir):&#10;E       fixture 'dataset_dir' not found&#10;&gt;       available fixtures: anyio_backend, anyio_backend_name, anyio_backend_options, assert_gradients_exist, assert_no_inf, assert_no_nan, assert_shape, cache, capfd, capfdbinary, caplog, capsys, capsysbinary, capteesys, cov, device, doctest_namespace, dummy_checkpoint_dir, dummy_data_dir, dummy_style_features, dummy_unet_config, extra, extras, free_tcp_port, free_tcp_port_factory, free_udp_port, free_udp_port_factory, hydra_restore_singletons, hydra_sweep_runner, hydra_task_runner, include_metadata_in_junit_xml, loss_fn, metadata, monkeypatch, no_cover, optimizer_factory, pytestconfig, record_property, record_testsuite_property, record_xml_attribute, recwarn, sample_content_image, sample_noisy_latents, sample_style_image, sample_target_image, sample_timestep, scheduler_factory, seed_everything, simple_encoder, simple_unet, subtests, temp_dir, test_config, testrun_uid, tmp_path, tmp_path_factory, tmpdir, tmpdir_factory, use_small_model, worker_id&#10;&gt;       use 'pytest --fixtures [testpath]' for help on them.&#10;&#10;D:\school\fontdiffusion\tests\test_utils.py:60&quot;">file D:\school\fontdiffusion\tests\test_utils.py, line 60
      @pytest.mark.unit
      def test_glob_pattern(self, dataset_dir):
E       fixture 'dataset_dir' not found
&gt;       available fixtures: anyio_backend, anyio_backend_name, anyio_backend_options, assert_gradients_exist, assert_no_inf, assert_no_nan, assert_shape, cache, capfd, capfdbinary, caplog, capsys, capsysbinary, capteesys, cov, device, doctest_namespace, dummy_checkpoint_dir, dummy_data_dir, dummy_style_features, dummy_unet_config, extra, extras, free_tcp_port, free_tcp_port_factory, free_udp_port, free_udp_port_factory, hydra_restore_singletons, hydra_sweep_runner, hydra_task_runner, include_metadata_in_junit_xml, loss_fn, metadata, monkeypatch, no_cover, optimizer_factory, pytestconfig, record_property, record_testsuite_property, record_xml_attribute, recwarn, sample_content_image, sample_noisy_latents, sample_style_image, sample_target_image, sample_timestep, scheduler_factory, seed_everything, simple_encoder, simple_unet, subtests, temp_dir, test_config, testrun_uid, tmp_path, tmp_path_factory, tmpdir, tmpdir_factory, use_small_model, worker_id
&gt;       use 'pytest --fixtures [testpath]' for help on them.

D:\school\fontdiffusion\tests\test_utils.py:60</error></testcase><testcase classname="tests.test_fst_integration.TestFSTWithMSSEPipeline" name="test_msse_to_fst_pipeline" time="2.955"><failure message="TypeError: unsupported operand type(s) for +: 'Tensor' and 'AdaptivePositionalEncoding'">tests\test_fst_integration.py:201: in test_msse_to_fst_pipeline
    fst_output = fst(source_features, target_features)
                 ^^^^^^^^^^^^^^^^^^^^^^^^^^^^^^^^^^^^^
.venv\Lib\site-packages\torch\nn\modules\module.py:1775: in _wrapped_call_impl
    return self._call_impl(*args, **kwargs)
           ^^^^^^^^^^^^^^^^^^^^^^^^^^^^^^^^
.venv\Lib\site-packages\torch\nn\modules\module.py:1786: in _call_impl
    return forward_call(*args, **kwargs)
           ^^^^^^^^^^^^^^^^^^^^^^^^^^^^^
src\modules\fst.py:265: in forward
    f_src = f_src + pe
            ^^^^^^^^^^
E   TypeError: unsupported operand type(s) for +: 'Tensor' and 'AdaptivePositionalEncoding'</failure></testcase><testcase classname="tests.test_tier4_gradients.TestGradientByParameterType" name="test_weight_bias_gradients" time="0.006" /><testcase classname="tests.test_tier4_gradients.TestGradientByParameterType" name="test_norm_layer_gradients" time="0.043" /><testcase classname="tests.test_fst_integration.TestFSTChannelValidation" name="test_fst_rejects_mismatched_channels" time="0.243" /><testcase classname="tests.test_model.TestFontDiffuserModel" name="test_fontdiffuser_model_forward" time="0.011" /><testcase classname="tests.test_modules.TestUNet" name="test_unet_mock_forward" time="0.008" /><testcase classname="tests.test_tier1_shapes.TestGradientExplosion" name="test_gradient_magnitude_after_backward" time="0.044" /><testcase classname="tests.test_tier2_overfit.TestCheckpointingSaving" name="test_state_dict_save_load" time="0.418" /><testcase classname="tests.test_tier3_data_integrity.TestValidRangeValues" name="test_image_pixel_ranges" time="0.022" /><testcase classname="tests.test_kl_div" name="test_consistency_loss_behavior" time="0.332" /><testcase classname="tests.test_tier3_data_integrity.TestBatchesAgainstLabelLeakage" name="test_full_pipeline_no_leakage" time="0.122"><failure message="RuntimeError: stack expects each tensor to be equal size, but got [18432] at entry 0 and [9216] at entry 1">tests\test_tier3_data_integrity.py:373: in test_full_pipeline_no_leakage
    corr = torch.corrcoef(torch.stack([combined_flat[i], target_flat[i]]))[
                          ^^^^^^^^^^^^^^^^^^^^^^^^^^^^^^^^^^^^^^^^^^^^^^^
E   RuntimeError: stack expects each tensor to be equal size, but got [18432] at entry 0 and [9216] at entry 1</failure></testcase><testcase classname="tests.test_tier4_gradients.TestRecurrentGradients" name="test_transformer_like_gradients" time="0.281" /><testcase classname="tests.test_tier3_data_integrity.TestDataLoaderDeterminism" name="test_dataloader_same_seed_same_order" time="0.036" /><testcase classname="tests.test_tier3_data_integrity.TestDataLoaderDeterminism" name="test_dataloader_different_seed_different_order" time="0.033" /><testcase classname="tests.test_tier1_shapes.TestMultiScaleStyleEncoderShapes" name="test_msse_output_shapes[8-3]" time="0.522" /><testcase classname="tests.test_tier4_gradients.TestGradientStability" name="test_gradient_consistency_across_steps" time="0.145" /><testcase classname="tests.test_fst_integration.TestMSSEIntegration" name="test_msse_training_mode_variance" time="1.614" /><testcase classname="tests.test_tier1_shapes.TestMultiScaleStyleEncoderShapes" name="test_msse_variable_input_channels[1]" time="0.408" /><testcase classname="tests.test_tier4_gradients.TestGradientFlowComplex" name="test_cross_attention_gradients" time="0.006"><failure message="ImportError: cannot import name 'MultiHeadAttention' from 'src.modules.attention' (D:\school\fontdiffusion\src\modules\attention.py)">tests\test_tier4_gradients.py:138: in test_cross_attention_gradients
    from src.modules.attention import MultiHeadAttention
E   ImportError: cannot import name 'MultiHeadAttention' from 'src.modules.attention' (D:\school\fontdiffusion\src\modules\attention.py)</failure></testcase><testcase classname="tests.test_tier4_gradients.TestGradientAccumulation" name="test_gradient_accumulates_without_zero_grad" time="0.006" /><testcase classname="tests.test_tier4_gradients.TestGradientAccumulation" name="test_zero_grad_clears_gradients" time="0.008"><failure message="AttributeError: 'bool' object has no attribute 'all'">tests\test_tier4_gradients.py:293: in test_zero_grad_clears_gradients
    assert (model.weight.grad == 0).all()
           ^^^^^^^^^^^^^^^^^^^^^^^^^^^^
E   AttributeError: 'bool' object has no attribute 'all'</failure></testcase><testcase classname="tests.test_tier1_shapes.TestMultiScaleStyleEncoderShapes" name="test_msse_variable_input_channels[3]" time="0.649" /><testcase classname="tests.test_fst_integration.TestFSTOverfitting" name="test_fst_batch_overfitting" time="0.196"><failure message="TypeError: unsupported operand type(s) for +: 'Tensor' and 'AdaptivePositionalEncoding'">tests\test_fst_integration.py:349: in test_fst_batch_overfitting
    output = fst(source_features, target_features)
             ^^^^^^^^^^^^^^^^^^^^^^^^^^^^^^^^^^^^^
.venv\Lib\site-packages\torch\nn\modules\module.py:1775: in _wrapped_call_impl
    return self._call_impl(*args, **kwargs)
           ^^^^^^^^^^^^^^^^^^^^^^^^^^^^^^^^
.venv\Lib\site-packages\torch\nn\modules\module.py:1786: in _call_impl
    return forward_call(*args, **kwargs)
           ^^^^^^^^^^^^^^^^^^^^^^^^^^^^^
src\modules\fst.py:265: in forward
    f_src = f_src + pe
            ^^^^^^^^^^
E   TypeError: unsupported operand type(s) for +: 'Tensor' and 'AdaptivePositionalEncoding'</failure></testcase><testcase classname="tests.test_fst_integration.TestMSSEOverfitting" name="test_msse_can_memorize" time="2.091" /><testcase classname="tests.test_tier1_shapes.TestVGG16PerceptualLossShapes" name="test_vgg16_forward_pass" time="1.739" /><testcase classname="tests.test_tier2_overfit.TestLossDecreaseTrajectory" name="test_learning_rate_impact" time="0.437" /><testcase classname="tests.test_tier2_overfit.TestMultipleBackwardPasses" name="test_gradient_accumulation" time="0.022" /><testcase classname="tests.test_tier2_overfit.TestMultipleBackwardPasses" name="test_gradient_reset" time="0.024" /><testcase classname="tests.test_tier1_shapes.TestVGG16PerceptualLossShapes" name="test_content_perceptual_loss_shapes" time="0.984" /><testcase classname="tests.test_tier2_overfit.TestOverfitSingleBatch" name="test_encoder_overfits_batch" time="0.322" /><testcase classname="tests.test_tier2_overfit.TestOverfitSingleBatch" name="test_batch_norm_training_mode" time="0.149" /></testsuite></testsuites>